Epoch 1
Training
Epoch 1, batch 1, forward: 1.47020 s
Epoch 1, batch 1, backpropagation: 0.739 s
Epoch 1, batch 2, forward: 1.44073 s
Epoch 1, batch 2, backpropagation: 0.705 s
Epoch 1, batch 3, forward: 1.41871 s
Epoch 1, batch 3, backpropagation: 0.711 s
Epoch 1, batch 4, forward: 1.40086 s
Epoch 1, batch 4, backpropagation: 0.756 s
Epoch 1, batch 5, forward: 1.40717 s
Epoch 1, batch 5, backpropagation: 0.955 s
Epoch 1, batch 6, forward: 1.43011 s
Epoch 1, batch 6, backpropagation: 0.776 s
Epoch 1, batch 7, forward: 1.40376 s
Epoch 1, batch 7, backpropagation: 0.702 s
Epoch 1, batch 8, forward: 1.43260 s
Epoch 1, batch 8, backpropagation: 0.742 s
Epoch 1, batch 9, forward: 1.42481 s
Epoch 1, batch 9, backpropagation: 0.778 s
Epoch 1, batch 10, forward: 1.42337 s
Epoch 1, batch 10, backpropagation: 0.740 s
Epoch 1, batch 11, forward: 1.44447 s
Epoch 1, batch 11, backpropagation: 0.751 s
Epoch 1, batch 12, forward: 1.44094 s
Epoch 1, batch 12, backpropagation: 0.741 s
Epoch 1, batch 13, forward: 1.43241 s
Epoch 1, batch 13, backpropagation: 0.805 s
Epoch 1, batch 14, forward: 1.46504 s
Epoch 1, batch 14, backpropagation: 0.748 s
Epoch 1, batch 15, forward: 1.44862 s
Epoch 1, batch 15, backpropagation: 0.809 s
Epoch 1, batch 16, forward: 1.44283 s
Epoch 1, batch 16, backpropagation: 0.786 s
Epoch 1, batch 17, forward: 1.43243 s
Epoch 1, batch 17, backpropagation: 0.794 s
Epoch 1, batch 18, forward: 1.45695 s
Epoch 1, batch 18, backpropagation: 0.805 s
Epoch 1, batch 19, forward: 1.45475 s
Epoch 1, batch 19, backpropagation: 0.796 s
Epoch 1, batch 20, forward: 1.44116 s
Epoch 1, batch 20, backpropagation: 0.781 s
Epoch 1, batch 21, forward: 1.44362 s
Epoch 1, batch 21, backpropagation: 0.711 s
Epoch 1, batch 22, forward: 1.42671 s
Epoch 1, batch 22, backpropagation: 0.741 s
Epoch 1, batch 23, forward: 1.40560 s
Epoch 1, batch 23, backpropagation: 0.701 s
Epoch 1, batch 24, forward: 1.45013 s
Epoch 1, batch 24, backpropagation: 0.772 s
Epoch 1, batch 25, forward: 1.41669 s
Epoch 1, batch 25, backpropagation: 0.777 s
Epoch 1, batch 26, forward: 1.42092 s
Epoch 1, batch 26, backpropagation: 0.821 s
Epoch 1, batch 27, forward: 1.41942 s
Epoch 1, batch 27, backpropagation: 0.813 s
Epoch 1, batch 28, forward: 1.45349 s
Epoch 1, batch 28, backpropagation: 0.976 s
Epoch 1, batch 29, forward: 1.45244 s
Epoch 1, batch 29, backpropagation: 0.984 s
Epoch 1, batch 30, forward: 1.41417 s
Epoch 1, batch 30, backpropagation: 0.947 s
Epoch 1, batch 31, forward: 1.41496 s
Epoch 1, batch 31, backpropagation: 0.807 s
Epoch 1, batch 32, forward: 1.41683 s
Epoch 1, batch 32, backpropagation: 0.920 s
Epoch 1, batch 33, forward: 1.41279 s
Epoch 1, batch 33, backpropagation: 0.732 s
Epoch 1, batch 34, forward: 1.46820 s
Epoch 1, batch 34, backpropagation: 0.784 s
Epoch 1, batch 35, forward: 1.42228 s
Epoch 1, batch 35, backpropagation: 0.718 s
Epoch 1, batch 36, forward: 1.44357 s
Epoch 1, batch 36, backpropagation: 0.713 s
Epoch 1, batch 37, forward: 1.47652 s
Epoch 1, batch 37, backpropagation: 0.742 s
Epoch 1, batch 38, forward: 1.47725 s
Epoch 1, batch 38, backpropagation: 0.746 s
Epoch 1, batch 39, forward: 1.45586 s
Epoch 1, batch 39, backpropagation: 0.778 s
Epoch 1, batch 40, forward: 1.44495 s
Epoch 1, batch 40, backpropagation: 0.863 s
Epoch 1, batch 41, forward: 1.49452 s
Epoch 1, batch 41, backpropagation: 0.814 s
Epoch 1, batch 42, forward: 1.44852 s
Epoch 1, batch 42, backpropagation: 0.760 s
Epoch 1, batch 43, forward: 1.41134 s
Epoch 1, batch 43, backpropagation: 0.732 s
Epoch 1, batch 44, forward: 1.41060 s
Epoch 1, batch 44, backpropagation: 0.755 s
Epoch 1, batch 45, forward: 1.40998 s
Epoch 1, batch 45, backpropagation: 0.820 s
Epoch 1, batch 46, forward: 1.43288 s
Epoch 1, batch 46, backpropagation: 0.710 s
Epoch 1, batch 47, forward: 1.44706 s
Epoch 1, batch 47, backpropagation: 0.771 s
Epoch 1, batch 48, forward: 1.41104 s
Epoch 1, batch 48, backpropagation: 0.726 s
Epoch 1, batch 49, forward: 1.40267 s
Epoch 1, batch 49, backpropagation: 0.730 s
Epoch 1, batch 50, forward: 1.45639 s
Epoch 1, batch 50, backpropagation: 0.733 s
Epoch 1, batch 51, forward: 1.40848 s
Epoch 1, batch 51, backpropagation: 0.841 s
Epoch 1, batch 52, forward: 1.44312 s
Epoch 1, batch 52, backpropagation: 0.808 s
Epoch 1, batch 53, forward: 1.43032 s
Epoch 1, batch 53, backpropagation: 0.768 s
Epoch 1, batch 54, forward: 1.50155 s
Epoch 1, batch 54, backpropagation: 0.741 s
Epoch 1, batch 55, forward: 1.48510 s
Epoch 1, batch 55, backpropagation: 0.750 s
Epoch 1, batch 56, forward: 1.48431 s
Epoch 1, batch 56, backpropagation: 0.748 s
Epoch 1, batch 57, forward: 1.48900 s
Epoch 1, batch 57, backpropagation: 0.751 s
Epoch 1, batch 58, forward: 1.49430 s
Epoch 1, batch 58, backpropagation: 0.753 s
Epoch 1, batch 59, forward: 1.49720 s
Epoch 1, batch 59, backpropagation: 0.754 s
Epoch 1, batch 60, forward: 1.48785 s
Epoch 1, batch 60, backpropagation: 0.738 s
Epoch 1, batch 61, forward: 1.42437 s
Epoch 1, batch 61, backpropagation: 0.805 s
Epoch 1, batch 62, forward: 1.47414 s
Epoch 1, batch 62, backpropagation: 0.742 s
Epoch 1, batch 63, forward: 1.48122 s
Epoch 1, batch 63, backpropagation: 0.708 s
Epoch 1, batch 64, forward: 1.42723 s
Epoch 1, batch 64, backpropagation: 0.743 s
Epoch 1, batch 65, forward: 1.42225 s
Epoch 1, batch 65, backpropagation: 0.716 s
Epoch 1, batch 66, forward: 1.43388 s
Epoch 1, batch 66, backpropagation: 0.730 s
Epoch 1, batch 67, forward: 1.42169 s
Epoch 1, batch 67, backpropagation: 0.707 s
Epoch 1, batch 68, forward: 1.41559 s
Epoch 1, batch 68, backpropagation: 0.699 s
Epoch 1, batch 69, forward: 1.39271 s
Epoch 1, batch 69, backpropagation: 0.742 s
Epoch 1, batch 70, forward: 1.42537 s
Epoch 1, batch 70, backpropagation: 0.715 s
Epoch 1, batch 71, forward: 1.44374 s
Epoch 1, batch 71, backpropagation: 0.744 s
Epoch 1, batch 72, forward: 1.43564 s
Epoch 1, batch 72, backpropagation: 0.725 s
Epoch 1, batch 73, forward: 1.41487 s
Epoch 1, batch 73, backpropagation: 0.704 s
Epoch 1, batch 74, forward: 1.45340 s
Epoch 1, batch 74, backpropagation: 0.717 s
Epoch 1, batch 75, forward: 1.45460 s
Epoch 1, batch 75, backpropagation: 0.778 s
Epoch 1, batch 76, forward: 1.44063 s
Epoch 1, batch 76, backpropagation: 0.801 s
Epoch 1, batch 77, forward: 1.45641 s
Epoch 1, batch 77, backpropagation: 0.783 s
Epoch 1, batch 78, forward: 1.40964 s
Epoch 1, batch 78, backpropagation: 0.726 s
Epoch 1, batch 79, forward: 1.43352 s
Epoch 1, batch 79, backpropagation: 0.823 s
Epoch 1, batch 80, forward: 1.41962 s
Epoch 1, batch 80, backpropagation: 0.725 s
Epoch 1, batch 81, forward: 1.40818 s
Epoch 1, batch 81, backpropagation: 0.731 s
Epoch 1, batch 82, forward: 1.44855 s
Epoch 1, batch 82, backpropagation: 0.720 s
Epoch 1, batch 83, forward: 1.42386 s
Epoch 1, batch 83, backpropagation: 0.729 s
Epoch 1, batch 84, forward: 1.41423 s
Epoch 1, batch 84, backpropagation: 0.727 s
Epoch 1, batch 85, forward: 1.43227 s
Epoch 1, batch 85, backpropagation: 0.735 s
Epoch 1, batch 86, forward: 1.44345 s
Epoch 1, batch 86, backpropagation: 0.717 s
Epoch 1, batch 87, forward: 1.43235 s
Epoch 1, batch 87, backpropagation: 0.707 s
Epoch 1, batch 88, forward: 1.41956 s
Epoch 1, batch 88, backpropagation: 0.725 s
Epoch 1, batch 89, forward: 1.41626 s
Epoch 1, batch 89, backpropagation: 0.733 s
Epoch 1, batch 90, forward: 1.42065 s
Epoch 1, batch 90, backpropagation: 0.716 s
Epoch 1, batch 91, forward: 1.43153 s
Epoch 1, batch 91, backpropagation: 0.760 s
Epoch 1, batch 92, forward: 1.41879 s
Epoch 1, batch 92, backpropagation: 0.811 s
Epoch 1, batch 93, forward: 1.45044 s
Epoch 1, batch 93, backpropagation: 0.726 s
Epoch 1, batch 94, forward: 1.43254 s
Epoch 1, batch 94, backpropagation: 0.753 s
Epoch 1, batch 95, forward: 1.43636 s
Epoch 1, batch 95, backpropagation: 0.710 s
Epoch 1, batch 96, forward: 1.42693 s
Epoch 1, batch 96, backpropagation: 0.708 s
Epoch 1, batch 97, forward: 1.42095 s
Epoch 1, batch 97, backpropagation: 0.710 s
Epoch 1, batch 98, forward: 1.41766 s
Epoch 1, batch 98, backpropagation: 0.711 s
Epoch 1, batch 99, forward: 1.46149 s
Epoch 1, batch 99, backpropagation: 0.758 s
Epoch 1, batch 100, forward: 1.45775 s
Epoch 1, batch 100, backpropagation: 0.726 s
Epoch 1, batch 101, forward: 1.43894 s
Epoch 1, batch 101, backpropagation: 0.720 s
Epoch 1, batch 102, forward: 1.43926 s
Epoch 1, batch 102, backpropagation: 0.715 s
Epoch 1, batch 103, forward: 1.41323 s
Epoch 1, batch 103, backpropagation: 0.754 s
Epoch 1, batch 104, forward: 1.41176 s
Epoch 1, batch 104, backpropagation: 0.722 s
Epoch 1, batch 105, forward: 1.46411 s
Epoch 1, batch 105, backpropagation: 0.728 s
Epoch 1, batch 106, forward: 1.43278 s
Epoch 1, batch 106, backpropagation: 0.724 s
Epoch 1, batch 107, forward: 1.42567 s
Epoch 1, batch 107, backpropagation: 0.735 s
Epoch 1, batch 108, forward: 1.42441 s
Epoch 1, batch 108, backpropagation: 0.804 s
Epoch 1, batch 109, forward: 1.44797 s
Epoch 1, batch 109, backpropagation: 0.758 s
Epoch 1, batch 110, forward: 1.43198 s
Epoch 1, batch 110, backpropagation: 0.776 s
Epoch 1, batch 111, forward: 1.40565 s
Epoch 1, batch 111, backpropagation: 0.712 s
Epoch 1, batch 112, forward: 1.46014 s
Epoch 1, batch 112, backpropagation: 0.708 s
Epoch 1, batch 113, forward: 1.44453 s
Epoch 1, batch 113, backpropagation: 0.713 s
Epoch 1, batch 114, forward: 1.41584 s
Epoch 1, batch 114, backpropagation: 0.708 s
Epoch 1, batch 115, forward: 1.40599 s
Epoch 1, batch 115, backpropagation: 0.712 s
Epoch 1, batch 116, forward: 1.43275 s
Epoch 1, batch 116, backpropagation: 0.732 s
Epoch 1, batch 117, forward: 1.40848 s
Epoch 1, batch 117, backpropagation: 0.722 s
Epoch 1, batch 118, forward: 1.42745 s
Epoch 1, batch 118, backpropagation: 0.713 s
Epoch 1, batch 119, forward: 1.43590 s
Epoch 1, batch 119, backpropagation: 0.709 s
Epoch 1, batch 120, forward: 1.44025 s
Epoch 1, batch 120, backpropagation: 0.830 s
Epoch 1, batch 121, forward: 1.44795 s
Epoch 1, batch 121, backpropagation: 0.715 s
Epoch 1, batch 122, forward: 1.45226 s
Epoch 1, batch 122, backpropagation: 0.753 s
Epoch 1, batch 123, forward: 1.44044 s
Epoch 1, batch 123, backpropagation: 0.729 s
Epoch 1, batch 124, forward: 1.40291 s
Epoch 1, batch 124, backpropagation: 0.772 s
Epoch 1, batch 125, forward: 1.42313 s
Epoch 1, batch 125, backpropagation: 0.723 s
Epoch 1, batch 126, forward: 1.41408 s
Epoch 1, batch 126, backpropagation: 0.787 s
Epoch 1, batch 127, forward: 1.40906 s
Epoch 1, batch 127, backpropagation: 0.725 s
Epoch 1, batch 128, forward: 1.39871 s
Epoch 1, batch 128, backpropagation: 0.762 s
Epoch 1, batch 129, forward: 1.45811 s
Epoch 1, batch 129, backpropagation: 0.736 s
Epoch 1, batch 130, forward: 1.44345 s
Epoch 1, batch 130, backpropagation: 0.720 s
Epoch 1, batch 131, forward: 1.44860 s
Epoch 1, batch 131, backpropagation: 0.772 s
Epoch 1, batch 132, forward: 1.42902 s
Epoch 1, batch 132, backpropagation: 0.729 s
Epoch 1, batch 133, forward: 1.42987 s
Epoch 1, batch 133, backpropagation: 0.710 s
Epoch 1, batch 134, forward: 1.40773 s
Epoch 1, batch 134, backpropagation: 0.747 s
Epoch 1, batch 135, forward: 1.40304 s
Epoch 1, batch 135, backpropagation: 0.759 s
Epoch 1, batch 136, forward: 1.40996 s
Epoch 1, batch 136, backpropagation: 0.712 s
Epoch 1, batch 137, forward: 1.40570 s
Epoch 1, batch 137, backpropagation: 0.698 s
Epoch 1, batch 138, forward: 1.39658 s
Epoch 1, batch 138, backpropagation: 0.716 s
Epoch 1, batch 139, forward: 1.40677 s
Epoch 1, batch 139, backpropagation: 0.766 s
Epoch 1, batch 140, forward: 1.40087 s
Epoch 1, batch 140, backpropagation: 0.703 s
Epoch 1, batch 141, forward: 1.43079 s
Epoch 1, batch 141, backpropagation: 0.719 s
Epoch 1, batch 142, forward: 1.46825 s
Epoch 1, batch 142, backpropagation: 0.901 s
Epoch 1, batch 143, forward: 1.47337 s
Epoch 1, batch 143, backpropagation: 0.764 s
Epoch 1, batch 144, forward: 1.42832 s
Epoch 1, batch 144, backpropagation: 0.711 s
Epoch 1, batch 145, forward: 1.43871 s
Epoch 1, batch 145, backpropagation: 0.709 s
Epoch 1, batch 146, forward: 1.43307 s
Epoch 1, batch 146, backpropagation: 0.811 s
Epoch 1, batch 147, forward: 1.41443 s
Epoch 1, batch 147, backpropagation: 0.699 s
Epoch 1, batch 148, forward: 1.40369 s
Epoch 1, batch 148, backpropagation: 0.716 s
Epoch 1, batch 149, forward: 1.40452 s
Epoch 1, batch 149, backpropagation: 0.716 s
Epoch 1, batch 150, forward: 1.46417 s
Epoch 1, batch 150, backpropagation: 0.713 s
Epoch 1, batch 151, forward: 1.44024 s
Epoch 1, batch 151, backpropagation: 0.723 s
Epoch 1, batch 152, forward: 1.45218 s
Epoch 1, batch 152, backpropagation: 0.725 s
Epoch 1, batch 153, forward: 1.42854 s
Epoch 1, batch 153, backpropagation: 0.715 s
Epoch 1, batch 154, forward: 1.40407 s
Epoch 1, batch 154, backpropagation: 0.719 s
Epoch 1, batch 155, forward: 1.41333 s
Epoch 1, batch 155, backpropagation: 0.774 s
Epoch 1, batch 156, forward: 1.40374 s
Epoch 1, batch 156, backpropagation: 0.797 s
Epoch 1, batch 157, forward: 1.43803 s
Epoch 1, batch 157, backpropagation: 0.701 s
Epoch 1, batch 158, forward: 1.40755 s
Epoch 1, batch 158, backpropagation: 0.763 s
Epoch 1, batch 159, forward: 1.40021 s
Epoch 1, batch 159, backpropagation: 0.749 s
Epoch 1, batch 160, forward: 1.41351 s
Epoch 1, batch 160, backpropagation: 0.787 s
Epoch 1, batch 161, forward: 1.44024 s
Epoch 1, batch 161, backpropagation: 0.772 s
Epoch 1, batch 162, forward: 1.43115 s
Epoch 1, batch 162, backpropagation: 0.781 s
Epoch 1, batch 163, forward: 1.44551 s
Epoch 1, batch 163, backpropagation: 0.736 s
Epoch 1, batch 164, forward: 1.44038 s
Epoch 1, batch 164, backpropagation: 0.713 s
Epoch 1, batch 165, forward: 1.44542 s
Epoch 1, batch 165, backpropagation: 0.733 s
Epoch 1, batch 166, forward: 1.45167 s
Epoch 1, batch 166, backpropagation: 0.734 s
Epoch 1, batch 167, forward: 1.48196 s
Epoch 1, batch 167, backpropagation: 0.762 s
Epoch 1, batch 168, forward: 1.44114 s
Epoch 1, batch 168, backpropagation: 0.716 s
Epoch 1, batch 169, forward: 1.43109 s
Epoch 1, batch 169, backpropagation: 0.713 s
Epoch 1, batch 170, forward: 1.42061 s
Epoch 1, batch 170, backpropagation: 0.741 s
Epoch 1, batch 171, forward: 1.43715 s
Epoch 1, batch 171, backpropagation: 0.744 s
Epoch 1, batch 172, forward: 1.42118 s
Epoch 1, batch 172, backpropagation: 0.739 s
Epoch 1, batch 173, forward: 1.44381 s
Epoch 1, batch 173, backpropagation: 0.747 s
Epoch 1, batch 174, forward: 1.41744 s
Epoch 1, batch 174, backpropagation: 0.720 s
Epoch 1, batch 175, forward: 1.45649 s
Epoch 1, batch 175, backpropagation: 0.722 s
Epoch 1, batch 176, forward: 1.43688 s
Epoch 1, batch 176, backpropagation: 0.770 s
Epoch 1, batch 177, forward: 1.40751 s
Epoch 1, batch 177, backpropagation: 0.706 s
Epoch 1, batch 178, forward: 1.41790 s
Epoch 1, batch 178, backpropagation: 0.793 s
Epoch 1, batch 179, forward: 1.44218 s
Epoch 1, batch 179, backpropagation: 0.764 s
Epoch 1, batch 180, forward: 1.42594 s
Epoch 1, batch 180, backpropagation: 0.734 s
Epoch 1, batch 181, forward: 1.44062 s
Epoch 1, batch 181, backpropagation: 0.793 s
Epoch 1, batch 182, forward: 1.42240 s
Epoch 1, batch 182, backpropagation: 0.745 s
Epoch 1, batch 183, forward: 1.46290 s
Epoch 1, batch 183, backpropagation: 0.733 s
Epoch 1, batch 184, forward: 1.44883 s
Epoch 1, batch 184, backpropagation: 0.835 s
Epoch 1, batch 185, forward: 1.44217 s
Epoch 1, batch 185, backpropagation: 0.721 s
Epoch 1, batch 186, forward: 1.43498 s
Epoch 1, batch 186, backpropagation: 0.714 s
Epoch 1, batch 187, forward: 1.44095 s
Epoch 1, batch 187, backpropagation: 0.732 s
Epoch 1, batch 188, forward: 1.43636 s
Epoch 1, batch 188, backpropagation: 0.714 s
Epoch 1, batch 189, forward: 1.45193 s
Epoch 1, batch 189, backpropagation: 0.752 s
Epoch 1, batch 190, forward: 1.03047 s
Epoch 1, batch 190, backpropagation: 0.527 s
Validation: 
Epoch 1, batch 0, forward: 1.71522 s
Epoch 1, batch 0, backpropagation: 1.715 s
Epoch 1, batch 1, forward: 1.51986 s
Epoch 1, batch 1, backpropagation: 1.520 s
Epoch 1, batch 2, forward: 1.51815 s
Epoch 1, batch 2, backpropagation: 1.518 s
Epoch 1, batch 3, forward: 1.50116 s
Epoch 1, batch 3, backpropagation: 1.501 s
Epoch 1, batch 4, forward: 1.45570 s
Epoch 1, batch 4, backpropagation: 1.456 s
Epoch 1, batch 5, forward: 1.46326 s
Epoch 1, batch 5, backpropagation: 1.463 s
Epoch 1, batch 6, forward: 1.46909 s
Epoch 1, batch 6, backpropagation: 1.469 s
Epoch 1, batch 7, forward: 1.46025 s
Epoch 1, batch 7, backpropagation: 1.460 s
Epoch 1, batch 8, forward: 1.45813 s
Epoch 1, batch 8, backpropagation: 1.458 s
Epoch 1, batch 9, forward: 1.47478 s
Epoch 1, batch 9, backpropagation: 1.475 s
Epoch 1, batch 10, forward: 1.46509 s
Epoch 1, batch 10, backpropagation: 1.465 s
Epoch 1, batch 11, forward: 1.49665 s
Epoch 1, batch 11, backpropagation: 1.497 s
Epoch 1, batch 12, forward: 1.48035 s
Epoch 1, batch 12, backpropagation: 1.480 s
Epoch 1, batch 13, forward: 1.47759 s
Epoch 1, batch 13, backpropagation: 1.478 s
Epoch 1, batch 14, forward: 1.46976 s
Epoch 1, batch 14, backpropagation: 1.470 s
Epoch 1, batch 15, forward: 1.49188 s
Epoch 1, batch 15, backpropagation: 1.492 s
Epoch 1, batch 16, forward: 1.51076 s
Epoch 1, batch 16, backpropagation: 1.511 s
Epoch 1, batch 17, forward: 1.47445 s
Epoch 1, batch 17, backpropagation: 1.474 s
Epoch 1, batch 18, forward: 1.47693 s
Epoch 1, batch 18, backpropagation: 1.477 s
Epoch 1, batch 19, forward: 1.47512 s
Epoch 1, batch 19, backpropagation: 1.475 s
Epoch 1, batch 20, forward: 1.46437 s
Epoch 1, batch 20, backpropagation: 1.464 s
Epoch 1, batch 21, forward: 1.45429 s
Epoch 1, batch 21, backpropagation: 1.454 s
Epoch 1, batch 22, forward: 1.46695 s
Epoch 1, batch 22, backpropagation: 1.467 s
Epoch 1, batch 23, forward: 1.04993 s
Epoch 1, batch 23, backpropagation: 1.050 s
epoch 1 elapsed: 456.185 s
Epoch 2
Training
Epoch 2, batch 1, forward: 1.45299 s
Epoch 2, batch 1, backpropagation: 0.786 s
Epoch 2, batch 2, forward: 1.43401 s
Epoch 2, batch 2, backpropagation: 0.764 s
Epoch 2, batch 3, forward: 1.40575 s
Epoch 2, batch 3, backpropagation: 0.741 s
Epoch 2, batch 4, forward: 1.44482 s
Epoch 2, batch 4, backpropagation: 0.736 s
Epoch 2, batch 5, forward: 1.44725 s
