NNMD v0.1.0

---Neural network parameters---
device:                             cuda
training epochs:                    200
batch size:                         500
optimizer:                          AdamW
loss function:                      MSELoss
energies loss function coefficient: 1.0
forces loss function coefficient:   0.01
learning rate:                      0.1
scheduler:                          ExponentialLR
L2 regularization coefficient:      0.0001


----Atomic NNs parameters----
input sizes (number of descriptors): [14]
hidden sizes:                        [[64, 64]]


---Dataset parameters---
Training sample size:   18971
Validation sample size: 2371
Test sample size:       2372


Epoch 1: training: MSE E = 1.430692e+03, MSE F = 3.943956e-04, MSE total = 1.430693e+03 eV
Epoch 1: validation: MSE E = 4.552853e+00, MSE F = 1.100727e-03, MSE total = 4.553953e+00 eV
Learning rate changed to 0.099
Epoch 2: training: MSE E = 1.625321e+00, MSE F = 8.749681e-04, MSE total = 1.626196e+00 eV
Epoch 2: validation: MSE E = 1.667599e-01, MSE F = 7.969884e-04, MSE total = 1.675569e-01 eV
Learning rate changed to 0.09801
Epoch 3: training: MSE E = 5.415055e-02, MSE F = 8.212380e-04, MSE total = 5.497180e-02 eV
Epoch 3: validation: MSE E = 3.306543e-02, MSE F = 8.180551e-04, MSE total = 3.388349e-02 eV
Learning rate changed to 0.0970299
Epoch 4: training: MSE E = 3.026320e-02, MSE F = 8.156006e-04, MSE total = 3.107881e-02 eV
Epoch 4: validation: MSE E = 3.038850e-02, MSE F = 8.193827e-04, MSE total = 3.120789e-02 eV
Learning rate changed to 0.096059601
Epoch 5: training: MSE E = 2.968098e-02, MSE F = 8.129852e-04, MSE total = 3.049396e-02 eV
Epoch 5: validation: MSE E = 3.017641e-02, MSE F = 8.193146e-04, MSE total = 3.099573e-02 eV
Learning rate changed to 0.09509900499
Epoch 6: training: MSE E = 2.959926e-02, MSE F = 8.102895e-04, MSE total = 3.040955e-02 eV
Epoch 6: validation: MSE E = 3.021296e-02, MSE F = 8.162503e-04, MSE total = 3.102921e-02 eV
Learning rate changed to 0.0941480149401
Epoch 7: training: MSE E = 2.945014e-02, MSE F = 8.074800e-04, MSE total = 3.025762e-02 eV
Epoch 7: validation: MSE E = 3.014417e-02, MSE F = 8.133033e-04, MSE total = 3.095747e-02 eV
Learning rate changed to 0.093206534790699
Epoch 8: training: MSE E = 2.937541e-02, MSE F = 8.046079e-04, MSE total = 3.018002e-02 eV
Epoch 8: validation: MSE E = 3.002538e-02, MSE F = 8.075871e-04, MSE total = 3.083296e-02 eV
Learning rate changed to 0.09227446944279201
Epoch 9: training: MSE E = 2.927498e-02, MSE F = 8.010950e-04, MSE total = 3.007608e-02 eV
Epoch 9: validation: MSE E = 2.974723e-02, MSE F = 8.066645e-04, MSE total = 3.055389e-02 eV
Learning rate changed to 0.09135172474836409
Epoch 10: training: MSE E = 2.913978e-02, MSE F = 7.978540e-04, MSE total = 2.993763e-02 eV
Epoch 10: validation: MSE E = 2.964378e-02, MSE F = 8.023220e-04, MSE total = 3.044610e-02 eV
Learning rate changed to 0.09043820750088044
Epoch 11: training: MSE E = 2.902477e-02, MSE F = 7.944902e-04, MSE total = 2.981927e-02 eV
Epoch 11: validation: MSE E = 2.974932e-02, MSE F = 7.999609e-04, MSE total = 3.054928e-02 eV
Learning rate changed to 0.08953382542587164
Epoch 12: training: MSE E = 2.894651e-02, MSE F = 7.908073e-04, MSE total = 2.973731e-02 eV
Epoch 12: validation: MSE E = 2.951911e-02, MSE F = 7.965862e-04, MSE total = 3.031570e-02 eV
Learning rate changed to 0.08863848717161292
Epoch 13: training: MSE E = 2.881433e-02, MSE F = 7.873224e-04, MSE total = 2.960166e-02 eV
Epoch 13: validation: MSE E = 2.954448e-02, MSE F = 7.925682e-04, MSE total = 3.033704e-02 eV
Learning rate changed to 0.08775210229989679
Epoch 14: training: MSE E = 2.877123e-02, MSE F = 7.835416e-04, MSE total = 2.955477e-02 eV
Epoch 14: validation: MSE E = 2.908413e-02, MSE F = 7.875780e-04, MSE total = 2.987171e-02 eV
Learning rate changed to 0.08687458127689782
Epoch 15: training: MSE E = 2.858175e-02, MSE F = 7.797300e-04, MSE total = 2.936148e-02 eV
Epoch 15: validation: MSE E = 2.912509e-02, MSE F = 7.839483e-04, MSE total = 2.990904e-02 eV
Learning rate changed to 0.08600583546412884
Epoch 16: training: MSE E = 2.841154e-02, MSE F = 7.758219e-04, MSE total = 2.918736e-02 eV
Epoch 16: validation: MSE E = 2.898469e-02, MSE F = 7.802785e-04, MSE total = 2.976497e-02 eV
Learning rate changed to 0.08514577710948755
Epoch 17: training: MSE E = 2.830116e-02, MSE F = 7.717758e-04, MSE total = 2.907294e-02 eV
Epoch 17: validation: MSE E = 2.884365e-02, MSE F = 7.759533e-04, MSE total = 2.961960e-02 eV
Learning rate changed to 0.08429431933839267
Epoch 18: training: MSE E = 2.814587e-02, MSE F = 7.678041e-04, MSE total = 2.891367e-02 eV
Epoch 18: validation: MSE E = 2.860091e-02, MSE F = 7.715881e-04, MSE total = 2.937250e-02 eV
Learning rate changed to 0.08345137614500873
Epoch 19: training: MSE E = 2.805934e-02, MSE F = 7.637921e-04, MSE total = 2.882314e-02 eV
Epoch 19: validation: MSE E = 2.863863e-02, MSE F = 7.658102e-04, MSE total = 2.940444e-02 eV
Learning rate changed to 0.08261686238355864
Epoch 20: training: MSE E = 2.802106e-02, MSE F = 7.594443e-04, MSE total = 2.878051e-02 eV
Epoch 20: validation: MSE E = 2.833569e-02, MSE F = 7.630294e-04, MSE total = 2.909872e-02 eV
Learning rate changed to 0.08179069375972306
Epoch 21: training: MSE E = 2.781873e-02, MSE F = 7.554292e-04, MSE total = 2.857416e-02 eV
Epoch 21: validation: MSE E = 2.829821e-02, MSE F = 7.600241e-04, MSE total = 2.905824e-02 eV
Learning rate changed to 0.08097278682212583
Epoch 22: training: MSE E = 2.770152e-02, MSE F = 7.511663e-04, MSE total = 2.845269e-02 eV
Epoch 22: validation: MSE E = 2.836839e-02, MSE F = 7.531439e-04, MSE total = 2.912153e-02 eV
Learning rate changed to 0.08016305895390458
Epoch 23: training: MSE E = 2.763465e-02, MSE F = 7.467006e-04, MSE total = 2.838135e-02 eV
Epoch 23: validation: MSE E = 2.797154e-02, MSE F = 7.507810e-04, MSE total = 2.872232e-02 eV
Learning rate changed to 0.07936142836436554
Epoch 24: training: MSE E = 2.746957e-02, MSE F = 7.425657e-04, MSE total = 2.821214e-02 eV
Epoch 24: validation: MSE E = 2.821217e-02, MSE F = 7.470685e-04, MSE total = 2.895924e-02 eV
Learning rate changed to 0.07856781408072187
Epoch 25: training: MSE E = 2.721778e-02, MSE F = 7.382414e-04, MSE total = 2.795602e-02 eV
Epoch 25: validation: MSE E = 2.765616e-02, MSE F = 7.407930e-04, MSE total = 2.839696e-02 eV
Learning rate changed to 0.07778213593991465
Epoch 26: training: MSE E = 2.708335e-02, MSE F = 7.336852e-04, MSE total = 2.781704e-02 eV
Epoch 26: validation: MSE E = 2.736141e-02, MSE F = 7.375185e-04, MSE total = 2.809893e-02 eV
Learning rate changed to 0.0770043145805155
Epoch 27: training: MSE E = 2.686155e-02, MSE F = 7.293086e-04, MSE total = 2.759087e-02 eV
Epoch 27: validation: MSE E = 2.745285e-02, MSE F = 7.338046e-04, MSE total = 2.818666e-02 eV
Learning rate changed to 0.07623427143471034
Epoch 28: training: MSE E = 2.688185e-02, MSE F = 7.250002e-04, MSE total = 2.760685e-02 eV
Epoch 28: validation: MSE E = 2.752807e-02, MSE F = 7.292943e-04, MSE total = 2.825737e-02 eV
Learning rate changed to 0.07547192872036323
Epoch 29: training: MSE E = 2.673772e-02, MSE F = 7.204448e-04, MSE total = 2.745816e-02 eV
Epoch 29: validation: MSE E = 2.713672e-02, MSE F = 7.223426e-04, MSE total = 2.785906e-02 eV
Learning rate changed to 0.0747172094331596
Epoch 30: training: MSE E = 2.640133e-02, MSE F = 7.160720e-04, MSE total = 2.711739e-02 eV
Epoch 30: validation: MSE E = 2.683500e-02, MSE F = 7.193002e-04, MSE total = 2.755430e-02 eV
Learning rate changed to 0.073970037338828
Epoch 31: training: MSE E = 2.625507e-02, MSE F = 7.115467e-04, MSE total = 2.696661e-02 eV
Epoch 31: validation: MSE E = 2.673907e-02, MSE F = 7.148164e-04, MSE total = 2.745389e-02 eV
Learning rate changed to 0.07323033696543972
Epoch 32: training: MSE E = 2.612671e-02, MSE F = 7.071708e-04, MSE total = 2.683388e-02 eV
Epoch 32: validation: MSE E = 2.664257e-02, MSE F = 7.106479e-04, MSE total = 2.735322e-02 eV
Learning rate changed to 0.07249803359578533
Epoch 33: training: MSE E = 2.605370e-02, MSE F = 7.025477e-04, MSE total = 2.675626e-02 eV
Epoch 33: validation: MSE E = 2.676111e-02, MSE F = 7.076666e-04, MSE total = 2.746878e-02 eV
Learning rate changed to 0.07177305325982747
Epoch 34: training: MSE E = 2.580221e-02, MSE F = 6.980739e-04, MSE total = 2.650028e-02 eV
Epoch 34: validation: MSE E = 2.630062e-02, MSE F = 7.023438e-04, MSE total = 2.700297e-02 eV
Learning rate changed to 0.0710553227272292
Epoch 35: training: MSE E = 2.566724e-02, MSE F = 6.935176e-04, MSE total = 2.636075e-02 eV
Epoch 35: validation: MSE E = 2.634092e-02, MSE F = 6.977441e-04, MSE total = 2.703866e-02 eV
Learning rate changed to 0.07034476949995691
Epoch 36: training: MSE E = 2.549396e-02, MSE F = 6.890947e-04, MSE total = 2.618305e-02 eV
Epoch 36: validation: MSE E = 2.597480e-02, MSE F = 6.932248e-04, MSE total = 2.666803e-02 eV
Learning rate changed to 0.06964132180495734
Epoch 37: training: MSE E = 2.533773e-02, MSE F = 6.846313e-04, MSE total = 2.602236e-02 eV
Epoch 37: validation: MSE E = 2.575074e-02, MSE F = 6.876228e-04, MSE total = 2.643836e-02 eV
Learning rate changed to 0.06894490858690777
Epoch 38: training: MSE E = 2.517211e-02, MSE F = 6.799839e-04, MSE total = 2.585210e-02 eV
Epoch 38: validation: MSE E = 2.578305e-02, MSE F = 6.839448e-04, MSE total = 2.646699e-02 eV
Learning rate changed to 0.06825545950103869
Epoch 39: training: MSE E = 2.508539e-02, MSE F = 6.755589e-04, MSE total = 2.576095e-02 eV
Epoch 39: validation: MSE E = 2.543231e-02, MSE F = 6.773565e-04, MSE total = 2.610967e-02 eV
Learning rate changed to 0.0675729049060283
Epoch 40: training: MSE E = 2.513734e-02, MSE F = 6.709966e-04, MSE total = 2.580833e-02 eV
Epoch 40: validation: MSE E = 2.523598e-02, MSE F = 6.731408e-04, MSE total = 2.590911e-02 eV
Learning rate changed to 0.06689717585696801
Epoch 41: training: MSE E = 2.467547e-02, MSE F = 6.664795e-04, MSE total = 2.534195e-02 eV
Epoch 41: validation: MSE E = 2.515002e-02, MSE F = 6.702591e-04, MSE total = 2.582028e-02 eV
Learning rate changed to 0.06622820409839833
Epoch 42: training: MSE E = 2.453621e-02, MSE F = 6.620799e-04, MSE total = 2.519829e-02 eV
Epoch 42: validation: MSE E = 2.504764e-02, MSE F = 6.649609e-04, MSE total = 2.571260e-02 eV
Learning rate changed to 0.06556592205741435
Epoch 43: training: MSE E = 2.444098e-02, MSE F = 6.574528e-04, MSE total = 2.509843e-02 eV
Epoch 43: validation: MSE E = 2.522784e-02, MSE F = 6.615088e-04, MSE total = 2.588935e-02 eV
Learning rate changed to 0.0649102628368402
Epoch 44: training: MSE E = 2.434998e-02, MSE F = 6.530385e-04, MSE total = 2.500302e-02 eV
Epoch 44: validation: MSE E = 2.453637e-02, MSE F = 6.555954e-04, MSE total = 2.519196e-02 eV
Learning rate changed to 0.06426116020847181
Epoch 45: training: MSE E = 2.415283e-02, MSE F = 6.485513e-04, MSE total = 2.480138e-02 eV
Epoch 45: validation: MSE E = 2.443985e-02, MSE F = 6.512451e-04, MSE total = 2.509109e-02 eV
Learning rate changed to 0.06361854860638709
Epoch 46: training: MSE E = 2.399099e-02, MSE F = 6.442263e-04, MSE total = 2.463521e-02 eV
Epoch 46: validation: MSE E = 2.436884e-02, MSE F = 6.469121e-04, MSE total = 2.501575e-02 eV
Learning rate changed to 0.06298236312032322
Epoch 47: training: MSE E = 2.382346e-02, MSE F = 6.396975e-04, MSE total = 2.446316e-02 eV
Epoch 47: validation: MSE E = 2.412670e-02, MSE F = 6.428147e-04, MSE total = 2.476951e-02 eV
Learning rate changed to 0.06235253948911999
Epoch 48: training: MSE E = 2.353895e-02, MSE F = 6.351513e-04, MSE total = 2.417411e-02 eV
Epoch 48: validation: MSE E = 2.393062e-02, MSE F = 6.375746e-04, MSE total = 2.456819e-02 eV
Learning rate changed to 0.06172901409422879
Epoch 49: training: MSE E = 2.338578e-02, MSE F = 6.308441e-04, MSE total = 2.401663e-02 eV
Epoch 49: validation: MSE E = 2.376052e-02, MSE F = 6.333590e-04, MSE total = 2.439387e-02 eV
Learning rate changed to 0.061111723953286505
Epoch 50: training: MSE E = 2.318562e-02, MSE F = 6.263545e-04, MSE total = 2.381197e-02 eV
Epoch 50: validation: MSE E = 2.390097e-02, MSE F = 6.301472e-04, MSE total = 2.453111e-02 eV
Learning rate changed to 0.06050060671375364
Epoch 51: training: MSE E = 2.313478e-02, MSE F = 6.220925e-04, MSE total = 2.375688e-02 eV
Epoch 51: validation: MSE E = 2.363795e-02, MSE F = 6.260724e-04, MSE total = 2.426402e-02 eV
Learning rate changed to 0.0598956006466161
Epoch 52: training: MSE E = 2.289118e-02, MSE F = 6.177097e-04, MSE total = 2.350889e-02 eV
Epoch 52: validation: MSE E = 2.361679e-02, MSE F = 6.216622e-04, MSE total = 2.423846e-02 eV
Learning rate changed to 0.05929664464014994
Epoch 53: training: MSE E = 2.269329e-02, MSE F = 6.133681e-04, MSE total = 2.330665e-02 eV
Epoch 53: validation: MSE E = 2.325634e-02, MSE F = 6.152826e-04, MSE total = 2.387163e-02 eV
Learning rate changed to 0.05870367819374844
Epoch 54: training: MSE E = 2.255093e-02, MSE F = 6.090658e-04, MSE total = 2.316000e-02 eV
Epoch 54: validation: MSE E = 2.299703e-02, MSE F = 6.106377e-04, MSE total = 2.360766e-02 eV
Learning rate changed to 0.05811664141181096
Epoch 55: training: MSE E = 2.247966e-02, MSE F = 6.047855e-04, MSE total = 2.308444e-02 eV
Epoch 55: validation: MSE E = 2.276776e-02, MSE F = 6.057126e-04, MSE total = 2.337347e-02 eV
Learning rate changed to 0.05753547499769285
Epoch 56: training: MSE E = 2.234792e-02, MSE F = 6.004497e-04, MSE total = 2.294837e-02 eV
Epoch 56: validation: MSE E = 2.260774e-02, MSE F = 6.019780e-04, MSE total = 2.320972e-02 eV
Learning rate changed to 0.05696012024771592
Epoch 57: training: MSE E = 2.204031e-02, MSE F = 5.962297e-04, MSE total = 2.263654e-02 eV
Epoch 57: validation: MSE E = 2.233526e-02, MSE F = 5.984137e-04, MSE total = 2.293367e-02 eV
Learning rate changed to 0.05639051904523876
Epoch 58: training: MSE E = 2.195243e-02, MSE F = 5.919333e-04, MSE total = 2.254436e-02 eV
Epoch 58: validation: MSE E = 2.233754e-02, MSE F = 5.936730e-04, MSE total = 2.293122e-02 eV
Learning rate changed to 0.05582661385478637
Epoch 59: training: MSE E = 2.176959e-02, MSE F = 5.877849e-04, MSE total = 2.235738e-02 eV
Epoch 59: validation: MSE E = 2.208695e-02, MSE F = 5.902988e-04, MSE total = 2.267725e-02 eV
Learning rate changed to 0.05526834771623851
Epoch 60: training: MSE E = 2.156080e-02, MSE F = 5.836345e-04, MSE total = 2.214443e-02 eV
Epoch 60: validation: MSE E = 2.191984e-02, MSE F = 5.865218e-04, MSE total = 2.250637e-02 eV
Learning rate changed to 0.054715664239076124
Epoch 61: training: MSE E = 2.147477e-02, MSE F = 5.793846e-04, MSE total = 2.205416e-02 eV
Epoch 61: validation: MSE E = 2.183847e-02, MSE F = 5.819622e-04, MSE total = 2.242043e-02 eV
Learning rate changed to 0.054168507596685365
Epoch 62: training: MSE E = 2.130575e-02, MSE F = 5.753136e-04, MSE total = 2.188106e-02 eV
Epoch 62: validation: MSE E = 2.188397e-02, MSE F = 5.785458e-04, MSE total = 2.246252e-02 eV
Learning rate changed to 0.053626822520718515
Epoch 63: training: MSE E = 2.119740e-02, MSE F = 5.712377e-04, MSE total = 2.176864e-02 eV
Epoch 63: validation: MSE E = 2.144969e-02, MSE F = 5.719456e-04, MSE total = 2.202164e-02 eV
Learning rate changed to 0.05309055429551133
Epoch 64: training: MSE E = 2.093384e-02, MSE F = 5.670913e-04, MSE total = 2.150093e-02 eV
Epoch 64: validation: MSE E = 2.125840e-02, MSE F = 5.693263e-04, MSE total = 2.182772e-02 eV
Learning rate changed to 0.05255964875255621
Epoch 65: training: MSE E = 2.073778e-02, MSE F = 5.629713e-04, MSE total = 2.130076e-02 eV
Epoch 65: validation: MSE E = 2.104216e-02, MSE F = 5.655246e-04, MSE total = 2.160768e-02 eV
Learning rate changed to 0.05203405226503065
Epoch 66: training: MSE E = 2.067842e-02, MSE F = 5.590509e-04, MSE total = 2.123747e-02 eV
Epoch 66: validation: MSE E = 2.098491e-02, MSE F = 5.599777e-04, MSE total = 2.154489e-02 eV
Learning rate changed to 0.05151371174238034
Epoch 67: training: MSE E = 2.044630e-02, MSE F = 5.549188e-04, MSE total = 2.100123e-02 eV
Epoch 67: validation: MSE E = 2.072257e-02, MSE F = 5.570405e-04, MSE total = 2.127961e-02 eV
Learning rate changed to 0.050998574624956536
Epoch 68: training: MSE E = 2.024195e-02, MSE F = 5.510321e-04, MSE total = 2.079299e-02 eV
Epoch 68: validation: MSE E = 2.051347e-02, MSE F = 5.525925e-04, MSE total = 2.106606e-02 eV
Learning rate changed to 0.05048858887870697
Epoch 69: training: MSE E = 2.010338e-02, MSE F = 5.470840e-04, MSE total = 2.065047e-02 eV
Epoch 69: validation: MSE E = 2.055703e-02, MSE F = 5.496637e-04, MSE total = 2.110669e-02 eV
Learning rate changed to 0.0499837029899199
Epoch 70: training: MSE E = 2.030734e-02, MSE F = 5.430201e-04, MSE total = 2.085036e-02 eV
Epoch 70: validation: MSE E = 2.058223e-02, MSE F = 5.460479e-04, MSE total = 2.112828e-02 eV
Learning rate changed to 0.049483865960020704
Epoch 71: training: MSE E = 2.009493e-02, MSE F = 5.392553e-04, MSE total = 2.063418e-02 eV
Epoch 71: validation: MSE E = 1.999389e-02, MSE F = 5.414353e-04, MSE total = 2.053533e-02 eV
Learning rate changed to 0.0489890273004205
Epoch 72: training: MSE E = 1.965948e-02, MSE F = 5.351224e-04, MSE total = 2.019460e-02 eV
Epoch 72: validation: MSE E = 1.997242e-02, MSE F = 5.369809e-04, MSE total = 2.050940e-02 eV
Learning rate changed to 0.048499137027416296
Epoch 73: training: MSE E = 1.955788e-02, MSE F = 5.314556e-04, MSE total = 2.008934e-02 eV
Epoch 73: validation: MSE E = 1.975937e-02, MSE F = 5.336868e-04, MSE total = 2.029306e-02 eV
Learning rate changed to 0.048014145657142134
Epoch 74: training: MSE E = 1.926959e-02, MSE F = 5.275538e-04, MSE total = 1.979715e-02 eV
Epoch 74: validation: MSE E = 1.968095e-02, MSE F = 5.284789e-04, MSE total = 2.020943e-02 eV
Learning rate changed to 0.04753400420057071
Epoch 75: training: MSE E = 1.922511e-02, MSE F = 5.237937e-04, MSE total = 1.974891e-02 eV
Epoch 75: validation: MSE E = 1.982053e-02, MSE F = 5.270733e-04, MSE total = 2.034761e-02 eV
Learning rate changed to 0.047058664158565
Epoch 76: training: MSE E = 1.908967e-02, MSE F = 5.200300e-04, MSE total = 1.960970e-02 eV
Epoch 76: validation: MSE E = 1.924152e-02, MSE F = 5.218733e-04, MSE total = 1.976340e-02 eV
Learning rate changed to 0.046588077516979354
Epoch 77: training: MSE E = 1.878212e-02, MSE F = 5.162747e-04, MSE total = 1.929840e-02 eV
Epoch 77: validation: MSE E = 1.917462e-02, MSE F = 5.184083e-04, MSE total = 1.969303e-02 eV
Learning rate changed to 0.04612219674180956
Epoch 78: training: MSE E = 1.898703e-02, MSE F = 5.124824e-04, MSE total = 1.949951e-02 eV
Epoch 78: validation: MSE E = 1.907650e-02, MSE F = 5.149436e-04, MSE total = 1.959144e-02 eV
Learning rate changed to 0.04566097477439147
Epoch 79: training: MSE E = 1.867060e-02, MSE F = 5.089298e-04, MSE total = 1.917953e-02 eV
Epoch 79: validation: MSE E = 1.874994e-02, MSE F = 5.103210e-04, MSE total = 1.926026e-02 eV
Learning rate changed to 0.045204365026647556
Epoch 80: training: MSE E = 1.830190e-02, MSE F = 5.051800e-04, MSE total = 1.880708e-02 eV
Epoch 80: validation: MSE E = 1.864158e-02, MSE F = 5.062237e-04, MSE total = 1.914781e-02 eV
Learning rate changed to 0.04475232137638108
Epoch 81: training: MSE E = 1.812542e-02, MSE F = 5.015510e-04, MSE total = 1.862697e-02 eV
Epoch 81: validation: MSE E = 1.903444e-02, MSE F = 5.046214e-04, MSE total = 1.953906e-02 eV
Learning rate changed to 0.044304798162617266
Epoch 82: training: MSE E = 1.795293e-02, MSE F = 4.980426e-04, MSE total = 1.845098e-02 eV
Epoch 82: validation: MSE E = 1.828917e-02, MSE F = 4.995995e-04, MSE total = 1.878877e-02 eV
Learning rate changed to 0.043861750180991095
Epoch 83: training: MSE E = 1.781141e-02, MSE F = 4.944962e-04, MSE total = 1.830591e-02 eV
Epoch 83: validation: MSE E = 1.808528e-02, MSE F = 4.953637e-04, MSE total = 1.858064e-02 eV
Learning rate changed to 0.04342313267918119
Epoch 84: training: MSE E = 1.766413e-02, MSE F = 4.909832e-04, MSE total = 1.815511e-02 eV
Epoch 84: validation: MSE E = 1.808395e-02, MSE F = 4.935813e-04, MSE total = 1.857753e-02 eV
Learning rate changed to 0.04298890135238938
Epoch 85: training: MSE E = 1.745841e-02, MSE F = 4.874980e-04, MSE total = 1.794591e-02 eV
Epoch 85: validation: MSE E = 1.769709e-02, MSE F = 4.893668e-04, MSE total = 1.818646e-02 eV
Learning rate changed to 0.042559012338865485
Epoch 86: training: MSE E = 1.746589e-02, MSE F = 4.840691e-04, MSE total = 1.794995e-02 eV
Epoch 86: validation: MSE E = 1.751628e-02, MSE F = 4.852773e-04, MSE total = 1.800155e-02 eV
Learning rate changed to 0.04213342221547683
Epoch 87: training: MSE E = 1.710891e-02, MSE F = 4.806572e-04, MSE total = 1.758956e-02 eV
Epoch 87: validation: MSE E = 1.738873e-02, MSE F = 4.828311e-04, MSE total = 1.787156e-02 eV
Learning rate changed to 0.04171208799332206
Epoch 88: training: MSE E = 1.696838e-02, MSE F = 4.771953e-04, MSE total = 1.744558e-02 eV
Epoch 88: validation: MSE E = 1.745124e-02, MSE F = 4.794371e-04, MSE total = 1.793068e-02 eV
Learning rate changed to 0.041294967113388835
Epoch 89: training: MSE E = 1.678647e-02, MSE F = 4.739355e-04, MSE total = 1.726041e-02 eV
Epoch 89: validation: MSE E = 1.729475e-02, MSE F = 4.761518e-04, MSE total = 1.777090e-02 eV
Learning rate changed to 0.04088201744225495
Epoch 90: training: MSE E = 1.660723e-02, MSE F = 4.705968e-04, MSE total = 1.707782e-02 eV
Epoch 90: validation: MSE E = 1.688758e-02, MSE F = 4.715320e-04, MSE total = 1.735912e-02 eV
Learning rate changed to 0.0404731972678324
Epoch 91: training: MSE E = 1.646120e-02, MSE F = 4.673034e-04, MSE total = 1.692850e-02 eV
Epoch 91: validation: MSE E = 1.669843e-02, MSE F = 4.687824e-04, MSE total = 1.716722e-02 eV
Learning rate changed to 0.04006846529515407
Epoch 92: training: MSE E = 1.632571e-02, MSE F = 4.640499e-04, MSE total = 1.678976e-02 eV
Epoch 92: validation: MSE E = 1.686267e-02, MSE F = 4.665640e-04, MSE total = 1.732923e-02 eV
Learning rate changed to 0.039667780642202534
Epoch 93: training: MSE E = 1.616372e-02, MSE F = 4.608080e-04, MSE total = 1.662453e-02 eV
Epoch 93: validation: MSE E = 1.636945e-02, MSE F = 4.617130e-04, MSE total = 1.683116e-02 eV
Learning rate changed to 0.03927110283578051
Epoch 94: training: MSE E = 1.613807e-02, MSE F = 4.576052e-04, MSE total = 1.659568e-02 eV
Epoch 94: validation: MSE E = 1.645158e-02, MSE F = 4.599162e-04, MSE total = 1.691150e-02 eV
Learning rate changed to 0.0388783918074227
Epoch 95: training: MSE E = 1.591179e-02, MSE F = 4.544107e-04, MSE total = 1.636620e-02 eV
Epoch 95: validation: MSE E = 1.617861e-02, MSE F = 4.566048e-04, MSE total = 1.663522e-02 eV
Learning rate changed to 0.03848960788934848
Epoch 96: training: MSE E = 1.566321e-02, MSE F = 4.512907e-04, MSE total = 1.611451e-02 eV
Epoch 96: validation: MSE E = 1.589152e-02, MSE F = 4.530246e-04, MSE total = 1.634454e-02 eV
Learning rate changed to 0.038104711810454994
Epoch 97: training: MSE E = 1.550661e-02, MSE F = 4.482218e-04, MSE total = 1.595483e-02 eV
Epoch 97: validation: MSE E = 1.577190e-02, MSE F = 4.495074e-04, MSE total = 1.622141e-02 eV
Learning rate changed to 0.037723664692350445
Epoch 98: training: MSE E = 1.538829e-02, MSE F = 4.450346e-04, MSE total = 1.583332e-02 eV
Epoch 98: validation: MSE E = 1.556275e-02, MSE F = 4.466125e-04, MSE total = 1.600937e-02 eV
Learning rate changed to 0.03734642804542694
Epoch 99: training: MSE E = 1.515634e-02, MSE F = 4.420698e-04, MSE total = 1.559841e-02 eV
Epoch 99: validation: MSE E = 1.540504e-02, MSE F = 4.428593e-04, MSE total = 1.584790e-02 eV
Learning rate changed to 0.03697296376497267
Epoch 100: training: MSE E = 1.498249e-02, MSE F = 4.390391e-04, MSE total = 1.542153e-02 eV
Epoch 100: validation: MSE E = 1.533845e-02, MSE F = 4.395286e-04, MSE total = 1.577798e-02 eV
Learning rate changed to 0.03660323412732295
Epoch 101: training: MSE E = 1.489985e-02, MSE F = 4.360220e-04, MSE total = 1.533587e-02 eV
Epoch 101: validation: MSE E = 1.506045e-02, MSE F = 4.369537e-04, MSE total = 1.549740e-02 eV
Learning rate changed to 0.03623720178604972
Epoch 102: training: MSE E = 1.468623e-02, MSE F = 4.330980e-04, MSE total = 1.511932e-02 eV
Epoch 102: validation: MSE E = 1.529914e-02, MSE F = 4.355099e-04, MSE total = 1.573465e-02 eV
Learning rate changed to 0.035874829768189224
Epoch 103: training: MSE E = 1.454114e-02, MSE F = 4.301957e-04, MSE total = 1.497133e-02 eV
Epoch 103: validation: MSE E = 1.480532e-02, MSE F = 4.306493e-04, MSE total = 1.523597e-02 eV
Learning rate changed to 0.03551608147050733
Epoch 104: training: MSE E = 1.434225e-02, MSE F = 4.272752e-04, MSE total = 1.476953e-02 eV
Epoch 104: validation: MSE E = 1.453529e-02, MSE F = 4.283207e-04, MSE total = 1.496361e-02 eV
Learning rate changed to 0.03516092065580226
Epoch 105: training: MSE E = 1.421087e-02, MSE F = 4.244687e-04, MSE total = 1.463534e-02 eV
Epoch 105: validation: MSE E = 1.449963e-02, MSE F = 4.249141e-04, MSE total = 1.492455e-02 eV
Learning rate changed to 0.034809311449244235
Epoch 106: training: MSE E = 1.410134e-02, MSE F = 4.216014e-04, MSE total = 1.452294e-02 eV
Epoch 106: validation: MSE E = 1.426314e-02, MSE F = 4.231502e-04, MSE total = 1.468629e-02 eV
Learning rate changed to 0.03446121833475179
Epoch 107: training: MSE E = 1.390458e-02, MSE F = 4.187787e-04, MSE total = 1.432336e-02 eV
Epoch 107: validation: MSE E = 1.394730e-02, MSE F = 4.205134e-04, MSE total = 1.436781e-02 eV
Learning rate changed to 0.03411660615140427
Epoch 108: training: MSE E = 1.375755e-02, MSE F = 4.160580e-04, MSE total = 1.417361e-02 eV
Epoch 108: validation: MSE E = 1.387099e-02, MSE F = 4.171589e-04, MSE total = 1.428815e-02 eV
Learning rate changed to 0.03377544008989023
Epoch 109: training: MSE E = 1.351219e-02, MSE F = 4.132878e-04, MSE total = 1.392548e-02 eV
Epoch 109: validation: MSE E = 1.370917e-02, MSE F = 4.147702e-04, MSE total = 1.412394e-02 eV
Learning rate changed to 0.03343768568899133
Epoch 110: training: MSE E = 1.345168e-02, MSE F = 4.106049e-04, MSE total = 1.386228e-02 eV
Epoch 110: validation: MSE E = 1.455170e-02, MSE F = 4.099697e-04, MSE total = 1.496167e-02 eV
Learning rate changed to 0.03310330883210142
Epoch 111: training: MSE E = 1.359269e-02, MSE F = 4.078526e-04, MSE total = 1.400054e-02 eV
Epoch 111: validation: MSE E = 1.333245e-02, MSE F = 4.091285e-04, MSE total = 1.374158e-02 eV
Learning rate changed to 0.03277227574378041
Epoch 112: training: MSE E = 1.301039e-02, MSE F = 4.051418e-04, MSE total = 1.341553e-02 eV
Epoch 112: validation: MSE E = 1.320827e-02, MSE F = 4.063702e-04, MSE total = 1.361464e-02 eV
Learning rate changed to 0.032444552986342606
Epoch 113: training: MSE E = 1.292553e-02, MSE F = 4.025289e-04, MSE total = 1.332806e-02 eV
Epoch 113: validation: MSE E = 1.295407e-02, MSE F = 4.040055e-04, MSE total = 1.335808e-02 eV
Learning rate changed to 0.03212010745647918
Epoch 114: training: MSE E = 1.265367e-02, MSE F = 3.999803e-04, MSE total = 1.305365e-02 eV
Epoch 114: validation: MSE E = 1.308265e-02, MSE F = 4.018602e-04, MSE total = 1.348451e-02 eV
Learning rate changed to 0.03179890638191439
Epoch 115: training: MSE E = 1.257719e-02, MSE F = 3.974204e-04, MSE total = 1.297461e-02 eV
Epoch 115: validation: MSE E = 1.277088e-02, MSE F = 3.987167e-04, MSE total = 1.316960e-02 eV
Learning rate changed to 0.03148091731809525
Epoch 116: training: MSE E = 1.245521e-02, MSE F = 3.949091e-04, MSE total = 1.285012e-02 eV
Epoch 116: validation: MSE E = 1.266677e-02, MSE F = 3.969680e-04, MSE total = 1.306374e-02 eV
Learning rate changed to 0.031166108144914297
Epoch 117: training: MSE E = 1.218023e-02, MSE F = 3.924369e-04, MSE total = 1.257267e-02 eV
Epoch 117: validation: MSE E = 1.239408e-02, MSE F = 3.937029e-04, MSE total = 1.278778e-02 eV
Learning rate changed to 0.030854447063465153
Epoch 118: training: MSE E = 1.200838e-02, MSE F = 3.899312e-04, MSE total = 1.239831e-02 eV
Epoch 118: validation: MSE E = 1.214460e-02, MSE F = 3.913455e-04, MSE total = 1.253594e-02 eV
Learning rate changed to 0.030545902592830503
Epoch 119: training: MSE E = 1.188488e-02, MSE F = 3.875603e-04, MSE total = 1.227244e-02 eV
Epoch 119: validation: MSE E = 1.198357e-02, MSE F = 3.886207e-04, MSE total = 1.237219e-02 eV
Learning rate changed to 0.030240443566902198
Epoch 120: training: MSE E = 1.164787e-02, MSE F = 3.851262e-04, MSE total = 1.203299e-02 eV
Epoch 120: validation: MSE E = 1.202638e-02, MSE F = 3.873766e-04, MSE total = 1.241375e-02 eV
Learning rate changed to 0.029938039131233177
Epoch 121: training: MSE E = 1.147530e-02, MSE F = 3.827891e-04, MSE total = 1.185809e-02 eV
Epoch 121: validation: MSE E = 1.176044e-02, MSE F = 3.845389e-04, MSE total = 1.214498e-02 eV
Learning rate changed to 0.029638658739920845
Epoch 122: training: MSE E = 1.130482e-02, MSE F = 3.804807e-04, MSE total = 1.168531e-02 eV
Epoch 122: validation: MSE E = 1.153447e-02, MSE F = 3.821374e-04, MSE total = 1.191661e-02 eV
Learning rate changed to 0.029342272152521637
Epoch 123: training: MSE E = 1.114213e-02, MSE F = 3.781921e-04, MSE total = 1.152032e-02 eV
Epoch 123: validation: MSE E = 1.133684e-02, MSE F = 3.796418e-04, MSE total = 1.171648e-02 eV
Learning rate changed to 0.02904884943099642
Epoch 124: training: MSE E = 1.099477e-02, MSE F = 3.759195e-04, MSE total = 1.137069e-02 eV
Epoch 124: validation: MSE E = 1.121323e-02, MSE F = 3.772580e-04, MSE total = 1.159049e-02 eV
Learning rate changed to 0.028758360936686458
Epoch 125: training: MSE E = 1.085476e-02, MSE F = 3.736594e-04, MSE total = 1.122842e-02 eV
Epoch 125: validation: MSE E = 1.141906e-02, MSE F = 3.757080e-04, MSE total = 1.179477e-02 eV
Learning rate changed to 0.028470777327319594
Epoch 126: training: MSE E = 1.071160e-02, MSE F = 3.714597e-04, MSE total = 1.108306e-02 eV
Epoch 126: validation: MSE E = 1.148525e-02, MSE F = 3.736898e-04, MSE total = 1.185894e-02 eV
Learning rate changed to 0.028186069554046397
Epoch 127: training: MSE E = 1.051043e-02, MSE F = 3.692696e-04, MSE total = 1.087970e-02 eV
Epoch 127: validation: MSE E = 1.105841e-02, MSE F = 3.709962e-04, MSE total = 1.142941e-02 eV
Learning rate changed to 0.027904208858505933
Epoch 128: training: MSE E = 1.039717e-02, MSE F = 3.671329e-04, MSE total = 1.076430e-02 eV
Epoch 128: validation: MSE E = 1.044600e-02, MSE F = 3.678784e-04, MSE total = 1.081388e-02 eV
Learning rate changed to 0.027625166769920873
Epoch 129: training: MSE E = 1.023400e-02, MSE F = 3.649976e-04, MSE total = 1.059900e-02 eV
Epoch 129: validation: MSE E = 1.081468e-02, MSE F = 3.648752e-04, MSE total = 1.117956e-02 eV
Learning rate changed to 0.027348915102221663
Epoch 130: training: MSE E = 1.002368e-02, MSE F = 3.628325e-04, MSE total = 1.038652e-02 eV
Epoch 130: validation: MSE E = 1.006606e-02, MSE F = 3.638351e-04, MSE total = 1.042989e-02 eV
Learning rate changed to 0.027075425951199446
Epoch 131: training: MSE E = 9.795849e-03, MSE F = 3.608312e-04, MSE total = 1.015668e-02 eV
Epoch 131: validation: MSE E = 9.879645e-03, MSE F = 3.615414e-04, MSE total = 1.024119e-02 eV
Learning rate changed to 0.026804671691687453
Epoch 132: training: MSE E = 9.612382e-03, MSE F = 3.587911e-04, MSE total = 9.971174e-03 eV
Epoch 132: validation: MSE E = 9.772730e-03, MSE F = 3.593925e-04, MSE total = 1.013212e-02 eV
Learning rate changed to 0.02653662497477058
Epoch 133: training: MSE E = 9.564994e-03, MSE F = 3.567464e-04, MSE total = 9.921743e-03 eV
Epoch 133: validation: MSE E = 1.008550e-02, MSE F = 3.587319e-04, MSE total = 1.044423e-02 eV
Learning rate changed to 0.026271258725022874
Epoch 134: training: MSE E = 9.393333e-03, MSE F = 3.548030e-04, MSE total = 9.748138e-03 eV
Epoch 134: validation: MSE E = 9.970138e-03, MSE F = 3.568167e-04, MSE total = 1.032695e-02 eV
Learning rate changed to 0.026008546137772644
Epoch 135: training: MSE E = 9.301368e-03, MSE F = 3.528081e-04, MSE total = 9.654177e-03 eV
Epoch 135: validation: MSE E = 9.196151e-03, MSE F = 3.537185e-04, MSE total = 9.549870e-03 eV
Learning rate changed to 0.025748460676394917
Epoch 136: training: MSE E = 9.014043e-03, MSE F = 3.508640e-04, MSE total = 9.364907e-03 eV
Epoch 136: validation: MSE E = 9.457941e-03, MSE F = 3.508875e-04, MSE total = 9.808830e-03 eV
Learning rate changed to 0.025490976069630966
Epoch 137: training: MSE E = 8.964374e-03, MSE F = 3.489149e-04, MSE total = 9.313288e-03 eV
Epoch 137: validation: MSE E = 8.932137e-03, MSE F = 3.499833e-04, MSE total = 9.282121e-03 eV
Learning rate changed to 0.025236066308934657
Epoch 138: training: MSE E = 8.653101e-03, MSE F = 3.470414e-04, MSE total = 9.000143e-03 eV
Epoch 138: validation: MSE E = 9.551956e-03, MSE F = 3.494673e-04, MSE total = 9.901424e-03 eV
Learning rate changed to 0.02498370564584531
Epoch 139: training: MSE E = 8.833430e-03, MSE F = 3.451616e-04, MSE total = 9.178592e-03 eV
Epoch 139: validation: MSE E = 8.548825e-03, MSE F = 3.460320e-04, MSE total = 8.894856e-03 eV
Learning rate changed to 0.024733868589386858
Epoch 140: training: MSE E = 8.354952e-03, MSE F = 3.433278e-04, MSE total = 8.698280e-03 eV
Epoch 140: validation: MSE E = 8.380754e-03, MSE F = 3.443907e-04, MSE total = 8.725145e-03 eV
Learning rate changed to 0.02448652990349299
Epoch 141: training: MSE E = 8.103898e-03, MSE F = 3.415078e-04, MSE total = 8.445405e-03 eV
Epoch 141: validation: MSE E = 8.337051e-03, MSE F = 3.428742e-04, MSE total = 8.679925e-03 eV
Learning rate changed to 0.02424166460445806
Epoch 142: training: MSE E = 8.098635e-03, MSE F = 3.397471e-04, MSE total = 8.438382e-03 eV
Epoch 142: validation: MSE E = 8.162691e-03, MSE F = 3.412799e-04, MSE total = 8.503972e-03 eV
Learning rate changed to 0.02399924795841348
Epoch 143: training: MSE E = 7.937077e-03, MSE F = 3.379798e-04, MSE total = 8.275056e-03 eV
Epoch 143: validation: MSE E = 8.088700e-03, MSE F = 3.392631e-04, MSE total = 8.427964e-03 eV
Learning rate changed to 0.023759255478829344
Epoch 144: training: MSE E = 7.687402e-03, MSE F = 3.362877e-04, MSE total = 8.023688e-03 eV
Epoch 144: validation: MSE E = 7.688693e-03, MSE F = 3.376185e-04, MSE total = 8.026312e-03 eV
Learning rate changed to 0.02352166292404105
Epoch 145: training: MSE E = 7.455800e-03, MSE F = 3.345968e-04, MSE total = 7.790395e-03 eV
Epoch 145: validation: MSE E = 7.603701e-03, MSE F = 3.359549e-04, MSE total = 7.939655e-03 eV
Learning rate changed to 0.02328644629480064
Epoch 146: training: MSE E = 7.281941e-03, MSE F = 3.329240e-04, MSE total = 7.614866e-03 eV
Epoch 146: validation: MSE E = 7.377790e-03, MSE F = 3.335126e-04, MSE total = 7.711302e-03 eV
Learning rate changed to 0.023053581831852635
Epoch 147: training: MSE E = 7.162450e-03, MSE F = 3.313119e-04, MSE total = 7.493763e-03 eV
Epoch 147: validation: MSE E = 7.257814e-03, MSE F = 3.327080e-04, MSE total = 7.590522e-03 eV
Learning rate changed to 0.022823046013534107
Epoch 148: training: MSE E = 6.962881e-03, MSE F = 3.297431e-04, MSE total = 7.292625e-03 eV
Epoch 148: validation: MSE E = 7.035819e-03, MSE F = 3.306411e-04, MSE total = 7.366461e-03 eV
Learning rate changed to 0.022594815553398765
Epoch 149: training: MSE E = 6.845456e-03, MSE F = 3.281335e-04, MSE total = 7.173588e-03 eV
Epoch 149: validation: MSE E = 6.944294e-03, MSE F = 3.294331e-04, MSE total = 7.273727e-03 eV
Learning rate changed to 0.022368867397864776
Epoch 150: training: MSE E = 6.702045e-03, MSE F = 3.265505e-04, MSE total = 7.028596e-03 eV
Epoch 150: validation: MSE E = 6.749347e-03, MSE F = 3.277397e-04, MSE total = 7.077087e-03 eV
Learning rate changed to 0.02214517872388613
Epoch 151: training: MSE E = 6.540092e-03, MSE F = 3.250481e-04, MSE total = 6.865140e-03 eV
Epoch 151: validation: MSE E = 6.628327e-03, MSE F = 3.254199e-04, MSE total = 6.953746e-03 eV
Learning rate changed to 0.021923726936647268
Epoch 152: training: MSE E = 6.507404e-03, MSE F = 3.234776e-04, MSE total = 6.830882e-03 eV
Epoch 152: validation: MSE E = 6.381670e-03, MSE F = 3.243073e-04, MSE total = 6.705977e-03 eV
Learning rate changed to 0.021704489667280794
Epoch 153: training: MSE E = 6.250276e-03, MSE F = 3.220310e-04, MSE total = 6.572306e-03 eV
Epoch 153: validation: MSE E = 6.382263e-03, MSE F = 3.223849e-04, MSE total = 6.704648e-03 eV
Learning rate changed to 0.021487444770607985
Epoch 154: training: MSE E = 6.149751e-03, MSE F = 3.204769e-04, MSE total = 6.470229e-03 eV
Epoch 154: validation: MSE E = 6.614067e-03, MSE F = 3.221457e-04, MSE total = 6.936213e-03 eV
Learning rate changed to 0.021272570322901904
Epoch 155: training: MSE E = 5.944138e-03, MSE F = 3.190407e-04, MSE total = 6.263178e-03 eV
Epoch 155: validation: MSE E = 6.439850e-03, MSE F = 3.206329e-04, MSE total = 6.760483e-03 eV
Learning rate changed to 0.021059844619672884
Epoch 156: training: MSE E = 5.818614e-03, MSE F = 3.175975e-04, MSE total = 6.136212e-03 eV
Epoch 156: validation: MSE E = 5.881663e-03, MSE F = 3.179521e-04, MSE total = 6.199615e-03 eV
Learning rate changed to 0.020849246173476155
Epoch 157: training: MSE E = 5.693621e-03, MSE F = 3.161855e-04, MSE total = 6.009808e-03 eV
Epoch 157: validation: MSE E = 5.830096e-03, MSE F = 3.178912e-04, MSE total = 6.147987e-03 eV
Learning rate changed to 0.020640753711741393
Epoch 158: training: MSE E = 5.645303e-03, MSE F = 3.147406e-04, MSE total = 5.960044e-03 eV
Epoch 158: validation: MSE E = 5.703041e-03, MSE F = 3.159772e-04, MSE total = 6.019018e-03 eV
Learning rate changed to 0.020434346174623978
Epoch 159: training: MSE E = 5.462439e-03, MSE F = 3.133636e-04, MSE total = 5.775802e-03 eV
Epoch 159: validation: MSE E = 5.353026e-03, MSE F = 3.142453e-04, MSE total = 5.667271e-03 eV
Learning rate changed to 0.020230002712877736
Epoch 160: training: MSE E = 5.138739e-03, MSE F = 3.120041e-04, MSE total = 5.450743e-03 eV
Epoch 160: validation: MSE E = 5.292050e-03, MSE F = 3.125460e-04, MSE total = 5.604596e-03 eV
Learning rate changed to 0.02002770268574896
Epoch 161: training: MSE E = 5.030761e-03, MSE F = 3.106576e-04, MSE total = 5.341418e-03 eV
Epoch 161: validation: MSE E = 5.068548e-03, MSE F = 3.112246e-04, MSE total = 5.379772e-03 eV
Learning rate changed to 0.01982742565889147
Epoch 162: training: MSE E = 5.053293e-03, MSE F = 3.093623e-04, MSE total = 5.362656e-03 eV
Epoch 162: validation: MSE E = 5.077084e-03, MSE F = 3.092551e-04, MSE total = 5.386339e-03 eV
Learning rate changed to 0.019629151402302553
Epoch 163: training: MSE E = 4.906284e-03, MSE F = 3.080239e-04, MSE total = 5.214308e-03 eV
Epoch 163: validation: MSE E = 4.889116e-03, MSE F = 3.082512e-04, MSE total = 5.197367e-03 eV
Learning rate changed to 0.019432859888279527
Epoch 164: training: MSE E = 4.611488e-03, MSE F = 3.067531e-04, MSE total = 4.918242e-03 eV
Epoch 164: validation: MSE E = 4.861955e-03, MSE F = 3.069656e-04, MSE total = 5.168920e-03 eV
Learning rate changed to 0.019238531289396732
Epoch 165: training: MSE E = 4.557993e-03, MSE F = 3.054410e-04, MSE total = 4.863434e-03 eV
Epoch 165: validation: MSE E = 4.498770e-03, MSE F = 3.060653e-04, MSE total = 4.804836e-03 eV
Learning rate changed to 0.019046145976502765
Epoch 166: training: MSE E = 4.354767e-03, MSE F = 3.042181e-04, MSE total = 4.658985e-03 eV
Epoch 166: validation: MSE E = 4.436615e-03, MSE F = 3.051946e-04, MSE total = 4.741810e-03 eV
Learning rate changed to 0.018855684516737737
Epoch 167: training: MSE E = 4.189710e-03, MSE F = 3.030034e-04, MSE total = 4.492714e-03 eV
Epoch 167: validation: MSE E = 4.233468e-03, MSE F = 3.036859e-04, MSE total = 4.537154e-03 eV
Learning rate changed to 0.01866712767157036
Epoch 168: training: MSE E = 4.098611e-03, MSE F = 3.017891e-04, MSE total = 4.400401e-03 eV
Epoch 168: validation: MSE E = 4.396818e-03, MSE F = 3.031248e-04, MSE total = 4.699943e-03 eV
Learning rate changed to 0.018480456394854655
Epoch 169: training: MSE E = 4.071804e-03, MSE F = 3.006121e-04, MSE total = 4.372417e-03 eV
Epoch 169: validation: MSE E = 3.964284e-03, MSE F = 3.011874e-04, MSE total = 4.265472e-03 eV
Learning rate changed to 0.018295651830906107
Epoch 170: training: MSE E = 3.824352e-03, MSE F = 2.994158e-04, MSE total = 4.123769e-03 eV
Epoch 170: validation: MSE E = 3.886704e-03, MSE F = 3.002594e-04, MSE total = 4.186963e-03 eV
Learning rate changed to 0.018112695312597047
Epoch 171: training: MSE E = 3.709623e-03, MSE F = 2.982449e-04, MSE total = 4.007868e-03 eV
Epoch 171: validation: MSE E = 3.947257e-03, MSE F = 2.994720e-04, MSE total = 4.246728e-03 eV
Learning rate changed to 0.017931568359471076
Epoch 172: training: MSE E = 3.857094e-03, MSE F = 2.971230e-04, MSE total = 4.154218e-03 eV
Epoch 172: validation: MSE E = 3.695428e-03, MSE F = 2.974873e-04, MSE total = 3.992915e-03 eV
Learning rate changed to 0.017752252675876365
Epoch 173: training: MSE E = 3.679671e-03, MSE F = 2.959287e-04, MSE total = 3.975600e-03 eV
Epoch 173: validation: MSE E = 3.711214e-03, MSE F = 2.959111e-04, MSE total = 4.007125e-03 eV
Learning rate changed to 0.0175747301491176
Epoch 174: training: MSE E = 3.407549e-03, MSE F = 2.947607e-04, MSE total = 3.702310e-03 eV
Epoch 174: validation: MSE E = 3.399756e-03, MSE F = 2.954635e-04, MSE total = 3.695220e-03 eV
Learning rate changed to 0.017398982847626424
Epoch 175: training: MSE E = 3.332191e-03, MSE F = 2.936752e-04, MSE total = 3.625866e-03 eV
Epoch 175: validation: MSE E = 3.319505e-03, MSE F = 2.945181e-04, MSE total = 3.614023e-03 eV
Learning rate changed to 0.01722499301915016
Epoch 176: training: MSE E = 3.236008e-03, MSE F = 2.925635e-04, MSE total = 3.528571e-03 eV
Epoch 176: validation: MSE E = 3.189428e-03, MSE F = 2.932090e-04, MSE total = 3.482637e-03 eV
Learning rate changed to 0.01705274308895866
Epoch 177: training: MSE E = 3.032867e-03, MSE F = 2.914624e-04, MSE total = 3.324329e-03 eV
Epoch 177: validation: MSE E = 3.372392e-03, MSE F = 2.926975e-04, MSE total = 3.665090e-03 eV
Learning rate changed to 0.01688221565806907
Epoch 178: training: MSE E = 3.149356e-03, MSE F = 2.904242e-04, MSE total = 3.439780e-03 eV
Epoch 178: validation: MSE E = 3.087191e-03, MSE F = 2.906675e-04, MSE total = 3.377859e-03 eV
Learning rate changed to 0.01671339350148838
Epoch 179: training: MSE E = 2.905637e-03, MSE F = 2.893016e-04, MSE total = 3.194939e-03 eV
Epoch 179: validation: MSE E = 2.969154e-03, MSE F = 2.902312e-04, MSE total = 3.259386e-03 eV
Learning rate changed to 0.016546259566473494
Epoch 180: training: MSE E = 2.843873e-03, MSE F = 2.882806e-04, MSE total = 3.132154e-03 eV
Epoch 180: validation: MSE E = 2.801867e-03, MSE F = 2.888756e-04, MSE total = 3.090743e-03 eV
Learning rate changed to 0.01638079697080876
Epoch 181: training: MSE E = 2.804175e-03, MSE F = 2.872243e-04, MSE total = 3.091399e-03 eV
Epoch 181: validation: MSE E = 2.726640e-03, MSE F = 2.879152e-04, MSE total = 3.014555e-03 eV
Learning rate changed to 0.016216989001100673
Epoch 182: training: MSE E = 2.672615e-03, MSE F = 2.861784e-04, MSE total = 2.958794e-03 eV
Epoch 182: validation: MSE E = 2.620716e-03, MSE F = 2.865451e-04, MSE total = 2.907261e-03 eV
Learning rate changed to 0.016054819111089667
Epoch 183: training: MSE E = 2.485692e-03, MSE F = 2.851835e-04, MSE total = 2.770876e-03 eV
Epoch 183: validation: MSE E = 2.559351e-03, MSE F = 2.856638e-04, MSE total = 2.845014e-03 eV
Learning rate changed to 0.01589427091997877
Epoch 184: training: MSE E = 2.407629e-03, MSE F = 2.841641e-04, MSE total = 2.691793e-03 eV
Epoch 184: validation: MSE E = 2.454740e-03, MSE F = 2.849693e-04, MSE total = 2.739709e-03 eV
Learning rate changed to 0.01573532821077898
Epoch 185: training: MSE E = 2.441940e-03, MSE F = 2.831981e-04, MSE total = 2.725138e-03 eV
Epoch 185: validation: MSE E = 2.719522e-03, MSE F = 2.829631e-04, MSE total = 3.002485e-03 eV
Learning rate changed to 0.015577974928671192
Epoch 186: training: MSE E = 2.342741e-03, MSE F = 2.821903e-04, MSE total = 2.624931e-03 eV
Epoch 186: validation: MSE E = 2.303988e-03, MSE F = 2.828017e-04, MSE total = 2.586789e-03 eV
Learning rate changed to 0.01542219517938448
Epoch 187: training: MSE E = 2.267002e-03, MSE F = 2.812178e-04, MSE total = 2.548220e-03 eV
Epoch 187: validation: MSE E = 2.308259e-03, MSE F = 2.811111e-04, MSE total = 2.589370e-03 eV
Learning rate changed to 0.015267973227590634
Epoch 188: training: MSE E = 2.272011e-03, MSE F = 2.802179e-04, MSE total = 2.552228e-03 eV
Epoch 188: validation: MSE E = 2.313073e-03, MSE F = 2.813980e-04, MSE total = 2.594471e-03 eV
Learning rate changed to 0.015115293495314729
Epoch 189: training: MSE E = 2.134217e-03, MSE F = 2.792395e-04, MSE total = 2.413457e-03 eV
Epoch 189: validation: MSE E = 2.319307e-03, MSE F = 2.803105e-04, MSE total = 2.599618e-03 eV
Learning rate changed to 0.01496414056036158
Epoch 190: training: MSE E = 2.084092e-03, MSE F = 2.783168e-04, MSE total = 2.362409e-03 eV
Epoch 190: validation: MSE E = 2.027347e-03, MSE F = 2.787784e-04, MSE total = 2.306125e-03 eV
Learning rate changed to 0.014814499154757965
Epoch 191: training: MSE E = 1.935404e-03, MSE F = 2.773685e-04, MSE total = 2.212772e-03 eV
Epoch 191: validation: MSE E = 2.198521e-03, MSE F = 2.773054e-04, MSE total = 2.475827e-03 eV
Learning rate changed to 0.014666354163210386
Epoch 192: training: MSE E = 1.927830e-03, MSE F = 2.764059e-04, MSE total = 2.204236e-03 eV
Epoch 192: validation: MSE E = 1.907634e-03, MSE F = 2.766640e-04, MSE total = 2.184298e-03 eV
Learning rate changed to 0.014519690621578282
Epoch 193: training: MSE E = 1.812139e-03, MSE F = 2.755017e-04, MSE total = 2.087641e-03 eV
Epoch 193: validation: MSE E = 1.889013e-03, MSE F = 2.761937e-04, MSE total = 2.165206e-03 eV
Learning rate changed to 0.014374493715362499
Epoch 194: training: MSE E = 1.774590e-03, MSE F = 2.745844e-04, MSE total = 2.049175e-03 eV
Epoch 194: validation: MSE E = 1.985946e-03, MSE F = 2.755403e-04, MSE total = 2.261486e-03 eV
Learning rate changed to 0.014230748778208874
Epoch 195: training: MSE E = 1.780611e-03, MSE F = 2.737090e-04, MSE total = 2.054320e-03 eV
Epoch 195: validation: MSE E = 2.040225e-03, MSE F = 2.736201e-04, MSE total = 2.313845e-03 eV
Learning rate changed to 0.014088441290426785
Epoch 196: training: MSE E = 1.714669e-03, MSE F = 2.727572e-04, MSE total = 1.987426e-03 eV
Epoch 196: validation: MSE E = 1.739602e-03, MSE F = 2.735494e-04, MSE total = 2.013151e-03 eV
Learning rate changed to 0.013947556877522518
Epoch 197: training: MSE E = 1.726305e-03, MSE F = 2.718924e-04, MSE total = 1.998197e-03 eV
Epoch 197: validation: MSE E = 1.711646e-03, MSE F = 2.721926e-04, MSE total = 1.983839e-03 eV
Learning rate changed to 0.013808081308747293
Epoch 198: training: MSE E = 1.593736e-03, MSE F = 2.709717e-04, MSE total = 1.864707e-03 eV
Epoch 198: validation: MSE E = 1.734358e-03, MSE F = 2.709285e-04, MSE total = 2.005287e-03 eV
Learning rate changed to 0.01367000049565982
Epoch 199: training: MSE E = 1.601352e-03, MSE F = 2.700877e-04, MSE total = 1.871440e-03 eV
Epoch 199: validation: MSE E = 1.833142e-03, MSE F = 2.711865e-04, MSE total = 2.104329e-03 eV
Learning rate changed to 0.013533300490703223
Epoch 200: training: MSE E = 1.532077e-03, MSE F = 2.692303e-04, MSE total = 1.801307e-03 eV
Epoch 200: validation: MSE E = 1.589085e-03, MSE F = 2.693445e-04, MSE total = 1.858430e-03 eV
Learning rate changed to 0.01339796748579619
Testing: MSE E = 1.505040e-03, MSE F = 2.687828e-04, MSE total = 1.773823e-03 eV
