NNMD v0.1.0

---Neural network parameters---
device:                             cuda
training epochs:                    200
batch size:                         500
optimizer:                          Adam
loss function:                      MSELoss
energies loss function coefficient: 1.0
forces loss function coefficient:   0.01
learning rate:                      0.1
scheduler:                          ExponentialLR
L2 regularization coefficient:      0.0001


----Atomic NNs parameters----
input sizes (number of descriptors): [14]
hidden sizes:                        [[64, 64]]


---Dataset parameters---
Training sample size:   18971
Validation sample size: 2371
Test sample size:       2372


Epoch 1: training:   MSE E = 1.430739e+03, MSE F = 3.944107e-04, MSE total = 1.430740e+03 eV
Epoch 1: validation: MSE E = 4.557481e+00, MSE F = 1.100965e-03, MSE total = 4.558582e+00 eV
Learning rate changed to 0.099
Epoch 2: training:   MSE E = 1.626188e+00, MSE F = 8.751243e-04, MSE total = 1.627064e+00 eV
Epoch 2: validation: MSE E = 1.664196e-01, MSE F = 7.972559e-04, MSE total = 1.672169e-01 eV
Learning rate changed to 0.09801
Epoch 3: training:   MSE E = 5.408934e-02, MSE F = 8.215413e-04, MSE total = 5.491089e-02 eV
Epoch 3: validation: MSE E = 3.298017e-02, MSE F = 8.183941e-04, MSE total = 3.379856e-02 eV
Learning rate changed to 0.0970299
Epoch 4: training:   MSE E = 3.014199e-02, MSE F = 8.160125e-04, MSE total = 3.095800e-02 eV
Epoch 4: validation: MSE E = 3.024429e-02, MSE F = 8.198391e-04, MSE total = 3.106412e-02 eV
Learning rate changed to 0.096059601
Epoch 5: training:   MSE E = 2.951764e-02, MSE F = 8.135132e-04, MSE total = 3.033115e-02 eV
Epoch 5: validation: MSE E = 2.998489e-02, MSE F = 8.198893e-04, MSE total = 3.080477e-02 eV
Learning rate changed to 0.09509900499
Epoch 6: training:   MSE E = 2.939341e-02, MSE F = 8.109481e-04, MSE total = 3.020436e-02 eV
Epoch 6: validation: MSE E = 2.997766e-02, MSE F = 8.169658e-04, MSE total = 3.079462e-02 eV
Learning rate changed to 0.0941480149401
Epoch 7: training:   MSE E = 2.920276e-02, MSE F = 8.082906e-04, MSE total = 3.001105e-02 eV
Epoch 7: validation: MSE E = 2.986611e-02, MSE F = 8.141726e-04, MSE total = 3.068028e-02 eV
Learning rate changed to 0.093206534790699
Epoch 8: training:   MSE E = 2.908812e-02, MSE F = 8.055895e-04, MSE total = 2.989370e-02 eV
Epoch 8: validation: MSE E = 2.971372e-02, MSE F = 8.086289e-04, MSE total = 3.052235e-02 eV
Learning rate changed to 0.09227446944279201
Epoch 9: training:   MSE E = 2.895129e-02, MSE F = 8.022709e-04, MSE total = 2.975356e-02 eV
Epoch 9: validation: MSE E = 2.939542e-02, MSE F = 8.079175e-04, MSE total = 3.020334e-02 eV
Learning rate changed to 0.09135172474836409
Epoch 10: training:   MSE E = 2.878048e-02, MSE F = 7.992439e-04, MSE total = 2.957972e-02 eV
Epoch 10: validation: MSE E = 2.925663e-02, MSE F = 8.037995e-04, MSE total = 3.006042e-02 eV
Learning rate changed to 0.09043820750088044
Epoch 11: training:   MSE E = 2.863196e-02, MSE F = 7.961157e-04, MSE total = 2.942807e-02 eV
Epoch 11: validation: MSE E = 2.932542e-02, MSE F = 8.016808e-04, MSE total = 3.012710e-02 eV
Learning rate changed to 0.08953382542587164
Epoch 12: training:   MSE E = 2.852154e-02, MSE F = 7.926893e-04, MSE total = 2.931423e-02 eV
Epoch 12: validation: MSE E = 2.906859e-02, MSE F = 7.985863e-04, MSE total = 2.986717e-02 eV
Learning rate changed to 0.08863848717161292
Epoch 13: training:   MSE E = 2.836006e-02, MSE F = 7.894816e-04, MSE total = 2.914954e-02 eV
Epoch 13: validation: MSE E = 2.905992e-02, MSE F = 7.948570e-04, MSE total = 2.985478e-02 eV
Learning rate changed to 0.08775210229989679
Epoch 14: training:   MSE E = 2.828826e-02, MSE F = 7.859992e-04, MSE total = 2.907426e-02 eV
Epoch 14: validation: MSE E = 2.857704e-02, MSE F = 7.901894e-04, MSE total = 2.936723e-02 eV
Learning rate changed to 0.08687458127689782
Epoch 15: training:   MSE E = 2.807363e-02, MSE F = 7.825111e-04, MSE total = 2.885614e-02 eV
Epoch 15: validation: MSE E = 2.858960e-02, MSE F = 7.868722e-04, MSE total = 2.937647e-02 eV
Learning rate changed to 0.08600583546412884
Epoch 16: training:   MSE E = 2.787926e-02, MSE F = 7.789456e-04, MSE total = 2.865820e-02 eV
Epoch 16: validation: MSE E = 2.842446e-02, MSE F = 7.835437e-04, MSE total = 2.920800e-02 eV
Learning rate changed to 0.08514577710948755
Epoch 17: training:   MSE E = 2.774692e-02, MSE F = 7.752638e-04, MSE total = 2.852219e-02 eV
Epoch 17: validation: MSE E = 2.826273e-02, MSE F = 7.796091e-04, MSE total = 2.904234e-02 eV
Learning rate changed to 0.08429431933839267
Epoch 18: training:   MSE E = 2.757098e-02, MSE F = 7.716798e-04, MSE total = 2.834265e-02 eV
Epoch 18: validation: MSE E = 2.800263e-02, MSE F = 7.756377e-04, MSE total = 2.877827e-02 eV
Learning rate changed to 0.08345137614500873
Epoch 19: training:   MSE E = 2.746530e-02, MSE F = 7.680735e-04, MSE total = 2.823337e-02 eV
Epoch 19: validation: MSE E = 2.802516e-02, MSE F = 7.702705e-04, MSE total = 2.879543e-02 eV
Learning rate changed to 0.08261686238355864
Epoch 20: training:   MSE E = 2.740921e-02, MSE F = 7.641594e-04, MSE total = 2.817336e-02 eV
Epoch 20: validation: MSE E = 2.770196e-02, MSE F = 7.679969e-04, MSE total = 2.846996e-02 eV
Learning rate changed to 0.08179069375972306
Epoch 21: training:   MSE E = 2.719391e-02, MSE F = 7.606014e-04, MSE total = 2.795451e-02 eV
Epoch 21: validation: MSE E = 2.764825e-02, MSE F = 7.654057e-04, MSE total = 2.841366e-02 eV
Learning rate changed to 0.08097278682212583
Epoch 22: training:   MSE E = 2.706348e-02, MSE F = 7.568060e-04, MSE total = 2.782029e-02 eV
Epoch 22: validation: MSE E = 2.771130e-02, MSE F = 7.589918e-04, MSE total = 2.847030e-02 eV
Learning rate changed to 0.08016305895390458
Epoch 23: training:   MSE E = 2.698391e-02, MSE F = 7.528413e-04, MSE total = 2.773676e-02 eV
Epoch 23: validation: MSE E = 2.731278e-02, MSE F = 7.572431e-04, MSE total = 2.807003e-02 eV
Learning rate changed to 0.07936142836436554
Epoch 24: training:   MSE E = 2.680906e-02, MSE F = 7.492264e-04, MSE total = 2.755829e-02 eV
Epoch 24: validation: MSE E = 2.750648e-02, MSE F = 7.539413e-04, MSE total = 2.826042e-02 eV
Learning rate changed to 0.07856781408072187
Epoch 25: training:   MSE E = 2.655182e-02, MSE F = 7.454316e-04, MSE total = 2.729726e-02 eV
Epoch 25: validation: MSE E = 2.699043e-02, MSE F = 7.482165e-04, MSE total = 2.773864e-02 eV
Learning rate changed to 0.07778213593991465
Epoch 26: training:   MSE E = 2.641571e-02, MSE F = 7.414406e-04, MSE total = 2.715715e-02 eV
Epoch 26: validation: MSE E = 2.668309e-02, MSE F = 7.456024e-04, MSE total = 2.742869e-02 eV
Learning rate changed to 0.0770043145805155
Epoch 27: training:   MSE E = 2.619265e-02, MSE F = 7.376421e-04, MSE total = 2.693029e-02 eV
Epoch 27: validation: MSE E = 2.676118e-02, MSE F = 7.424401e-04, MSE total = 2.750362e-02 eV
Learning rate changed to 0.07623427143471034
Epoch 28: training:   MSE E = 2.620680e-02, MSE F = 7.339313e-04, MSE total = 2.694073e-02 eV
Epoch 28: validation: MSE E = 2.680128e-02, MSE F = 7.384593e-04, MSE total = 2.753974e-02 eV
Learning rate changed to 0.07547192872036323
Epoch 29: training:   MSE E = 2.606037e-02, MSE F = 7.299820e-04, MSE total = 2.679035e-02 eV
Epoch 29: validation: MSE E = 2.643273e-02, MSE F = 7.322805e-04, MSE total = 2.716501e-02 eV
Learning rate changed to 0.0747172094331596
Epoch 30: training:   MSE E = 2.573439e-02, MSE F = 7.262561e-04, MSE total = 2.646065e-02 eV
Epoch 30: validation: MSE E = 2.615367e-02, MSE F = 7.298029e-04, MSE total = 2.688347e-02 eV
Learning rate changed to 0.073970037338828
Epoch 31: training:   MSE E = 2.559350e-02, MSE F = 7.223719e-04, MSE total = 2.631587e-02 eV
Epoch 31: validation: MSE E = 2.606385e-02, MSE F = 7.260148e-04, MSE total = 2.678986e-02 eV
Learning rate changed to 0.07323033696543972
Epoch 32: training:   MSE E = 2.546999e-02, MSE F = 7.186673e-04, MSE total = 2.618866e-02 eV
Epoch 32: validation: MSE E = 2.596915e-02, MSE F = 7.224795e-04, MSE total = 2.669162e-02 eV
Learning rate changed to 0.07249803359578533
Epoch 33: training:   MSE E = 2.540790e-02, MSE F = 7.147238e-04, MSE total = 2.612262e-02 eV
Epoch 33: validation: MSE E = 2.609009e-02, MSE F = 7.202483e-04, MSE total = 2.681034e-02 eV
Learning rate changed to 0.07177305325982747
Epoch 34: training:   MSE E = 2.516613e-02, MSE F = 7.109392e-04, MSE total = 2.587707e-02 eV
Epoch 34: validation: MSE E = 2.565340e-02, MSE F = 7.156518e-04, MSE total = 2.636905e-02 eV
Learning rate changed to 0.0710553227272292
Epoch 35: training:   MSE E = 2.504086e-02, MSE F = 7.070944e-04, MSE total = 2.574795e-02 eV
Epoch 35: validation: MSE E = 2.570746e-02, MSE F = 7.117853e-04, MSE total = 2.641924e-02 eV
Learning rate changed to 0.07034476949995691
Epoch 36: training:   MSE E = 2.488021e-02, MSE F = 7.033957e-04, MSE total = 2.558360e-02 eV
Epoch 36: validation: MSE E = 2.535882e-02, MSE F = 7.080073e-04, MSE total = 2.606683e-02 eV
Learning rate changed to 0.06964132180495734
Epoch 37: training:   MSE E = 2.473924e-02, MSE F = 6.996678e-04, MSE total = 2.543890e-02 eV
Epoch 37: validation: MSE E = 2.514430e-02, MSE F = 7.031075e-04, MSE total = 2.584741e-02 eV
Learning rate changed to 0.06894490858690777
Epoch 38: training:   MSE E = 2.458634e-02, MSE F = 6.957668e-04, MSE total = 2.528210e-02 eV
Epoch 38: validation: MSE E = 2.519347e-02, MSE F = 7.002146e-04, MSE total = 2.589368e-02 eV
Learning rate changed to 0.06825545950103869
Epoch 39: training:   MSE E = 2.451094e-02, MSE F = 6.920927e-04, MSE total = 2.520303e-02 eV
Epoch 39: validation: MSE E = 2.485127e-02, MSE F = 6.944597e-04, MSE total = 2.554573e-02 eV
Learning rate changed to 0.0675729049060283
Epoch 40: training:   MSE E = 2.457943e-02, MSE F = 6.883019e-04, MSE total = 2.526774e-02 eV
Epoch 40: validation: MSE E = 2.468608e-02, MSE F = 6.909142e-04, MSE total = 2.537699e-02 eV
Learning rate changed to 0.06689717585696801
Epoch 41: training:   MSE E = 2.415236e-02, MSE F = 6.845677e-04, MSE total = 2.483692e-02 eV
Epoch 41: validation: MSE E = 2.462229e-02, MSE F = 6.888771e-04, MSE total = 2.531117e-02 eV
Learning rate changed to 0.06622820409839833
Epoch 42: training:   MSE E = 2.402746e-02, MSE F = 6.809463e-04, MSE total = 2.470841e-02 eV
Epoch 42: validation: MSE E = 2.453776e-02, MSE F = 6.843550e-04, MSE total = 2.522211e-02 eV
Learning rate changed to 0.06556592205741435
Epoch 43: training:   MSE E = 2.396145e-02, MSE F = 6.771125e-04, MSE total = 2.463857e-02 eV
Epoch 43: validation: MSE E = 2.476790e-02, MSE F = 6.817879e-04, MSE total = 2.544969e-02 eV
Learning rate changed to 0.0649102628368402
Epoch 44: training:   MSE E = 2.388219e-02, MSE F = 6.734880e-04, MSE total = 2.455568e-02 eV
Epoch 44: validation: MSE E = 2.407768e-02, MSE F = 6.767308e-04, MSE total = 2.475441e-02 eV
Learning rate changed to 0.06426116020847181
Epoch 45: training:   MSE E = 2.372124e-02, MSE F = 6.698184e-04, MSE total = 2.439105e-02 eV
Epoch 45: validation: MSE E = 2.403379e-02, MSE F = 6.731801e-04, MSE total = 2.470697e-02 eV
Learning rate changed to 0.06361854860638709
Epoch 46: training:   MSE E = 2.359336e-02, MSE F = 6.663109e-04, MSE total = 2.425967e-02 eV
Epoch 46: validation: MSE E = 2.394869e-02, MSE F = 6.695110e-04, MSE total = 2.461820e-02 eV
Learning rate changed to 0.06298236312032322
Epoch 47: training:   MSE E = 2.344411e-02, MSE F = 6.625886e-04, MSE total = 2.410669e-02 eV
Epoch 47: validation: MSE E = 2.373010e-02, MSE F = 6.661317e-04, MSE total = 2.439623e-02 eV
Learning rate changed to 0.06235253948911999
Epoch 48: training:   MSE E = 2.318832e-02, MSE F = 6.588586e-04, MSE total = 2.384718e-02 eV
Epoch 48: validation: MSE E = 2.358465e-02, MSE F = 6.618230e-04, MSE total = 2.424648e-02 eV
Learning rate changed to 0.06172901409422879
Epoch 49: training:   MSE E = 2.305415e-02, MSE F = 6.553878e-04, MSE total = 2.370954e-02 eV
Epoch 49: validation: MSE E = 2.343855e-02, MSE F = 6.584222e-04, MSE total = 2.409698e-02 eV
Learning rate changed to 0.061111723953286505
Epoch 50: training:   MSE E = 2.288930e-02, MSE F = 6.517282e-04, MSE total = 2.354103e-02 eV
Epoch 50: validation: MSE E = 2.359899e-02, MSE F = 6.561540e-04, MSE total = 2.425515e-02 eV
Learning rate changed to 0.06050060671375364
Epoch 51: training:   MSE E = 2.287103e-02, MSE F = 6.483063e-04, MSE total = 2.351933e-02 eV
Epoch 51: validation: MSE E = 2.341437e-02, MSE F = 6.530401e-04, MSE total = 2.406741e-02 eV
Learning rate changed to 0.0598956006466161
Epoch 52: training:   MSE E = 2.265992e-02, MSE F = 6.447570e-04, MSE total = 2.330468e-02 eV
Epoch 52: validation: MSE E = 2.336613e-02, MSE F = 6.493444e-04, MSE total = 2.401548e-02 eV
Learning rate changed to 0.05929664464014994
Epoch 53: training:   MSE E = 2.249193e-02, MSE F = 6.412514e-04, MSE total = 2.313318e-02 eV
Epoch 53: validation: MSE E = 2.307096e-02, MSE F = 6.437776e-04, MSE total = 2.371474e-02 eV
Learning rate changed to 0.05870367819374844
Epoch 54: training:   MSE E = 2.238328e-02, MSE F = 6.377931e-04, MSE total = 2.302108e-02 eV
Epoch 54: validation: MSE E = 2.283676e-02, MSE F = 6.400248e-04, MSE total = 2.347678e-02 eV
Learning rate changed to 0.05811664141181096
Epoch 55: training:   MSE E = 2.233340e-02, MSE F = 6.343594e-04, MSE total = 2.296776e-02 eV
Epoch 55: validation: MSE E = 2.265565e-02, MSE F = 6.358837e-04, MSE total = 2.329153e-02 eV
Learning rate changed to 0.05753547499769285
Epoch 56: training:   MSE E = 2.225176e-02, MSE F = 6.308728e-04, MSE total = 2.288263e-02 eV
Epoch 56: validation: MSE E = 2.252723e-02, MSE F = 6.331594e-04, MSE total = 2.316039e-02 eV
Learning rate changed to 0.05696012024771592
Epoch 57: training:   MSE E = 2.197983e-02, MSE F = 6.275032e-04, MSE total = 2.260733e-02 eV
Epoch 57: validation: MSE E = 2.230125e-02, MSE F = 6.303308e-04, MSE total = 2.293159e-02 eV
Learning rate changed to 0.05639051904523876
Epoch 58: training:   MSE E = 2.193135e-02, MSE F = 6.240467e-04, MSE total = 2.255539e-02 eV
Epoch 58: validation: MSE E = 2.232384e-02, MSE F = 6.266228e-04, MSE total = 2.295046e-02 eV
Learning rate changed to 0.05582661385478637
Epoch 59: training:   MSE E = 2.177393e-02, MSE F = 6.207556e-04, MSE total = 2.239469e-02 eV
Epoch 59: validation: MSE E = 2.214156e-02, MSE F = 6.240503e-04, MSE total = 2.276561e-02 eV
Learning rate changed to 0.05526834771623851
Epoch 60: training:   MSE E = 2.161781e-02, MSE F = 6.174527e-04, MSE total = 2.223526e-02 eV
Epoch 60: validation: MSE E = 2.199032e-02, MSE F = 6.210532e-04, MSE total = 2.261137e-02 eV
Learning rate changed to 0.054715664239076124
Epoch 61: training:   MSE E = 2.158105e-02, MSE F = 6.140369e-04, MSE total = 2.219508e-02 eV
Epoch 61: validation: MSE E = 2.199893e-02, MSE F = 6.175063e-04, MSE total = 2.261643e-02 eV
Learning rate changed to 0.054168507596685365
Epoch 62: training:   MSE E = 2.143341e-02, MSE F = 6.108242e-04, MSE total = 2.204423e-02 eV
Epoch 62: validation: MSE E = 2.209979e-02, MSE F = 6.149561e-04, MSE total = 2.271475e-02 eV
Learning rate changed to 0.053626822520718515
Epoch 63: training:   MSE E = 2.139582e-02, MSE F = 6.075806e-04, MSE total = 2.200340e-02 eV
Epoch 63: validation: MSE E = 2.167886e-02, MSE F = 6.088722e-04, MSE total = 2.228774e-02 eV
Learning rate changed to 0.05309055429551133
Epoch 64: training:   MSE E = 2.117548e-02, MSE F = 6.042888e-04, MSE total = 2.177977e-02 eV
Epoch 64: validation: MSE E = 2.150959e-02, MSE F = 6.072395e-04, MSE total = 2.211683e-02 eV
Learning rate changed to 0.05255964875255621
Epoch 65: training:   MSE E = 2.100055e-02, MSE F = 6.009904e-04, MSE total = 2.160153e-02 eV
Epoch 65: validation: MSE E = 2.133697e-02, MSE F = 6.043298e-04, MSE total = 2.194130e-02 eV
Learning rate changed to 0.05203405226503065
Epoch 66: training:   MSE E = 2.100213e-02, MSE F = 5.979203e-04, MSE total = 2.160005e-02 eV
Epoch 66: validation: MSE E = 2.134401e-02, MSE F = 5.994816e-04, MSE total = 2.194349e-02 eV
Learning rate changed to 0.05151371174238034
Epoch 67: training:   MSE E = 2.078879e-02, MSE F = 5.946194e-04, MSE total = 2.138341e-02 eV
Epoch 67: validation: MSE E = 2.112568e-02, MSE F = 5.976750e-04, MSE total = 2.172336e-02 eV
Learning rate changed to 0.050998574624956536
Epoch 68: training:   MSE E = 2.064403e-02, MSE F = 5.915753e-04, MSE total = 2.123561e-02 eV
Epoch 68: validation: MSE E = 2.094869e-02, MSE F = 5.938623e-04, MSE total = 2.154255e-02 eV
Learning rate changed to 0.05048858887870697
Epoch 69: training:   MSE E = 2.055341e-02, MSE F = 5.884672e-04, MSE total = 2.114188e-02 eV
Epoch 69: validation: MSE E = 2.099759e-02, MSE F = 5.917707e-04, MSE total = 2.158936e-02 eV
Learning rate changed to 0.0499837029899199
Epoch 70: training:   MSE E = 2.082742e-02, MSE F = 5.852138e-04, MSE total = 2.141263e-02 eV
Epoch 70: validation: MSE E = 2.131009e-02, MSE F = 5.894569e-04, MSE total = 2.189954e-02 eV
Learning rate changed to 0.049483865960020704
Epoch 71: training:   MSE E = 2.063046e-02, MSE F = 5.822788e-04, MSE total = 2.121274e-02 eV
Epoch 71: validation: MSE E = 2.057770e-02, MSE F = 5.850789e-04, MSE total = 2.116278e-02 eV
Learning rate changed to 0.0489890273004205
Epoch 72: training:   MSE E = 2.023696e-02, MSE F = 5.789634e-04, MSE total = 2.081592e-02 eV
Epoch 72: validation: MSE E = 2.060351e-02, MSE F = 5.817441e-04, MSE total = 2.118525e-02 eV
Learning rate changed to 0.048499137027416296
Epoch 73: training:   MSE E = 2.019786e-02, MSE F = 5.761303e-04, MSE total = 2.077400e-02 eV
Epoch 73: validation: MSE E = 2.039904e-02, MSE F = 5.790404e-04, MSE total = 2.097808e-02 eV
Learning rate changed to 0.048014145657142134
Epoch 74: training:   MSE E = 1.994976e-02, MSE F = 5.730379e-04, MSE total = 2.052279e-02 eV
Epoch 74: validation: MSE E = 2.039689e-02, MSE F = 5.747799e-04, MSE total = 2.097167e-02 eV
Learning rate changed to 0.04753400420057071
Epoch 75: training:   MSE E = 1.995483e-02, MSE F = 5.701085e-04, MSE total = 2.052494e-02 eV
Epoch 75: validation: MSE E = 2.051122e-02, MSE F = 5.742054e-04, MSE total = 2.108542e-02 eV
Learning rate changed to 0.047058664158565
Epoch 76: training:   MSE E = 1.989055e-02, MSE F = 5.671371e-04, MSE total = 2.045769e-02 eV
Epoch 76: validation: MSE E = 2.007857e-02, MSE F = 5.699708e-04, MSE total = 2.064854e-02 eV
Learning rate changed to 0.046588077516979354
Epoch 77: training:   MSE E = 1.962450e-02, MSE F = 5.641975e-04, MSE total = 2.018869e-02 eV
Epoch 77: validation: MSE E = 2.007213e-02, MSE F = 5.671897e-04, MSE total = 2.063932e-02 eV
Learning rate changed to 0.04612219674180956
Epoch 78: training:   MSE E = 1.989495e-02, MSE F = 5.611898e-04, MSE total = 2.045614e-02 eV
Epoch 78: validation: MSE E = 2.026372e-02, MSE F = 5.650207e-04, MSE total = 2.082874e-02 eV
Learning rate changed to 0.04566097477439147
Epoch 79: training:   MSE E = 1.968548e-02, MSE F = 5.584494e-04, MSE total = 2.024392e-02 eV
Epoch 79: validation: MSE E = 1.975284e-02, MSE F = 5.608061e-04, MSE total = 2.031365e-02 eV
Learning rate changed to 0.045204365026647556
Epoch 80: training:   MSE E = 1.930274e-02, MSE F = 5.554775e-04, MSE total = 1.985822e-02 eV
Epoch 80: validation: MSE E = 1.971080e-02, MSE F = 5.572897e-04, MSE total = 2.026809e-02 eV
Learning rate changed to 0.04475232137638108
Epoch 81: training:   MSE E = 1.917495e-02, MSE F = 5.526443e-04, MSE total = 1.972759e-02 eV
Epoch 81: validation: MSE E = 2.014145e-02, MSE F = 5.567299e-04, MSE total = 2.069818e-02 eV
Learning rate changed to 0.044304798162617266
Epoch 82: training:   MSE E = 1.905583e-02, MSE F = 5.499197e-04, MSE total = 1.960575e-02 eV
Epoch 82: validation: MSE E = 1.945573e-02, MSE F = 5.523822e-04, MSE total = 2.000811e-02 eV
Learning rate changed to 0.043861750180991095
Epoch 83: training:   MSE E = 1.897264e-02, MSE F = 5.471648e-04, MSE total = 1.951981e-02 eV
Epoch 83: validation: MSE E = 1.931161e-02, MSE F = 5.488498e-04, MSE total = 1.986046e-02 eV
Learning rate changed to 0.04342313267918119
Epoch 84: training:   MSE E = 1.889673e-02, MSE F = 5.444312e-04, MSE total = 1.944117e-02 eV
Epoch 84: validation: MSE E = 1.938775e-02, MSE F = 5.481139e-04, MSE total = 1.993586e-02 eV
Learning rate changed to 0.04298890135238938
Epoch 85: training:   MSE E = 1.873878e-02, MSE F = 5.417177e-04, MSE total = 1.928051e-02 eV
Epoch 85: validation: MSE E = 1.905498e-02, MSE F = 5.446574e-04, MSE total = 1.959964e-02 eV
Learning rate changed to 0.042559012338865485
Epoch 86: training:   MSE E = 1.881980e-02, MSE F = 5.390604e-04, MSE total = 1.935885e-02 eV
Epoch 86: validation: MSE E = 1.892959e-02, MSE F = 5.410584e-04, MSE total = 1.947065e-02 eV
Learning rate changed to 0.04213342221547683
Epoch 87: training:   MSE E = 1.850304e-02, MSE F = 5.364225e-04, MSE total = 1.903946e-02 eV
Epoch 87: validation: MSE E = 1.883711e-02, MSE F = 5.395788e-04, MSE total = 1.937669e-02 eV
Learning rate changed to 0.04171208799332206
Epoch 88: training:   MSE E = 1.841662e-02, MSE F = 5.337042e-04, MSE total = 1.895033e-02 eV
Epoch 88: validation: MSE E = 1.901254e-02, MSE F = 5.370696e-04, MSE total = 1.954961e-02 eV
Learning rate changed to 0.041294967113388835
Epoch 89: training:   MSE E = 1.829620e-02, MSE F = 5.312165e-04, MSE total = 1.882742e-02 eV
Epoch 89: validation: MSE E = 1.889951e-02, MSE F = 5.345167e-04, MSE total = 1.943403e-02 eV
Learning rate changed to 0.04088201744225495
Epoch 90: training:   MSE E = 1.817623e-02, MSE F = 5.286292e-04, MSE total = 1.870486e-02 eV
Epoch 90: validation: MSE E = 1.852947e-02, MSE F = 5.304571e-04, MSE total = 1.905993e-02 eV
Learning rate changed to 0.0404731972678324
Epoch 91: training:   MSE E = 1.809146e-02, MSE F = 5.260829e-04, MSE total = 1.861755e-02 eV
Epoch 91: validation: MSE E = 1.839124e-02, MSE F = 5.285800e-04, MSE total = 1.891982e-02 eV
Learning rate changed to 0.04006846529515407
Epoch 92: training:   MSE E = 1.801683e-02, MSE F = 5.235830e-04, MSE total = 1.854041e-02 eV
Epoch 92: validation: MSE E = 1.863698e-02, MSE F = 5.272268e-04, MSE total = 1.916421e-02 eV
Learning rate changed to 0.039667780642202534
Epoch 93: training:   MSE E = 1.793097e-02, MSE F = 5.210669e-04, MSE total = 1.845204e-02 eV
Epoch 93: validation: MSE E = 1.819987e-02, MSE F = 5.228859e-04, MSE total = 1.872275e-02 eV
Learning rate changed to 0.03927110283578051
Epoch 94: training:   MSE E = 1.797407e-02, MSE F = 5.185977e-04, MSE total = 1.849267e-02 eV
Epoch 94: validation: MSE E = 1.850012e-02, MSE F = 5.223154e-04, MSE total = 1.902243e-02 eV
Learning rate changed to 0.0388783918074227
Epoch 95: training:   MSE E = 1.778901e-02, MSE F = 5.161253e-04, MSE total = 1.830514e-02 eV
Epoch 95: validation: MSE E = 1.823626e-02, MSE F = 5.196444e-04, MSE total = 1.875591e-02 eV
Learning rate changed to 0.03848960788934848
Epoch 96: training:   MSE E = 1.762034e-02, MSE F = 5.137296e-04, MSE total = 1.813407e-02 eV
Epoch 96: validation: MSE E = 1.792106e-02, MSE F = 5.165708e-04, MSE total = 1.843763e-02 eV
Learning rate changed to 0.038104711810454994
Epoch 97: training:   MSE E = 1.752184e-02, MSE F = 5.113910e-04, MSE total = 1.803323e-02 eV
Epoch 97: validation: MSE E = 1.786753e-02, MSE F = 5.136572e-04, MSE total = 1.838119e-02 eV
Learning rate changed to 0.037723664692350445
Epoch 98: training:   MSE E = 1.748337e-02, MSE F = 5.088823e-04, MSE total = 1.799226e-02 eV
Epoch 98: validation: MSE E = 1.773004e-02, MSE F = 5.115866e-04, MSE total = 1.824163e-02 eV
Learning rate changed to 0.03734642804542694
Epoch 99: training:   MSE E = 1.729600e-02, MSE F = 5.066455e-04, MSE total = 1.780265e-02 eV
Epoch 99: validation: MSE E = 1.763994e-02, MSE F = 5.082712e-04, MSE total = 1.814822e-02 eV
Learning rate changed to 0.03697296376497267
Epoch 100: training:   MSE E = 1.718380e-02, MSE F = 5.043133e-04, MSE total = 1.768811e-02 eV
Epoch 100: validation: MSE E = 1.765720e-02, MSE F = 5.056299e-04, MSE total = 1.816283e-02 eV
Learning rate changed to 0.03660323412732295
Epoch 101: training:   MSE E = 1.718090e-02, MSE F = 5.019857e-04, MSE total = 1.768289e-02 eV
Epoch 101: validation: MSE E = 1.740151e-02, MSE F = 5.040313e-04, MSE total = 1.790554e-02 eV
Learning rate changed to 0.03623720178604972
Epoch 102: training:   MSE E = 1.702358e-02, MSE F = 4.997681e-04, MSE total = 1.752334e-02 eV
Epoch 102: validation: MSE E = 1.777129e-02, MSE F = 5.034739e-04, MSE total = 1.827476e-02 eV
Learning rate changed to 0.035874829768189224
Epoch 103: training:   MSE E = 1.695524e-02, MSE F = 4.975450e-04, MSE total = 1.745279e-02 eV
Epoch 103: validation: MSE E = 1.732822e-02, MSE F = 4.988283e-04, MSE total = 1.782705e-02 eV
Learning rate changed to 0.03551608147050733
Epoch 104: training:   MSE E = 1.680952e-02, MSE F = 4.953069e-04, MSE total = 1.730483e-02 eV
Epoch 104: validation: MSE E = 1.708629e-02, MSE F = 4.974572e-04, MSE total = 1.758374e-02 eV
Learning rate changed to 0.03516092065580226
Epoch 105: training:   MSE E = 1.675300e-02, MSE F = 4.931880e-04, MSE total = 1.724618e-02 eV
Epoch 105: validation: MSE E = 1.715247e-02, MSE F = 4.945184e-04, MSE total = 1.764699e-02 eV
Learning rate changed to 0.034809311449244235
Epoch 106: training:   MSE E = 1.673572e-02, MSE F = 4.909877e-04, MSE total = 1.722671e-02 eV
Epoch 106: validation: MSE E = 1.698147e-02, MSE F = 4.936887e-04, MSE total = 1.747516e-02 eV
Learning rate changed to 0.03446121833475179
Epoch 107: training:   MSE E = 1.660353e-02, MSE F = 4.888098e-04, MSE total = 1.709234e-02 eV
Epoch 107: validation: MSE E = 1.674615e-02, MSE F = 4.919072e-04, MSE total = 1.723806e-02 eV
Learning rate changed to 0.03411660615140427
Epoch 108: training:   MSE E = 1.653971e-02, MSE F = 4.867611e-04, MSE total = 1.702648e-02 eV
Epoch 108: validation: MSE E = 1.670896e-02, MSE F = 4.889852e-04, MSE total = 1.719794e-02 eV
Learning rate changed to 0.03377544008989023
Epoch 109: training:   MSE E = 1.633272e-02, MSE F = 4.846424e-04, MSE total = 1.681736e-02 eV
Epoch 109: validation: MSE E = 1.664138e-02, MSE F = 4.873606e-04, MSE total = 1.712874e-02 eV
Learning rate changed to 0.03343768568899133
Epoch 110: training:   MSE E = 1.636742e-02, MSE F = 4.826054e-04, MSE total = 1.685003e-02 eV
Epoch 110: validation: MSE E = 1.775166e-02, MSE F = 4.825729e-04, MSE total = 1.823423e-02 eV
Learning rate changed to 0.03310330883210142
Epoch 111: training:   MSE E = 1.667586e-02, MSE F = 4.804769e-04, MSE total = 1.715634e-02 eV
Epoch 111: validation: MSE E = 1.639724e-02, MSE F = 4.827513e-04, MSE total = 1.687999e-02 eV
Learning rate changed to 0.03277227574378041
Epoch 112: training:   MSE E = 1.604218e-02, MSE F = 4.783616e-04, MSE total = 1.652054e-02 eV
Epoch 112: validation: MSE E = 1.635507e-02, MSE F = 4.807902e-04, MSE total = 1.683586e-02 eV
Learning rate changed to 0.032444552986342606
Epoch 113: training:   MSE E = 1.605311e-02, MSE F = 4.763881e-04, MSE total = 1.652950e-02 eV
Epoch 113: validation: MSE E = 1.615230e-02, MSE F = 4.790663e-04, MSE total = 1.663137e-02 eV
Learning rate changed to 0.03212010745647918
Epoch 114: training:   MSE E = 1.582474e-02, MSE F = 4.744750e-04, MSE total = 1.629922e-02 eV
Epoch 114: validation: MSE E = 1.644383e-02, MSE F = 4.777666e-04, MSE total = 1.692160e-02 eV
Learning rate changed to 0.03179890638191439
Epoch 115: training:   MSE E = 1.585637e-02, MSE F = 4.725442e-04, MSE total = 1.632891e-02 eV
Epoch 115: validation: MSE E = 1.617695e-02, MSE F = 4.751307e-04, MSE total = 1.665208e-02 eV
Learning rate changed to 0.03148091731809525
Epoch 116: training:   MSE E = 1.581822e-02, MSE F = 4.706506e-04, MSE total = 1.628887e-02 eV
Epoch 116: validation: MSE E = 1.619028e-02, MSE F = 4.742341e-04, MSE total = 1.666451e-02 eV
Learning rate changed to 0.031166108144914297
Epoch 117: training:   MSE E = 1.558109e-02, MSE F = 4.687965e-04, MSE total = 1.604989e-02 eV
Epoch 117: validation: MSE E = 1.592444e-02, MSE F = 4.712924e-04, MSE total = 1.639573e-02 eV
Learning rate changed to 0.030854447063465153
Epoch 118: training:   MSE E = 1.549014e-02, MSE F = 4.668901e-04, MSE total = 1.595703e-02 eV
Epoch 118: validation: MSE E = 1.573144e-02, MSE F = 4.695872e-04, MSE total = 1.620102e-02 eV
Learning rate changed to 0.030545902592830503
Epoch 119: training:   MSE E = 1.545796e-02, MSE F = 4.651490e-04, MSE total = 1.592311e-02 eV
Epoch 119: validation: MSE E = 1.565105e-02, MSE F = 4.673749e-04, MSE total = 1.611843e-02 eV
Learning rate changed to 0.030240443566902198
Epoch 120: training:   MSE E = 1.527395e-02, MSE F = 4.633019e-04, MSE total = 1.573725e-02 eV
Epoch 120: validation: MSE E = 1.586741e-02, MSE F = 4.671910e-04, MSE total = 1.633460e-02 eV
Learning rate changed to 0.029938039131233177
Epoch 121: training:   MSE E = 1.517591e-02, MSE F = 4.615808e-04, MSE total = 1.563749e-02 eV
Epoch 121: validation: MSE E = 1.563129e-02, MSE F = 4.647929e-04, MSE total = 1.609608e-02 eV
Learning rate changed to 0.029638658739920845
Epoch 122: training:   MSE E = 1.507240e-02, MSE F = 4.598801e-04, MSE total = 1.553228e-02 eV
Epoch 122: validation: MSE E = 1.544753e-02, MSE F = 4.629504e-04, MSE total = 1.591048e-02 eV
Learning rate changed to 0.029342272152521637
Epoch 123: training:   MSE E = 1.499305e-02, MSE F = 4.581921e-04, MSE total = 1.545125e-02 eV
Epoch 123: validation: MSE E = 1.533088e-02, MSE F = 4.610398e-04, MSE total = 1.579192e-02 eV
Learning rate changed to 0.02904884943099642
Epoch 124: training:   MSE E = 1.492401e-02, MSE F = 4.565188e-04, MSE total = 1.538053e-02 eV
Epoch 124: validation: MSE E = 1.530383e-02, MSE F = 4.592396e-04, MSE total = 1.576307e-02 eV
Learning rate changed to 0.028758360936686458
Epoch 125: training:   MSE E = 1.487459e-02, MSE F = 4.548404e-04, MSE total = 1.532943e-02 eV
Epoch 125: validation: MSE E = 1.572991e-02, MSE F = 4.585582e-04, MSE total = 1.618847e-02 eV
Learning rate changed to 0.028470777327319594
Epoch 126: training:   MSE E = 1.482195e-02, MSE F = 4.532264e-04, MSE total = 1.527518e-02 eV
Epoch 126: validation: MSE E = 1.610893e-02, MSE F = 4.573327e-04, MSE total = 1.656627e-02 eV
Learning rate changed to 0.028186069554046397
Epoch 127: training:   MSE E = 1.468765e-02, MSE F = 4.516124e-04, MSE total = 1.513926e-02 eV
Epoch 127: validation: MSE E = 1.553326e-02, MSE F = 4.549277e-04, MSE total = 1.598818e-02 eV
Learning rate changed to 0.027904208858505933
Epoch 128: training:   MSE E = 1.466020e-02, MSE F = 4.500595e-04, MSE total = 1.511026e-02 eV
Epoch 128: validation: MSE E = 1.480982e-02, MSE F = 4.520282e-04, MSE total = 1.526185e-02 eV
Learning rate changed to 0.027625166769920873
Epoch 129: training:   MSE E = 1.457526e-02, MSE F = 4.484948e-04, MSE total = 1.502375e-02 eV
Epoch 129: validation: MSE E = 1.542599e-02, MSE F = 4.491802e-04, MSE total = 1.587517e-02 eV
Learning rate changed to 0.027348915102221663
Epoch 130: training:   MSE E = 1.442828e-02, MSE F = 4.468677e-04, MSE total = 1.487515e-02 eV
Epoch 130: validation: MSE E = 1.457801e-02, MSE F = 4.490601e-04, MSE total = 1.502707e-02 eV
Learning rate changed to 0.027075425951199446
Epoch 131: training:   MSE E = 1.426583e-02, MSE F = 4.454694e-04, MSE total = 1.471130e-02 eV
Epoch 131: validation: MSE E = 1.444763e-02, MSE F = 4.473731e-04, MSE total = 1.489501e-02 eV
Learning rate changed to 0.026804671691687453
Epoch 132: training:   MSE E = 1.414734e-02, MSE F = 4.440061e-04, MSE total = 1.459135e-02 eV
Epoch 132: validation: MSE E = 1.443586e-02, MSE F = 4.457363e-04, MSE total = 1.488160e-02 eV
Learning rate changed to 0.02653662497477058
Epoch 133: training:   MSE E = 1.422311e-02, MSE F = 4.425042e-04, MSE total = 1.466562e-02 eV
Epoch 133: validation: MSE E = 1.502375e-02, MSE F = 4.462585e-04, MSE total = 1.547001e-02 eV
Learning rate changed to 0.026271258725022874
Epoch 134: training:   MSE E = 1.417457e-02, MSE F = 4.411385e-04, MSE total = 1.461571e-02 eV
Epoch 134: validation: MSE E = 1.537184e-02, MSE F = 4.452357e-04, MSE total = 1.581708e-02 eV
Learning rate changed to 0.026008546137772644
Epoch 135: training:   MSE E = 1.413500e-02, MSE F = 4.396784e-04, MSE total = 1.457468e-02 eV
Epoch 135: validation: MSE E = 1.408103e-02, MSE F = 4.417213e-04, MSE total = 1.452276e-02 eV
Learning rate changed to 0.025748460676394917
Epoch 136: training:   MSE E = 1.389075e-02, MSE F = 4.382741e-04, MSE total = 1.432902e-02 eV
Epoch 136: validation: MSE E = 1.460407e-02, MSE F = 4.391659e-04, MSE total = 1.504323e-02 eV
Learning rate changed to 0.025490976069630966
Epoch 137: training:   MSE E = 1.396093e-02, MSE F = 4.368446e-04, MSE total = 1.439777e-02 eV
Epoch 137: validation: MSE E = 1.396335e-02, MSE F = 4.392700e-04, MSE total = 1.440262e-02 eV
Learning rate changed to 0.025236066308934657
Epoch 138: training:   MSE E = 1.367149e-02, MSE F = 4.355326e-04, MSE total = 1.410702e-02 eV
Epoch 138: validation: MSE E = 1.537446e-02, MSE F = 4.402614e-04, MSE total = 1.581472e-02 eV
Learning rate changed to 0.02498370564584531
Epoch 139: training:   MSE E = 1.411704e-02, MSE F = 4.341825e-04, MSE total = 1.455122e-02 eV
Epoch 139: validation: MSE E = 1.381765e-02, MSE F = 4.359835e-04, MSE total = 1.425363e-02 eV
Learning rate changed to 0.024733868589386858
Epoch 140: training:   MSE E = 1.351761e-02, MSE F = 4.328759e-04, MSE total = 1.395048e-02 eV
Epoch 140: validation: MSE E = 1.364691e-02, MSE F = 4.352490e-04, MSE total = 1.408217e-02 eV
Learning rate changed to 0.02448652990349299
Epoch 141: training:   MSE E = 1.330976e-02, MSE F = 4.315976e-04, MSE total = 1.374136e-02 eV
Epoch 141: validation: MSE E = 1.383373e-02, MSE F = 4.347651e-04, MSE total = 1.426849e-02 eV
Learning rate changed to 0.02424166460445806
Epoch 142: training:   MSE E = 1.348778e-02, MSE F = 4.304021e-04, MSE total = 1.391818e-02 eV
Epoch 142: validation: MSE E = 1.350556e-02, MSE F = 4.333783e-04, MSE total = 1.393894e-02 eV
Learning rate changed to 0.02399924795841348
Epoch 143: training:   MSE E = 1.336573e-02, MSE F = 4.291785e-04, MSE total = 1.379491e-02 eV
Epoch 143: validation: MSE E = 1.349923e-02, MSE F = 4.318201e-04, MSE total = 1.393105e-02 eV
Learning rate changed to 0.023759255478829344
Epoch 144: training:   MSE E = 1.317379e-02, MSE F = 4.280548e-04, MSE total = 1.360184e-02 eV
Epoch 144: validation: MSE E = 1.318994e-02, MSE F = 4.307972e-04, MSE total = 1.362074e-02 eV
Learning rate changed to 0.02352166292404105
Epoch 145: training:   MSE E = 1.294353e-02, MSE F = 4.269198e-04, MSE total = 1.337045e-02 eV
Epoch 145: validation: MSE E = 1.331720e-02, MSE F = 4.301041e-04, MSE total = 1.374730e-02 eV
Learning rate changed to 0.02328644629480064
Epoch 146: training:   MSE E = 1.285098e-02, MSE F = 4.258245e-04, MSE total = 1.327681e-02 eV
Epoch 146: validation: MSE E = 1.307695e-02, MSE F = 4.277861e-04, MSE total = 1.350473e-02 eV
Learning rate changed to 0.023053581831852635
Epoch 147: training:   MSE E = 1.281747e-02, MSE F = 4.248179e-04, MSE total = 1.324228e-02 eV
Epoch 147: validation: MSE E = 1.307518e-02, MSE F = 4.279912e-04, MSE total = 1.350317e-02 eV
Learning rate changed to 0.022823046013534107
Epoch 148: training:   MSE E = 1.266031e-02, MSE F = 4.238542e-04, MSE total = 1.308416e-02 eV
Epoch 148: validation: MSE E = 1.285613e-02, MSE F = 4.262503e-04, MSE total = 1.328238e-02 eV
Learning rate changed to 0.022594815553398765
Epoch 149: training:   MSE E = 1.263497e-02, MSE F = 4.228133e-04, MSE total = 1.305779e-02 eV
Epoch 149: validation: MSE E = 1.303047e-02, MSE F = 4.261222e-04, MSE total = 1.345660e-02 eV
Learning rate changed to 0.022368867397864776
Epoch 150: training:   MSE E = 1.252425e-02, MSE F = 4.218357e-04, MSE total = 1.294609e-02 eV
Epoch 150: validation: MSE E = 1.270444e-02, MSE F = 4.244547e-04, MSE total = 1.312890e-02 eV
Learning rate changed to 0.02214517872388613
Epoch 151: training:   MSE E = 1.245191e-02, MSE F = 4.209430e-04, MSE total = 1.287285e-02 eV
Epoch 151: validation: MSE E = 1.267673e-02, MSE F = 4.226095e-04, MSE total = 1.309934e-02 eV
Learning rate changed to 0.021923726936647268
Epoch 152: training:   MSE E = 1.254213e-02, MSE F = 4.199669e-04, MSE total = 1.296209e-02 eV
Epoch 152: validation: MSE E = 1.244818e-02, MSE F = 4.219022e-04, MSE total = 1.287008e-02 eV
Learning rate changed to 0.021704489667280794
Epoch 153: training:   MSE E = 1.228588e-02, MSE F = 4.191169e-04, MSE total = 1.270500e-02 eV
Epoch 153: validation: MSE E = 1.249792e-02, MSE F = 4.210033e-04, MSE total = 1.291892e-02 eV
Learning rate changed to 0.021487444770607985
Epoch 154: training:   MSE E = 1.225616e-02, MSE F = 4.181526e-04, MSE total = 1.267431e-02 eV
Epoch 154: validation: MSE E = 1.310236e-02, MSE F = 4.218992e-04, MSE total = 1.352426e-02 eV
Learning rate changed to 0.021272570322901904
Epoch 155: training:   MSE E = 1.214414e-02, MSE F = 4.173497e-04, MSE total = 1.256149e-02 eV
Epoch 155: validation: MSE E = 1.386154e-02, MSE F = 4.216712e-04, MSE total = 1.428321e-02 eV
Learning rate changed to 0.021059844619672884
Epoch 156: training:   MSE E = 1.227076e-02, MSE F = 4.165100e-04, MSE total = 1.268726e-02 eV
Epoch 156: validation: MSE E = 1.230311e-02, MSE F = 4.180723e-04, MSE total = 1.272118e-02 eV
Learning rate changed to 0.020849246173476155
Epoch 157: training:   MSE E = 1.210827e-02, MSE F = 4.156170e-04, MSE total = 1.252389e-02 eV
Epoch 157: validation: MSE E = 1.273557e-02, MSE F = 4.199092e-04, MSE total = 1.315548e-02 eV
Learning rate changed to 0.020640753711741393
Epoch 158: training:   MSE E = 1.213927e-02, MSE F = 4.148067e-04, MSE total = 1.255407e-02 eV
Epoch 158: validation: MSE E = 1.190337e-02, MSE F = 4.171098e-04, MSE total = 1.232048e-02 eV
Learning rate changed to 0.020434346174623978
Epoch 159: training:   MSE E = 1.178138e-02, MSE F = 4.140206e-04, MSE total = 1.219540e-02 eV
Epoch 159: validation: MSE E = 1.179049e-02, MSE F = 4.164034e-04, MSE total = 1.220689e-02 eV
Learning rate changed to 0.020230002712877736
Epoch 160: training:   MSE E = 1.151774e-02, MSE F = 4.133343e-04, MSE total = 1.193107e-02 eV
Epoch 160: validation: MSE E = 1.177720e-02, MSE F = 4.155962e-04, MSE total = 1.219280e-02 eV
Learning rate changed to 0.02002770268574896
Epoch 161: training:   MSE E = 1.160299e-02, MSE F = 4.126861e-04, MSE total = 1.201568e-02 eV
Epoch 161: validation: MSE E = 1.209144e-02, MSE F = 4.139550e-04, MSE total = 1.250539e-02 eV
Learning rate changed to 0.01982742565889147
Epoch 162: training:   MSE E = 1.199207e-02, MSE F = 4.120107e-04, MSE total = 1.240408e-02 eV
Epoch 162: validation: MSE E = 1.205484e-02, MSE F = 4.126613e-04, MSE total = 1.246750e-02 eV
Learning rate changed to 0.019629151402302553
Epoch 163: training:   MSE E = 1.157052e-02, MSE F = 4.112163e-04, MSE total = 1.198174e-02 eV
Epoch 163: validation: MSE E = 1.211972e-02, MSE F = 4.121362e-04, MSE total = 1.253186e-02 eV
Learning rate changed to 0.019432859888279527
Epoch 164: training:   MSE E = 1.133132e-02, MSE F = 4.106073e-04, MSE total = 1.174193e-02 eV
Epoch 164: validation: MSE E = 1.145703e-02, MSE F = 4.126675e-04, MSE total = 1.186970e-02 eV
Learning rate changed to 0.019238531289396732
Epoch 165: training:   MSE E = 1.123796e-02, MSE F = 4.099730e-04, MSE total = 1.164793e-02 eV
Epoch 165: validation: MSE E = 1.120851e-02, MSE F = 4.123035e-04, MSE total = 1.162081e-02 eV
Learning rate changed to 0.019046145976502765
Epoch 166: training:   MSE E = 1.094752e-02, MSE F = 4.094844e-04, MSE total = 1.135701e-02 eV
Epoch 166: validation: MSE E = 1.118223e-02, MSE F = 4.122882e-04, MSE total = 1.159452e-02 eV
Learning rate changed to 0.018855684516737737
Epoch 167: training:   MSE E = 1.084169e-02, MSE F = 4.090647e-04, MSE total = 1.125075e-02 eV
Epoch 167: validation: MSE E = 1.107863e-02, MSE F = 4.112793e-04, MSE total = 1.148991e-02 eV
Learning rate changed to 0.01866712767157036
Epoch 168: training:   MSE E = 1.090523e-02, MSE F = 4.086054e-04, MSE total = 1.131383e-02 eV
Epoch 168: validation: MSE E = 1.111967e-02, MSE F = 4.117202e-04, MSE total = 1.153139e-02 eV
Learning rate changed to 0.018480456394854655
Epoch 169: training:   MSE E = 1.114833e-02, MSE F = 4.081504e-04, MSE total = 1.155648e-02 eV
Epoch 169: validation: MSE E = 1.080128e-02, MSE F = 4.105745e-04, MSE total = 1.121185e-02 eV
Learning rate changed to 0.018295651830906107
Epoch 170: training:   MSE E = 1.065000e-02, MSE F = 4.076848e-04, MSE total = 1.105769e-02 eV
Epoch 170: validation: MSE E = 1.080269e-02, MSE F = 4.105718e-04, MSE total = 1.121326e-02 eV
Learning rate changed to 0.018112695312597047
Epoch 171: training:   MSE E = 1.049378e-02, MSE F = 4.072827e-04, MSE total = 1.090106e-02 eV
Epoch 171: validation: MSE E = 1.061050e-02, MSE F = 4.100355e-04, MSE total = 1.102054e-02 eV
Learning rate changed to 0.017931568359471076
Epoch 172: training:   MSE E = 1.063102e-02, MSE F = 4.070016e-04, MSE total = 1.103803e-02 eV
Epoch 172: validation: MSE E = 1.048744e-02, MSE F = 4.092451e-04, MSE total = 1.089669e-02 eV
Learning rate changed to 0.017752252675876365
Epoch 173: training:   MSE E = 1.052658e-02, MSE F = 4.065954e-04, MSE total = 1.093318e-02 eV
Epoch 173: validation: MSE E = 1.044092e-02, MSE F = 4.087922e-04, MSE total = 1.084971e-02 eV
Learning rate changed to 0.0175747301491176
Epoch 174: training:   MSE E = 1.027682e-02, MSE F = 4.063105e-04, MSE total = 1.068313e-02 eV
Epoch 174: validation: MSE E = 1.063056e-02, MSE F = 4.080804e-04, MSE total = 1.103864e-02 eV
Learning rate changed to 0.017398982847626424
Epoch 175: training:   MSE E = 1.048336e-02, MSE F = 4.060227e-04, MSE total = 1.088938e-02 eV
Epoch 175: validation: MSE E = 1.045986e-02, MSE F = 4.093371e-04, MSE total = 1.086920e-02 eV
Learning rate changed to 0.01722499301915016
Epoch 176: training:   MSE E = 1.056220e-02, MSE F = 4.057236e-04, MSE total = 1.096793e-02 eV
Epoch 176: validation: MSE E = 1.045423e-02, MSE F = 4.073502e-04, MSE total = 1.086158e-02 eV
Learning rate changed to 0.01705274308895866
Epoch 177: training:   MSE E = 9.903171e-03, MSE F = 4.053139e-04, MSE total = 1.030848e-02 eV
Epoch 177: validation: MSE E = 1.173153e-02, MSE F = 4.099858e-04, MSE total = 1.214152e-02 eV
Learning rate changed to 0.01688221565806907
Epoch 178: training:   MSE E = 1.026339e-02, MSE F = 4.051506e-04, MSE total = 1.066854e-02 eV
Epoch 178: validation: MSE E = 9.983979e-03, MSE F = 4.082654e-04, MSE total = 1.039224e-02 eV
Learning rate changed to 0.01671339350148838
Epoch 179: training:   MSE E = 9.655505e-03, MSE F = 4.049423e-04, MSE total = 1.006045e-02 eV
Epoch 179: validation: MSE E = 1.001671e-02, MSE F = 4.082491e-04, MSE total = 1.042496e-02 eV
Learning rate changed to 0.016546259566473494
Epoch 180: training:   MSE E = 9.836383e-03, MSE F = 4.048754e-04, MSE total = 1.024126e-02 eV
Epoch 180: validation: MSE E = 1.089236e-02, MSE F = 4.091753e-04, MSE total = 1.130154e-02 eV
Learning rate changed to 0.01638079697080876
Epoch 181: training:   MSE E = 9.835951e-03, MSE F = 4.047652e-04, MSE total = 1.024072e-02 eV
Epoch 181: validation: MSE E = 9.608898e-03, MSE F = 4.072063e-04, MSE total = 1.001611e-02 eV
Learning rate changed to 0.016216989001100673
Epoch 182: training:   MSE E = 9.578632e-03, MSE F = 4.046073e-04, MSE total = 9.983239e-03 eV
Epoch 182: validation: MSE E = 1.059880e-02, MSE F = 4.087223e-04, MSE total = 1.100753e-02 eV
Learning rate changed to 0.016054819111089667
Epoch 183: training:   MSE E = 9.408550e-03, MSE F = 4.046219e-04, MSE total = 9.813173e-03 eV
Epoch 183: validation: MSE E = 9.420495e-03, MSE F = 4.074266e-04, MSE total = 9.827920e-03 eV
Learning rate changed to 0.01589427091997877
Epoch 184: training:   MSE E = 9.181449e-03, MSE F = 4.046260e-04, MSE total = 9.586073e-03 eV
Epoch 184: validation: MSE E = 9.291121e-03, MSE F = 4.076297e-04, MSE total = 9.698751e-03 eV
Learning rate changed to 0.01573532821077898
Epoch 185: training:   MSE E = 9.415819e-03, MSE F = 4.047180e-04, MSE total = 9.820536e-03 eV
Epoch 185: validation: MSE E = 9.342800e-03, MSE F = 4.065601e-04, MSE total = 9.749360e-03 eV
Learning rate changed to 0.015577974928671192
Epoch 186: training:   MSE E = 8.947221e-03, MSE F = 4.047205e-04, MSE total = 9.351941e-03 eV
Epoch 186: validation: MSE E = 9.220424e-03, MSE F = 4.071259e-04, MSE total = 9.627551e-03 eV
Learning rate changed to 0.01542219517938448
Epoch 187: training:   MSE E = 8.929847e-03, MSE F = 4.048955e-04, MSE total = 9.334744e-03 eV
Epoch 187: validation: MSE E = 9.380339e-03, MSE F = 4.060497e-04, MSE total = 9.786389e-03 eV
Learning rate changed to 0.015267973227590634
Epoch 188: training:   MSE E = 9.015730e-03, MSE F = 4.049510e-04, MSE total = 9.420681e-03 eV
Epoch 188: validation: MSE E = 1.042655e-02, MSE F = 4.099712e-04, MSE total = 1.083652e-02 eV
Learning rate changed to 0.015115293495314729
Epoch 189: training:   MSE E = 9.123988e-03, MSE F = 4.050762e-04, MSE total = 9.529064e-03 eV
Epoch 189: validation: MSE E = 8.738026e-03, MSE F = 4.076196e-04, MSE total = 9.145645e-03 eV
Learning rate changed to 0.01496414056036158
Epoch 190: training:   MSE E = 8.726204e-03, MSE F = 4.051882e-04, MSE total = 9.131393e-03 eV
Epoch 190: validation: MSE E = 8.852218e-03, MSE F = 4.084788e-04, MSE total = 9.260697e-03 eV
Learning rate changed to 0.014814499154757965
Epoch 191: training:   MSE E = 8.512544e-03, MSE F = 4.054427e-04, MSE total = 8.917986e-03 eV
Epoch 191: validation: MSE E = 8.638515e-03, MSE F = 4.076872e-04, MSE total = 9.046203e-03 eV
Learning rate changed to 0.014666354163210386
Epoch 192: training:   MSE E = 8.471608e-03, MSE F = 4.056162e-04, MSE total = 8.877225e-03 eV
Epoch 192: validation: MSE E = 8.430542e-03, MSE F = 4.081969e-04, MSE total = 8.838739e-03 eV
Learning rate changed to 0.014519690621578282
Epoch 193: training:   MSE E = 8.486716e-03, MSE F = 4.059254e-04, MSE total = 8.892640e-03 eV
Epoch 193: validation: MSE E = 8.579859e-03, MSE F = 4.093553e-04, MSE total = 8.989214e-03 eV
Learning rate changed to 0.014374493715362499
Epoch 194: training:   MSE E = 8.241370e-03, MSE F = 4.061871e-04, MSE total = 8.647555e-03 eV
Epoch 194: validation: MSE E = 8.354013e-03, MSE F = 4.094392e-04, MSE total = 8.763453e-03 eV
Learning rate changed to 0.014230748778208874
Epoch 195: training:   MSE E = 8.135716e-03, MSE F = 4.065566e-04, MSE total = 8.542272e-03 eV
Epoch 195: validation: MSE E = 8.213867e-03, MSE F = 4.096829e-04, MSE total = 8.623551e-03 eV
Learning rate changed to 0.014088441290426785
Epoch 196: training:   MSE E = 7.979457e-03, MSE F = 4.069039e-04, MSE total = 8.386361e-03 eV
Epoch 196: validation: MSE E = 8.057910e-03, MSE F = 4.101058e-04, MSE total = 8.468017e-03 eV
Learning rate changed to 0.013947556877522518
Epoch 197: training:   MSE E = 8.530128e-03, MSE F = 4.072653e-04, MSE total = 8.937391e-03 eV
Epoch 197: validation: MSE E = 8.502129e-03, MSE F = 4.113740e-04, MSE total = 8.913504e-03 eV
Learning rate changed to 0.013808081308747293
Epoch 198: training:   MSE E = 8.085632e-03, MSE F = 4.074875e-04, MSE total = 8.493119e-03 eV
Epoch 198: validation: MSE E = 8.737599e-03, MSE F = 4.086578e-04, MSE total = 9.146257e-03 eV
Learning rate changed to 0.01367000049565982
Epoch 199: training:   MSE E = 8.044428e-03, MSE F = 4.077266e-04, MSE total = 8.452154e-03 eV
Epoch 199: validation: MSE E = 8.550186e-03, MSE F = 4.121083e-04, MSE total = 8.962295e-03 eV
Learning rate changed to 0.013533300490703223
Epoch 200: training:   MSE E = 7.785319e-03, MSE F = 4.081827e-04, MSE total = 8.193503e-03 eV
Epoch 200: validation: MSE E = 7.856693e-03, MSE F = 4.116536e-04, MSE total = 8.268347e-03 eV
Learning rate changed to 0.01339796748579619
Testing: MSE E = 7.669345e-03, MSE F = 4.101762e-04, MSE total = 8.079521e-03 eV
