NNMD v0.1.0

---Neural network parameters---
device:                        cuda
training epochs:               100
batch size:                    16
optimizer:                     Adam
loss function:                 RMSELoss
loss function coefficient:     1
learning rate:                 0.1
scheduler:                     ReduceLROnPlateau
L2 regularization coefficient: 0.001

----Atomic NNs parameters----
input size (number of descriptors): 5
hidden layers sizes:                [30, 30]
mu:                                 1

----Symmetry functions parameters----
cutoff radius: 6.0
eta:           0.01
rs:            0.5
k:             1
lambda:        -1
xi:            3

Training sample size: 208
iter: 1: RMSE E = 3.199593e+01, RMSE F = 1.511127e+00, RMSE total = 3.350705e+01 eV
iter: 2: RMSE E = 1.344994e+01, RMSE F = 1.278621e+00, RMSE total = 1.472856e+01 eV
iter: 3: RMSE E = 1.199582e+01, RMSE F = 1.240638e+00, RMSE total = 1.323645e+01 eV
iter: 4: RMSE E = 1.107718e+01, RMSE F = 1.233921e+00, RMSE total = 1.231110e+01 eV
iter: 5: RMSE E = 1.088843e+01, RMSE F = 1.233182e+00, RMSE total = 1.212161e+01 eV
iter: 6: RMSE E = 1.086359e+01, RMSE F = 1.231525e+00, RMSE total = 1.209511e+01 eV
iter: 7: RMSE E = 1.085956e+01, RMSE F = 1.231676e+00, RMSE total = 1.209123e+01 eV
iter: 8: RMSE E = 1.084808e+01, RMSE F = 1.231680e+00, RMSE total = 1.207976e+01 eV
iter: 9: RMSE E = 1.084339e+01, RMSE F = 1.231677e+00, RMSE total = 1.207507e+01 eV
iter: 10: RMSE E = 1.083665e+01, RMSE F = 1.231900e+00, RMSE total = 1.206855e+01 eV
iter: 11: RMSE E = 1.084544e+01, RMSE F = 1.231295e+00, RMSE total = 1.207673e+01 eV
iter: 12: RMSE E = 1.084978e+01, RMSE F = 1.231612e+00, RMSE total = 1.208139e+01 eV
iter: 13: RMSE E = 1.085624e+01, RMSE F = 1.230878e+00, RMSE total = 1.208712e+01 eV
iter: 14: RMSE E = 1.087829e+01, RMSE F = 1.231407e+00, RMSE total = 1.210969e+01 eV
iter: 15: RMSE E = 1.090491e+01, RMSE F = 1.231693e+00, RMSE total = 1.213660e+01 eV
iter: 16: RMSE E = 1.095515e+01, RMSE F = 1.231666e+00, RMSE total = 1.218682e+01 eV
iter: 17: RMSE E = 1.100673e+01, RMSE F = 1.231943e+00, RMSE total = 1.223867e+01 eV
iter: 18: RMSE E = 1.107623e+01, RMSE F = 1.231623e+00, RMSE total = 1.230786e+01 eV
iter: 19: RMSE E = 1.115490e+01, RMSE F = 1.231311e+00, RMSE total = 1.238622e+01 eV
iter: 20: RMSE E = 1.120380e+01, RMSE F = 1.231133e+00, RMSE total = 1.243493e+01 eV
iter: 21: RMSE E = 1.132378e+01, RMSE F = 1.231456e+00, RMSE total = 1.255524e+01 eV
iter: 22: RMSE E = 1.152589e+01, RMSE F = 1.231016e+00, RMSE total = 1.275690e+01 eV
iter: 23: RMSE E = 1.169262e+01, RMSE F = 1.230564e+00, RMSE total = 1.292318e+01 eV
iter: 24: RMSE E = 1.177388e+01, RMSE F = 1.231344e+00, RMSE total = 1.300523e+01 eV
iter: 25: RMSE E = 1.164386e+01, RMSE F = 1.231601e+00, RMSE total = 1.287546e+01 eV
iter: 26: RMSE E = 1.139795e+01, RMSE F = 1.231022e+00, RMSE total = 1.262897e+01 eV
iter: 27: RMSE E = 1.115416e+01, RMSE F = 1.230757e+00, RMSE total = 1.238491e+01 eV
iter: 28: RMSE E = 1.102406e+01, RMSE F = 1.230593e+00, RMSE total = 1.225465e+01 eV
iter: 29: RMSE E = 1.097675e+01, RMSE F = 1.230753e+00, RMSE total = 1.220750e+01 eV
iter: 30: RMSE E = 1.096005e+01, RMSE F = 1.230292e+00, RMSE total = 1.219034e+01 eV
iter: 31: RMSE E = 1.092530e+01, RMSE F = 1.230313e+00, RMSE total = 1.215561e+01 eV
iter: 32: RMSE E = 1.089959e+01, RMSE F = 1.230205e+00, RMSE total = 1.212979e+01 eV
iter: 33: RMSE E = 1.088881e+01, RMSE F = 1.230498e+00, RMSE total = 1.211931e+01 eV
iter: 34: RMSE E = 1.086876e+01, RMSE F = 1.230410e+00, RMSE total = 1.209917e+01 eV
iter: 35: RMSE E = 1.086056e+01, RMSE F = 1.230668e+00, RMSE total = 1.209123e+01 eV
iter: 36: RMSE E = 1.084980e+01, RMSE F = 1.230668e+00, RMSE total = 1.208047e+01 eV
iter: 37: RMSE E = 1.084060e+01, RMSE F = 1.230338e+00, RMSE total = 1.207094e+01 eV
iter: 38: RMSE E = 1.083577e+01, RMSE F = 1.230761e+00, RMSE total = 1.206653e+01 eV
iter: 39: RMSE E = 1.082617e+01, RMSE F = 1.230275e+00, RMSE total = 1.205645e+01 eV
iter: 40: RMSE E = 1.082237e+01, RMSE F = 1.230467e+00, RMSE total = 1.205283e+01 eV
iter: 41: RMSE E = 1.081757e+01, RMSE F = 1.230687e+00, RMSE total = 1.204825e+01 eV
iter: 42: RMSE E = 1.081248e+01, RMSE F = 1.230775e+00, RMSE total = 1.204325e+01 eV
iter: 43: RMSE E = 1.080981e+01, RMSE F = 1.230836e+00, RMSE total = 1.204064e+01 eV
iter: 44: RMSE E = 1.080579e+01, RMSE F = 1.230942e+00, RMSE total = 1.203673e+01 eV
iter: 45: RMSE E = 1.080324e+01, RMSE F = 1.230513e+00, RMSE total = 1.203375e+01 eV
iter: 46: RMSE E = 1.080083e+01, RMSE F = 1.230489e+00, RMSE total = 1.203131e+01 eV
iter: 47: RMSE E = 1.079757e+01, RMSE F = 1.230631e+00, RMSE total = 1.202820e+01 eV
iter: 48: RMSE E = 1.079600e+01, RMSE F = 1.230481e+00, RMSE total = 1.202648e+01 eV
iter: 49: RMSE E = 1.079397e+01, RMSE F = 1.230411e+00, RMSE total = 1.202438e+01 eV
iter: 50: RMSE E = 1.079200e+01, RMSE F = 1.230699e+00, RMSE total = 1.202270e+01 eV
iter: 51: RMSE E = 1.079098e+01, RMSE F = 1.230367e+00, RMSE total = 1.202134e+01 eV
iter: 52: RMSE E = 1.078903e+01, RMSE F = 1.230348e+00, RMSE total = 1.201937e+01 eV
iter: 53: RMSE E = 1.078790e+01, RMSE F = 1.230659e+00, RMSE total = 1.201856e+01 eV
iter: 54: RMSE E = 1.078673e+01, RMSE F = 1.230684e+00, RMSE total = 1.201741e+01 eV
iter: 55: RMSE E = 1.078549e+01, RMSE F = 1.230562e+00, RMSE total = 1.201605e+01 eV
iter: 56: RMSE E = 1.078473e+01, RMSE F = 1.230512e+00, RMSE total = 1.201525e+01 eV
iter: 57: RMSE E = 1.078379e+01, RMSE F = 1.230771e+00, RMSE total = 1.201456e+01 eV
iter: 58: RMSE E = 1.078275e+01, RMSE F = 1.230498e+00, RMSE total = 1.201325e+01 eV
iter: 59: RMSE E = 1.078209e+01, RMSE F = 1.230465e+00, RMSE total = 1.201255e+01 eV
iter: 60: RMSE E = 1.078136e+01, RMSE F = 1.230465e+00, RMSE total = 1.201182e+01 eV
iter: 61: RMSE E = 1.078090e+01, RMSE F = 1.230678e+00, RMSE total = 1.201158e+01 eV
iter: 62: RMSE E = 1.078038e+01, RMSE F = 1.230924e+00, RMSE total = 1.201131e+01 eV
iter: 63: RMSE E = 1.077963e+01, RMSE F = 1.230713e+00, RMSE total = 1.201034e+01 eV
iter: 64: RMSE E = 1.077918e+01, RMSE F = 1.230608e+00, RMSE total = 1.200979e+01 eV
iter: 65: RMSE E = 1.077870e+01, RMSE F = 1.230668e+00, RMSE total = 1.200937e+01 eV
iter: 66: RMSE E = 1.077830e+01, RMSE F = 1.230588e+00, RMSE total = 1.200888e+01 eV
iter: 67: RMSE E = 1.077810e+01, RMSE F = 1.230360e+00, RMSE total = 1.200846e+01 eV
iter: 68: RMSE E = 1.077765e+01, RMSE F = 1.230413e+00, RMSE total = 1.200807e+01 eV
iter: 69: RMSE E = 1.077734e+01, RMSE F = 1.230571e+00, RMSE total = 1.200791e+01 eV
iter: 70: RMSE E = 1.077698e+01, RMSE F = 1.230728e+00, RMSE total = 1.200771e+01 eV
iter: 71: RMSE E = 1.077668e+01, RMSE F = 1.230773e+00, RMSE total = 1.200745e+01 eV
iter: 72: RMSE E = 1.077653e+01, RMSE F = 1.230603e+00, RMSE total = 1.200713e+01 eV
iter: 73: RMSE E = 1.077632e+01, RMSE F = 1.230480e+00, RMSE total = 1.200680e+01 eV
iter: 74: RMSE E = 1.077606e+01, RMSE F = 1.230602e+00, RMSE total = 1.200667e+01 eV
iter: 75: RMSE E = 1.077586e+01, RMSE F = 1.230474e+00, RMSE total = 1.200634e+01 eV
iter: 76: RMSE E = 1.077565e+01, RMSE F = 1.230730e+00, RMSE total = 1.200638e+01 eV
iter: 77: RMSE E = 1.077554e+01, RMSE F = 1.230746e+00, RMSE total = 1.200628e+01 eV
iter: 78: RMSE E = 1.077542e+01, RMSE F = 1.230783e+00, RMSE total = 1.200620e+01 eV
iter: 79: RMSE E = 1.077524e+01, RMSE F = 1.230637e+00, RMSE total = 1.200588e+01 eV
iter: 80: RMSE E = 1.077512e+01, RMSE F = 1.230442e+00, RMSE total = 1.200556e+01 eV
iter: 81: RMSE E = 1.077497e+01, RMSE F = 1.230645e+00, RMSE total = 1.200562e+01 eV
iter: 82: RMSE E = 1.077486e+01, RMSE F = 1.230629e+00, RMSE total = 1.200549e+01 eV
iter: 83: RMSE E = 1.077481e+01, RMSE F = 1.230703e+00, RMSE total = 1.200551e+01 eV
iter: 84: RMSE E = 1.077470e+01, RMSE F = 1.230697e+00, RMSE total = 1.200540e+01 eV
iter: 85: RMSE E = 1.077462e+01, RMSE F = 1.230743e+00, RMSE total = 1.200537e+01 eV
iter: 86: RMSE E = 1.077453e+01, RMSE F = 1.230505e+00, RMSE total = 1.200503e+01 eV
iter: 87: RMSE E = 1.077444e+01, RMSE F = 1.230582e+00, RMSE total = 1.200502e+01 eV
iter: 88: RMSE E = 1.077440e+01, RMSE F = 1.230502e+00, RMSE total = 1.200490e+01 eV
iter: 89: RMSE E = 1.077435e+01, RMSE F = 1.230271e+00, RMSE total = 1.200462e+01 eV
iter: 90: RMSE E = 1.077428e+01, RMSE F = 1.230726e+00, RMSE total = 1.200501e+01 eV
iter: 91: RMSE E = 1.077423e+01, RMSE F = 1.230579e+00, RMSE total = 1.200481e+01 eV
iter: 92: RMSE E = 1.077417e+01, RMSE F = 1.230459e+00, RMSE total = 1.200463e+01 eV
iter: 93: RMSE E = 1.077414e+01, RMSE F = 1.230611e+00, RMSE total = 1.200475e+01 eV
iter: 94: RMSE E = 1.077411e+01, RMSE F = 1.230225e+00, RMSE total = 1.200433e+01 eV
iter: 95: RMSE E = 1.077406e+01, RMSE F = 1.230581e+00, RMSE total = 1.200464e+01 eV
iter: 96: RMSE E = 1.077403e+01, RMSE F = 1.230744e+00, RMSE total = 1.200477e+01 eV
iter: 97: RMSE E = 1.077399e+01, RMSE F = 1.230514e+00, RMSE total = 1.200450e+01 eV
iter: 98: RMSE E = 1.077396e+01, RMSE F = 1.230758e+00, RMSE total = 1.200472e+01 eV
iter: 99: RMSE E = 1.077394e+01, RMSE F = 1.230578e+00, RMSE total = 1.200452e+01 eV
iter: 100: RMSE E = 1.077392e+01, RMSE F = 1.230358e+00, RMSE total = 1.200427e+01 eV
