NNMD v0.2.0.dev0

---Neural network parameters---
device:                             cuda
training epochs:                    400
batch size:                         6
optimizer:                          AdamW
loss function:                      MSELoss
energies loss function coefficient: 1.0
forces loss function coefficient:   0.01
learning rate:                      0.1
scheduler:                          ExponentialLR
L2 regularization coefficient:      0.1


----Atomic NNs parameters----
input sizes (number of descriptors): [50]
hidden sizes:                        [[256, 64]]


---Dataset parameters---
Training sample size:   208
Validation sample size: 26
Test sample size:       27


Epoch 1: training:   MSE E = 1.145497e+03, MSE F = 6.059793e+07, MSE total = 6.059907e+07 eV
Epoch 1: validation: MSE E = 5.115940e+00, MSE F = 1.223473e+00, MSE total = 6.339412e+00 eV
Learning rate changed to 0.099
Epoch 2: training:   MSE E = 2.045264e+00, MSE F = 1.595401e+00, MSE total = 3.640666e+00 eV
Epoch 2: validation: MSE E = 6.290413e-02, MSE F = 5.029486e+00, MSE total = 5.092390e+00 eV
Learning rate changed to 0.09801
Epoch 3: training:   MSE E = 5.303210e-02, MSE F = 9.090693e+00, MSE total = 9.143727e+00 eV
Epoch 3: validation: MSE E = 6.135577e-02, MSE F = 2.683350e+01, MSE total = 2.689485e+01 eV
Learning rate changed to 0.0970299
Epoch 4: training:   MSE E = 5.637733e-02, MSE F = 7.372710e+01, MSE total = 7.378348e+01 eV
Epoch 4: validation: MSE E = 6.094626e-02, MSE F = 9.808300e+01, MSE total = 9.814394e+01 eV
Learning rate changed to 0.096059601
Epoch 5: training:   MSE E = 5.524727e-02, MSE F = 3.436139e+02, MSE total = 3.436692e+02 eV
Epoch 5: validation: MSE E = 9.305517e-02, MSE F = 3.189391e+02, MSE total = 3.190321e+02 eV
Learning rate changed to 0.09509900499
Epoch 6: training:   MSE E = 5.399458e-02, MSE F = 1.231991e+03, MSE total = 1.232045e+03 eV
Epoch 6: validation: MSE E = 6.201968e-02, MSE F = 1.320473e+03, MSE total = 1.320535e+03 eV
Learning rate changed to 0.0941480149401
Epoch 7: training:   MSE E = 5.515469e-02, MSE F = 3.506455e+03, MSE total = 3.506510e+03 eV
Epoch 7: validation: MSE E = 7.110672e-02, MSE F = 2.503375e+03, MSE total = 2.503446e+03 eV
Learning rate changed to 0.093206534790699
Epoch 8: training:   MSE E = 5.429127e-02, MSE F = 5.655117e+03, MSE total = 5.655171e+03 eV
Epoch 8: validation: MSE E = 7.461356e-02, MSE F = 2.358323e+03, MSE total = 2.358397e+03 eV
Learning rate changed to 0.09227446944279201
Epoch 9: training:   MSE E = 5.670205e-02, MSE F = 2.715399e+03, MSE total = 2.715456e+03 eV
Epoch 9: validation: MSE E = 6.614675e-02, MSE F = 4.967938e+02, MSE total = 4.968599e+02 eV
Learning rate changed to 0.09135172474836409
Epoch 10: training:   MSE E = 5.522172e-02, MSE F = 2.965175e+02, MSE total = 2.965728e+02 eV
Epoch 10: validation: MSE E = 7.271724e-02, MSE F = 1.949977e+01, MSE total = 1.957248e+01 eV
Learning rate changed to 0.09043820750088044
Epoch 11: training:   MSE E = 5.418798e-02, MSE F = 1.784118e+01, MSE total = 1.789537e+01 eV
Epoch 11: validation: MSE E = 6.683844e-02, MSE F = 1.788076e+00, MSE total = 1.854914e+00 eV
Learning rate changed to 0.08953382542587164
Epoch 12: training:   MSE E = 5.418198e-02, MSE F = 2.347778e+00, MSE total = 2.401960e+00 eV
Epoch 12: validation: MSE E = 9.567044e-02, MSE F = 3.641910e-01, MSE total = 4.598615e-01 eV
Learning rate changed to 0.08863848717161292
Epoch 13: training:   MSE E = 5.648359e-02, MSE F = 5.570457e-01, MSE total = 6.135293e-01 eV
Epoch 13: validation: MSE E = 6.960759e-02, MSE F = 8.782021e-02, MSE total = 1.574278e-01 eV
Learning rate changed to 0.08775210229989679
Epoch 14: training:   MSE E = 5.531722e-02, MSE F = 9.869021e-02, MSE total = 1.540074e-01 eV
Epoch 14: validation: MSE E = 7.079360e-02, MSE F = 2.080455e-02, MSE total = 9.159815e-02 eV
Learning rate changed to 0.08687458127689782
Epoch 15: training:   MSE E = 5.577233e-02, MSE F = 1.951356e-02, MSE total = 7.528589e-02 eV
Epoch 15: validation: MSE E = 8.563936e-02, MSE F = 2.274237e-03, MSE total = 8.791360e-02 eV
Learning rate changed to 0.08600583546412884
Epoch 16: training:   MSE E = 5.558924e-02, MSE F = 2.945623e-03, MSE total = 5.853488e-02 eV
Epoch 16: validation: MSE E = 8.528477e-02, MSE F = 5.617476e-04, MSE total = 8.584651e-02 eV
Learning rate changed to 0.08514577710948755
Epoch 17: training:   MSE E = 5.477947e-02, MSE F = 4.947730e-04, MSE total = 5.527426e-02 eV
Epoch 17: validation: MSE E = 6.434976e-02, MSE F = 8.613245e-05, MSE total = 6.443589e-02 eV
Learning rate changed to 0.08429431933839267
Epoch 18: training:   MSE E = 5.649197e-02, MSE F = 1.068085e-04, MSE total = 5.659879e-02 eV
Epoch 18: validation: MSE E = 9.670283e-02, MSE F = 2.675805e-05, MSE total = 9.672958e-02 eV
Learning rate changed to 0.08345137614500873
Epoch 19: training:   MSE E = 5.444224e-02, MSE F = 3.603228e-05, MSE total = 5.447827e-02 eV
Epoch 19: validation: MSE E = 7.657312e-02, MSE F = 3.004915e-05, MSE total = 7.660316e-02 eV
Learning rate changed to 0.08261686238355864
Epoch 20: training:   MSE E = 5.476306e-02, MSE F = 2.362768e-05, MSE total = 5.478668e-02 eV
Epoch 20: validation: MSE E = 8.581630e-02, MSE F = 1.630694e-05, MSE total = 8.583261e-02 eV
Learning rate changed to 0.08179069375972306
Epoch 21: training:   MSE E = 5.578601e-02, MSE F = 2.112712e-05, MSE total = 5.580714e-02 eV
Epoch 21: validation: MSE E = 9.341858e-02, MSE F = 1.528286e-05, MSE total = 9.343386e-02 eV
Learning rate changed to 0.08097278682212583
Epoch 22: training:   MSE E = 5.363636e-02, MSE F = 2.072964e-05, MSE total = 5.365708e-02 eV
Epoch 22: validation: MSE E = 6.233183e-02, MSE F = 1.991894e-05, MSE total = 6.235176e-02 eV
Learning rate changed to 0.08016305895390458
Epoch 23: training:   MSE E = 5.666809e-02, MSE F = 2.069540e-05, MSE total = 5.668879e-02 eV
Epoch 23: validation: MSE E = 7.342189e-02, MSE F = 1.634061e-05, MSE total = 7.343823e-02 eV
Learning rate changed to 0.07936142836436554
Epoch 24: training:   MSE E = 5.577829e-02, MSE F = 2.068663e-05, MSE total = 5.579898e-02 eV
Epoch 24: validation: MSE E = 1.020837e-01, MSE F = 1.532862e-05, MSE total = 1.020991e-01 eV
Learning rate changed to 0.07856781408072187
Epoch 25: training:   MSE E = 5.418729e-02, MSE F = 2.077902e-05, MSE total = 5.420806e-02 eV
Epoch 25: validation: MSE E = 6.580915e-02, MSE F = 1.617641e-05, MSE total = 6.582534e-02 eV
Learning rate changed to 0.07778213593991465
Epoch 26: training:   MSE E = 5.642401e-02, MSE F = 2.106873e-05, MSE total = 5.644508e-02 eV
Epoch 26: validation: MSE E = 6.231798e-02, MSE F = 1.662160e-05, MSE total = 6.233460e-02 eV
Learning rate changed to 0.0770043145805155
Epoch 27: training:   MSE E = 5.597840e-02, MSE F = 2.077441e-05, MSE total = 5.599917e-02 eV
Epoch 27: validation: MSE E = 7.153287e-02, MSE F = 1.638164e-05, MSE total = 7.154924e-02 eV
Learning rate changed to 0.07623427143471034
Epoch 28: training:   MSE E = 5.676511e-02, MSE F = 2.076551e-05, MSE total = 5.678589e-02 eV
Epoch 28: validation: MSE E = 7.635378e-02, MSE F = 1.717210e-05, MSE total = 7.637095e-02 eV
Learning rate changed to 0.07547192872036323
Epoch 29: training:   MSE E = 5.543162e-02, MSE F = 2.076220e-05, MSE total = 5.545238e-02 eV
Epoch 29: validation: MSE E = 5.996394e-02, MSE F = 1.974094e-05, MSE total = 5.998368e-02 eV
Learning rate changed to 0.0747172094331596
Epoch 30: training:   MSE E = 5.402999e-02, MSE F = 2.080355e-05, MSE total = 5.405079e-02 eV
Epoch 30: validation: MSE E = 7.058471e-02, MSE F = 1.629276e-05, MSE total = 7.060100e-02 eV
Learning rate changed to 0.073970037338828
Epoch 31: training:   MSE E = 5.540266e-02, MSE F = 2.076094e-05, MSE total = 5.542342e-02 eV
Epoch 31: validation: MSE E = 5.823298e-02, MSE F = 1.617855e-05, MSE total = 5.824917e-02 eV
Learning rate changed to 0.07323033696543972
Epoch 32: training:   MSE E = 6.029750e-02, MSE F = 2.063825e-05, MSE total = 6.031813e-02 eV
Epoch 32: validation: MSE E = 7.707345e-02, MSE F = 1.651968e-05, MSE total = 7.708997e-02 eV
Learning rate changed to 0.07249803359578533
Epoch 33: training:   MSE E = 5.599248e-02, MSE F = 2.066131e-05, MSE total = 5.601315e-02 eV
Epoch 33: validation: MSE E = 8.896554e-02, MSE F = 1.561519e-05, MSE total = 8.898115e-02 eV
Learning rate changed to 0.07177305325982747
Epoch 34: training:   MSE E = 5.683780e-02, MSE F = 2.072451e-05, MSE total = 5.685852e-02 eV
Epoch 34: validation: MSE E = 6.083300e-02, MSE F = 1.578647e-05, MSE total = 6.084879e-02 eV
Learning rate changed to 0.0710553227272292
Epoch 35: training:   MSE E = 5.641016e-02, MSE F = 2.075636e-05, MSE total = 5.643091e-02 eV
Epoch 35: validation: MSE E = 1.128459e-01, MSE F = 1.572207e-05, MSE total = 1.128616e-01 eV
Learning rate changed to 0.07034476949995691
Epoch 36: training:   MSE E = 5.537349e-02, MSE F = 2.068640e-05, MSE total = 5.539419e-02 eV
Epoch 36: validation: MSE E = 6.493623e-02, MSE F = 1.977011e-05, MSE total = 6.495600e-02 eV
Learning rate changed to 0.06964132180495734
Epoch 37: training:   MSE E = 5.542134e-02, MSE F = 2.068330e-05, MSE total = 5.544202e-02 eV
Epoch 37: validation: MSE E = 7.076333e-02, MSE F = 2.714387e-05, MSE total = 7.079048e-02 eV
Learning rate changed to 0.06894490858690777
Epoch 38: training:   MSE E = 5.512677e-02, MSE F = 2.095706e-05, MSE total = 5.514772e-02 eV
Epoch 38: validation: MSE E = 7.153308e-02, MSE F = 1.635350e-05, MSE total = 7.154944e-02 eV
Learning rate changed to 0.06825545950103869
Epoch 39: training:   MSE E = 5.492868e-02, MSE F = 2.068999e-05, MSE total = 5.494938e-02 eV
Epoch 39: validation: MSE E = 8.610030e-02, MSE F = 1.538436e-05, MSE total = 8.611568e-02 eV
Learning rate changed to 0.0675729049060283
Epoch 40: training:   MSE E = 5.385482e-02, MSE F = 2.073559e-05, MSE total = 5.387555e-02 eV
Epoch 40: validation: MSE E = 7.409965e-02, MSE F = 1.580847e-05, MSE total = 7.411545e-02 eV
Learning rate changed to 0.06689717585696801
Epoch 41: training:   MSE E = 5.764115e-02, MSE F = 2.114008e-05, MSE total = 5.766230e-02 eV
Epoch 41: validation: MSE E = 6.608333e-02, MSE F = 1.670526e-05, MSE total = 6.610003e-02 eV
Learning rate changed to 0.06622820409839833
Epoch 42: training:   MSE E = 5.645348e-02, MSE F = 2.113065e-05, MSE total = 5.647460e-02 eV
Epoch 42: validation: MSE E = 6.913480e-02, MSE F = 1.558561e-05, MSE total = 6.915038e-02 eV
Learning rate changed to 0.06556592205741435
Epoch 43: training:   MSE E = 5.493377e-02, MSE F = 2.076070e-05, MSE total = 5.495454e-02 eV
Epoch 43: validation: MSE E = 6.432679e-02, MSE F = 1.621371e-05, MSE total = 6.434299e-02 eV
Learning rate changed to 0.0649102628368402
Epoch 44: training:   MSE E = 5.778911e-02, MSE F = 2.067402e-05, MSE total = 5.780979e-02 eV
Epoch 44: validation: MSE E = 7.389469e-02, MSE F = 2.729728e-05, MSE total = 7.392199e-02 eV
Learning rate changed to 0.06426116020847181
Epoch 45: training:   MSE E = 5.440797e-02, MSE F = 2.075980e-05, MSE total = 5.442873e-02 eV
Epoch 45: validation: MSE E = 6.437103e-02, MSE F = 1.683731e-05, MSE total = 6.438786e-02 eV
Learning rate changed to 0.06361854860638709
Epoch 46: training:   MSE E = 5.746835e-02, MSE F = 2.071244e-05, MSE total = 5.748907e-02 eV
Epoch 46: validation: MSE E = 1.232497e-01, MSE F = 1.547785e-05, MSE total = 1.232651e-01 eV
Learning rate changed to 0.06298236312032322
Epoch 47: training:   MSE E = 6.497665e-02, MSE F = 2.103006e-05, MSE total = 6.499768e-02 eV
Epoch 47: validation: MSE E = 6.053760e-02, MSE F = 1.604143e-05, MSE total = 6.055364e-02 eV
Learning rate changed to 0.06235253948911999
Epoch 48: training:   MSE E = 5.887609e-02, MSE F = 2.065680e-05, MSE total = 5.889675e-02 eV
Epoch 48: validation: MSE E = 5.971456e-02, MSE F = 1.609616e-05, MSE total = 5.973065e-02 eV
Learning rate changed to 0.06172901409422879
Epoch 49: training:   MSE E = 5.533086e-02, MSE F = 2.072715e-05, MSE total = 5.535159e-02 eV
Epoch 49: validation: MSE E = 6.664988e-02, MSE F = 1.769884e-05, MSE total = 6.666758e-02 eV
Learning rate changed to 0.061111723953286505
Epoch 50: training:   MSE E = 5.731129e-02, MSE F = 2.071741e-05, MSE total = 5.733201e-02 eV
Epoch 50: validation: MSE E = 5.878860e-02, MSE F = 1.596092e-05, MSE total = 5.880455e-02 eV
Learning rate changed to 0.06050060671375364
Epoch 51: training:   MSE E = 5.442097e-02, MSE F = 2.070075e-05, MSE total = 5.444167e-02 eV
Epoch 51: validation: MSE E = 6.039518e-02, MSE F = 1.604143e-05, MSE total = 6.041122e-02 eV
Learning rate changed to 0.0598956006466161
Epoch 52: training:   MSE E = 5.620023e-02, MSE F = 2.077539e-05, MSE total = 5.622100e-02 eV
Epoch 52: validation: MSE E = 6.383087e-02, MSE F = 1.645521e-05, MSE total = 6.384733e-02 eV
Learning rate changed to 0.05929664464014994
Epoch 53: training:   MSE E = 5.635265e-02, MSE F = 2.076661e-05, MSE total = 5.637342e-02 eV
Epoch 53: validation: MSE E = 5.982194e-02, MSE F = 1.596092e-05, MSE total = 5.983790e-02 eV
Learning rate changed to 0.05870367819374844
Epoch 54: training:   MSE E = 5.520113e-02, MSE F = 2.082131e-05, MSE total = 5.522195e-02 eV
Epoch 54: validation: MSE E = 8.607491e-02, MSE F = 1.567697e-05, MSE total = 8.609059e-02 eV
Learning rate changed to 0.05811664141181096
Epoch 55: training:   MSE E = 5.550695e-02, MSE F = 2.101329e-05, MSE total = 5.552796e-02 eV
Epoch 55: validation: MSE E = 5.841465e-02, MSE F = 1.589845e-05, MSE total = 5.843055e-02 eV
Learning rate changed to 0.05753547499769285
Epoch 56: training:   MSE E = 5.430983e-02, MSE F = 2.075369e-05, MSE total = 5.433059e-02 eV
Epoch 56: validation: MSE E = 8.406936e-02, MSE F = 1.533267e-05, MSE total = 8.408469e-02 eV
Learning rate changed to 0.05696012024771592
Epoch 57: training:   MSE E = 5.740141e-02, MSE F = 2.082345e-05, MSE total = 5.742224e-02 eV
Epoch 57: validation: MSE E = 6.174536e-02, MSE F = 1.659061e-05, MSE total = 6.176194e-02 eV
Learning rate changed to 0.05639051904523876
Epoch 58: training:   MSE E = 5.612285e-02, MSE F = 2.083288e-05, MSE total = 5.614367e-02 eV
Epoch 58: validation: MSE E = 6.366178e-02, MSE F = 1.586601e-05, MSE total = 6.367765e-02 eV
Learning rate changed to 0.05582661385478637
Epoch 59: training:   MSE E = 5.785434e-02, MSE F = 2.079046e-05, MSE total = 5.787514e-02 eV
Epoch 59: validation: MSE E = 6.756304e-02, MSE F = 1.651939e-05, MSE total = 6.757956e-02 eV
Learning rate changed to 0.05526834771623851
Epoch 60: training:   MSE E = 5.578025e-02, MSE F = 2.075448e-05, MSE total = 5.580100e-02 eV
Epoch 60: validation: MSE E = 6.061583e-02, MSE F = 1.609728e-05, MSE total = 6.063193e-02 eV
Learning rate changed to 0.054715664239076124
Epoch 61: training:   MSE E = 5.495725e-02, MSE F = 2.083830e-05, MSE total = 5.497809e-02 eV
Epoch 61: validation: MSE E = 8.586675e-02, MSE F = 1.629433e-05, MSE total = 8.588304e-02 eV
Learning rate changed to 0.054168507596685365
Epoch 62: training:   MSE E = 5.533614e-02, MSE F = 2.110558e-05, MSE total = 5.535724e-02 eV
Epoch 62: validation: MSE E = 7.426459e-02, MSE F = 2.785498e-05, MSE total = 7.429244e-02 eV
Learning rate changed to 0.053626822520718515
Epoch 63: training:   MSE E = 5.678653e-02, MSE F = 2.073517e-05, MSE total = 5.680726e-02 eV
Epoch 63: validation: MSE E = 5.944709e-02, MSE F = 1.604123e-05, MSE total = 5.946313e-02 eV
Learning rate changed to 0.05309055429551133
Epoch 64: training:   MSE E = 5.627796e-02, MSE F = 2.077245e-05, MSE total = 5.629874e-02 eV
Epoch 64: validation: MSE E = 1.061264e-01, MSE F = 1.593073e-05, MSE total = 1.061423e-01 eV
Learning rate changed to 0.05255964875255621
Epoch 65: training:   MSE E = 5.345665e-02, MSE F = 2.063680e-05, MSE total = 5.347730e-02 eV
Epoch 65: validation: MSE E = 9.013311e-02, MSE F = 1.523675e-05, MSE total = 9.014835e-02 eV
Learning rate changed to 0.05203405226503065
Epoch 66: training:   MSE E = 5.651379e-02, MSE F = 2.070686e-05, MSE total = 5.653451e-02 eV
Epoch 66: validation: MSE E = 7.209068e-02, MSE F = 1.648889e-05, MSE total = 7.210717e-02 eV
Learning rate changed to 0.05151371174238034
Epoch 67: training:   MSE E = 5.467234e-02, MSE F = 2.072051e-05, MSE total = 5.469307e-02 eV
Epoch 67: validation: MSE E = 6.225302e-02, MSE F = 1.586601e-05, MSE total = 6.226888e-02 eV
Learning rate changed to 0.050998574624956536
Epoch 68: training:   MSE E = 5.748153e-02, MSE F = 2.074388e-05, MSE total = 5.750227e-02 eV
Epoch 68: validation: MSE E = 7.928152e-02, MSE F = 1.750923e-05, MSE total = 7.929903e-02 eV
Learning rate changed to 0.05048858887870697
Epoch 69: training:   MSE E = 5.439600e-02, MSE F = 2.102239e-05, MSE total = 5.441701e-02 eV
Epoch 69: validation: MSE E = 8.118325e-02, MSE F = 1.572082e-05, MSE total = 8.119898e-02 eV
Learning rate changed to 0.0499837029899199
Epoch 70: training:   MSE E = 5.622193e-02, MSE F = 2.077079e-05, MSE total = 5.624269e-02 eV
Epoch 70: validation: MSE E = 7.071947e-02, MSE F = 3.135675e-05, MSE total = 7.075083e-02 eV
Learning rate changed to 0.049483865960020704
Epoch 71: training:   MSE E = 5.411898e-02, MSE F = 2.072290e-05, MSE total = 5.413970e-02 eV
Epoch 71: validation: MSE E = 7.122005e-02, MSE F = 1.691120e-05, MSE total = 7.123696e-02 eV
Learning rate changed to 0.0489890273004205
Epoch 72: training:   MSE E = 5.737416e-02, MSE F = 2.069996e-05, MSE total = 5.739487e-02 eV
Epoch 72: validation: MSE E = 6.075751e-02, MSE F = 1.595591e-05, MSE total = 6.077346e-02 eV
Learning rate changed to 0.048499137027416296
Epoch 73: training:   MSE E = 5.674547e-02, MSE F = 2.076418e-05, MSE total = 5.676624e-02 eV
Epoch 73: validation: MSE E = 5.833813e-02, MSE F = 1.647746e-05, MSE total = 5.835461e-02 eV
Learning rate changed to 0.048014145657142134
Epoch 74: training:   MSE E = 5.356455e-02, MSE F = 2.070880e-05, MSE total = 5.358526e-02 eV
Epoch 74: validation: MSE E = 9.955867e-02, MSE F = 1.605379e-05, MSE total = 9.957474e-02 eV
Learning rate changed to 0.04753400420057071
Epoch 75: training:   MSE E = 5.689884e-02, MSE F = 2.070319e-05, MSE total = 5.691953e-02 eV
Epoch 75: validation: MSE E = 5.971859e-02, MSE F = 1.580847e-05, MSE total = 5.973440e-02 eV
Learning rate changed to 0.047058664158565
Epoch 76: training:   MSE E = 5.617546e-02, MSE F = 2.070566e-05, MSE total = 5.619616e-02 eV
Epoch 76: validation: MSE E = 8.063915e-02, MSE F = 1.600602e-05, MSE total = 8.065515e-02 eV
Learning rate changed to 0.046588077516979354
Epoch 77: training:   MSE E = 5.591427e-02, MSE F = 2.073798e-05, MSE total = 5.593500e-02 eV
Epoch 77: validation: MSE E = 6.694701e-02, MSE F = 1.604143e-05, MSE total = 6.696304e-02 eV
Learning rate changed to 0.04612219674180956
Epoch 78: training:   MSE E = 5.597972e-02, MSE F = 2.099723e-05, MSE total = 5.600071e-02 eV
Epoch 78: validation: MSE E = 9.242959e-02, MSE F = 1.524420e-05, MSE total = 9.244484e-02 eV
Learning rate changed to 0.04566097477439147
Epoch 79: training:   MSE E = 5.478012e-02, MSE F = 2.070818e-05, MSE total = 5.480083e-02 eV
Epoch 79: validation: MSE E = 6.980941e-02, MSE F = 2.745924e-05, MSE total = 6.983688e-02 eV
Learning rate changed to 0.045204365026647556
Epoch 80: training:   MSE E = 5.454429e-02, MSE F = 2.103215e-05, MSE total = 5.456532e-02 eV
Epoch 80: validation: MSE E = 7.132310e-02, MSE F = 1.587280e-05, MSE total = 7.133897e-02 eV
Learning rate changed to 0.04475232137638108
Epoch 81: training:   MSE E = 5.361005e-02, MSE F = 2.076115e-05, MSE total = 5.363081e-02 eV
Epoch 81: validation: MSE E = 6.900449e-02, MSE F = 2.743268e-05, MSE total = 6.903192e-02 eV
Learning rate changed to 0.044304798162617266
Epoch 82: training:   MSE E = 5.324636e-02, MSE F = 2.082708e-05, MSE total = 5.326720e-02 eV
Epoch 82: validation: MSE E = 6.634685e-02, MSE F = 1.675999e-05, MSE total = 6.636360e-02 eV
Learning rate changed to 0.043861750180991095
Epoch 83: training:   MSE E = 5.434686e-02, MSE F = 2.072978e-05, MSE total = 5.436760e-02 eV
Epoch 83: validation: MSE E = 6.223586e-02, MSE F = 1.589604e-05, MSE total = 6.225175e-02 eV
Learning rate changed to 0.04342313267918119
Epoch 84: training:   MSE E = 5.601313e-02, MSE F = 2.069384e-05, MSE total = 5.603383e-02 eV
Epoch 84: validation: MSE E = 5.946491e-02, MSE F = 1.564632e-05, MSE total = 5.948056e-02 eV
Learning rate changed to 0.04298890135238938
Epoch 85: training:   MSE E = 5.449428e-02, MSE F = 2.078266e-05, MSE total = 5.451506e-02 eV
Epoch 85: validation: MSE E = 9.999178e-02, MSE F = 2.762173e-05, MSE total = 1.000194e-01 eV
Learning rate changed to 0.042559012338865485
Epoch 86: training:   MSE E = 5.552125e-02, MSE F = 2.113460e-05, MSE total = 5.554238e-02 eV
Epoch 86: validation: MSE E = 6.363131e-02, MSE F = 1.649282e-05, MSE total = 6.364779e-02 eV
Learning rate changed to 0.04213342221547683
Epoch 87: training:   MSE E = 5.521965e-02, MSE F = 2.111262e-05, MSE total = 5.524077e-02 eV
Epoch 87: validation: MSE E = 8.905333e-02, MSE F = 1.628613e-05, MSE total = 8.906961e-02 eV
Learning rate changed to 0.04171208799332206
Epoch 88: training:   MSE E = 5.513009e-02, MSE F = 2.082192e-05, MSE total = 5.515093e-02 eV
Epoch 88: validation: MSE E = 6.552373e-02, MSE F = 1.634417e-05, MSE total = 6.554008e-02 eV
Learning rate changed to 0.041294967113388835
Epoch 89: training:   MSE E = 5.474395e-02, MSE F = 2.069480e-05, MSE total = 5.476465e-02 eV
Epoch 89: validation: MSE E = 6.350229e-02, MSE F = 1.580847e-05, MSE total = 6.351810e-02 eV
Learning rate changed to 0.04088201744225495
Epoch 90: training:   MSE E = 5.528532e-02, MSE F = 2.065585e-05, MSE total = 5.530598e-02 eV
Epoch 90: validation: MSE E = 6.726509e-02, MSE F = 1.581362e-05, MSE total = 6.728089e-02 eV
Learning rate changed to 0.0404731972678324
Epoch 91: training:   MSE E = 5.592063e-02, MSE F = 2.066472e-05, MSE total = 5.594131e-02 eV
Epoch 91: validation: MSE E = 5.825071e-02, MSE F = 1.593073e-05, MSE total = 5.826664e-02 eV
Learning rate changed to 0.04006846529515407
Epoch 92: training:   MSE E = 5.478795e-02, MSE F = 2.110692e-05, MSE total = 5.480906e-02 eV
Epoch 92: validation: MSE E = 7.499398e-02, MSE F = 2.780036e-05, MSE total = 7.502177e-02 eV
Learning rate changed to 0.039667780642202534
Epoch 93: training:   MSE E = 5.512049e-02, MSE F = 2.080103e-05, MSE total = 5.514129e-02 eV
Epoch 93: validation: MSE E = 6.063023e-02, MSE F = 1.552815e-05, MSE total = 6.064576e-02 eV
Learning rate changed to 0.03927110283578051
Epoch 94: training:   MSE E = 5.432257e-02, MSE F = 2.076692e-05, MSE total = 5.434333e-02 eV
Epoch 94: validation: MSE E = 6.725847e-02, MSE F = 1.564631e-05, MSE total = 6.727412e-02 eV
Learning rate changed to 0.0388783918074227
Epoch 95: training:   MSE E = 5.743762e-02, MSE F = 2.078041e-05, MSE total = 5.745840e-02 eV
Epoch 95: validation: MSE E = 5.967760e-02, MSE F = 1.587442e-05, MSE total = 5.969347e-02 eV
Learning rate changed to 0.03848960788934848
Epoch 96: training:   MSE E = 5.574824e-02, MSE F = 2.077188e-05, MSE total = 5.576901e-02 eV
Epoch 96: validation: MSE E = 6.344684e-02, MSE F = 1.579339e-05, MSE total = 6.346263e-02 eV
Learning rate changed to 0.038104711810454994
Epoch 97: training:   MSE E = 5.862649e-02, MSE F = 2.068778e-05, MSE total = 5.864717e-02 eV
Epoch 97: validation: MSE E = 9.074511e-02, MSE F = 1.587927e-05, MSE total = 9.076098e-02 eV
Learning rate changed to 0.037723664692350445
Epoch 98: training:   MSE E = 5.594840e-02, MSE F = 2.103013e-05, MSE total = 5.596944e-02 eV
Epoch 98: validation: MSE E = 6.549679e-02, MSE F = 1.581362e-05, MSE total = 6.551261e-02 eV
Learning rate changed to 0.03734642804542694
Epoch 99: training:   MSE E = 5.465949e-02, MSE F = 2.135806e-05, MSE total = 5.468084e-02 eV
Epoch 99: validation: MSE E = 7.799896e-02, MSE F = 1.552070e-05, MSE total = 7.801449e-02 eV
Learning rate changed to 0.03697296376497267
Epoch 100: training:   MSE E = 5.612809e-02, MSE F = 2.069443e-05, MSE total = 5.614880e-02 eV
Epoch 100: validation: MSE E = 6.633931e-02, MSE F = 1.701291e-05, MSE total = 6.635631e-02 eV
Learning rate changed to 0.03660323412732295
Epoch 101: training:   MSE E = 5.570563e-02, MSE F = 2.076884e-05, MSE total = 5.572640e-02 eV
Epoch 101: validation: MSE E = 6.766251e-02, MSE F = 1.564631e-05, MSE total = 6.767815e-02 eV
Learning rate changed to 0.03623720178604972
Epoch 102: training:   MSE E = 5.574756e-02, MSE F = 2.109055e-05, MSE total = 5.576865e-02 eV
Epoch 102: validation: MSE E = 9.922284e-02, MSE F = 1.524489e-05, MSE total = 9.923810e-02 eV
Learning rate changed to 0.035874829768189224
Epoch 103: training:   MSE E = 5.521266e-02, MSE F = 2.068746e-05, MSE total = 5.523334e-02 eV
Epoch 103: validation: MSE E = 6.305336e-02, MSE F = 1.628954e-05, MSE total = 6.306964e-02 eV
Learning rate changed to 0.03551608147050733
Epoch 104: training:   MSE E = 5.510282e-02, MSE F = 2.105423e-05, MSE total = 5.512387e-02 eV
Epoch 104: validation: MSE E = 6.263257e-02, MSE F = 1.717235e-05, MSE total = 6.264975e-02 eV
Learning rate changed to 0.03516092065580226
Epoch 105: training:   MSE E = 5.467986e-02, MSE F = 2.100593e-05, MSE total = 5.470088e-02 eV
Epoch 105: validation: MSE E = 8.997003e-02, MSE F = 2.018365e-05, MSE total = 8.999022e-02 eV
Learning rate changed to 0.034809311449244235
Epoch 106: training:   MSE E = 5.532811e-02, MSE F = 2.070133e-05, MSE total = 5.534882e-02 eV
Epoch 106: validation: MSE E = 6.226337e-02, MSE F = 1.572577e-05, MSE total = 6.227909e-02 eV
Learning rate changed to 0.03446121833475179
Epoch 107: training:   MSE E = 5.459861e-02, MSE F = 2.064485e-05, MSE total = 5.461926e-02 eV
Epoch 107: validation: MSE E = 6.346791e-02, MSE F = 1.643697e-05, MSE total = 6.348436e-02 eV
Learning rate changed to 0.03411660615140427
Epoch 108: training:   MSE E = 5.440149e-02, MSE F = 2.071492e-05, MSE total = 5.442221e-02 eV
Epoch 108: validation: MSE E = 6.136168e-02, MSE F = 1.984594e-05, MSE total = 6.138153e-02 eV
Learning rate changed to 0.03377544008989023
Epoch 109: training:   MSE E = 5.467200e-02, MSE F = 2.073240e-05, MSE total = 5.469275e-02 eV
Epoch 109: validation: MSE E = 6.188862e-02, MSE F = 1.984594e-05, MSE total = 6.190846e-02 eV
Learning rate changed to 0.03343768568899133
Epoch 110: training:   MSE E = 5.501478e-02, MSE F = 2.069644e-05, MSE total = 5.503547e-02 eV
Epoch 110: validation: MSE E = 6.255898e-02, MSE F = 1.645722e-05, MSE total = 6.257544e-02 eV
Learning rate changed to 0.03310330883210142
Epoch 111: training:   MSE E = 5.489390e-02, MSE F = 2.124154e-05, MSE total = 5.491515e-02 eV
Epoch 111: validation: MSE E = 7.283507e-02, MSE F = 1.629673e-05, MSE total = 7.285136e-02 eV
Learning rate changed to 0.03277227574378041
Epoch 112: training:   MSE E = 5.474107e-02, MSE F = 2.070004e-05, MSE total = 5.476177e-02 eV
Epoch 112: validation: MSE E = 6.912426e-02, MSE F = 1.621692e-05, MSE total = 6.914047e-02 eV
Learning rate changed to 0.032444552986342606
Epoch 113: training:   MSE E = 5.489653e-02, MSE F = 2.073037e-05, MSE total = 5.491726e-02 eV
Epoch 113: validation: MSE E = 6.252207e-02, MSE F = 1.667209e-05, MSE total = 6.253874e-02 eV
Learning rate changed to 0.03212010745647918
Epoch 114: training:   MSE E = 5.553671e-02, MSE F = 2.077614e-05, MSE total = 5.555749e-02 eV
Epoch 114: validation: MSE E = 6.059052e-02, MSE F = 1.564820e-05, MSE total = 6.060618e-02 eV
Learning rate changed to 0.03179890638191439
Epoch 115: training:   MSE E = 5.374875e-02, MSE F = 2.112723e-05, MSE total = 5.376989e-02 eV
Epoch 115: validation: MSE E = 7.082193e-02, MSE F = 1.611091e-05, MSE total = 7.083804e-02 eV
Learning rate changed to 0.03148091731809525
Epoch 116: training:   MSE E = 5.493939e-02, MSE F = 2.071457e-05, MSE total = 5.496012e-02 eV
Epoch 116: validation: MSE E = 7.071393e-02, MSE F = 1.564631e-05, MSE total = 7.072958e-02 eV
Learning rate changed to 0.031166108144914297
Epoch 117: training:   MSE E = 5.435466e-02, MSE F = 2.076447e-05, MSE total = 5.437542e-02 eV
Epoch 117: validation: MSE E = 7.370596e-02, MSE F = 1.628633e-05, MSE total = 7.372224e-02 eV
Learning rate changed to 0.030854447063465153
Epoch 118: training:   MSE E = 5.555997e-02, MSE F = 2.104457e-05, MSE total = 5.558103e-02 eV
Epoch 118: validation: MSE E = 7.992442e-02, MSE F = 1.677966e-05, MSE total = 7.994121e-02 eV
Learning rate changed to 0.030545902592830503
Epoch 119: training:   MSE E = 5.397436e-02, MSE F = 2.073614e-05, MSE total = 5.399511e-02 eV
Epoch 119: validation: MSE E = 6.066455e-02, MSE F = 1.556043e-05, MSE total = 6.068010e-02 eV
Learning rate changed to 0.030240443566902198
Epoch 120: training:   MSE E = 5.532870e-02, MSE F = 2.068852e-05, MSE total = 5.534939e-02 eV
Epoch 120: validation: MSE E = 5.808393e-02, MSE F = 1.624104e-05, MSE total = 5.810017e-02 eV
Learning rate changed to 0.029938039131233177
Epoch 121: training:   MSE E = 5.502807e-02, MSE F = 2.076788e-05, MSE total = 5.504884e-02 eV
Epoch 121: validation: MSE E = 6.673285e-02, MSE F = 1.661737e-05, MSE total = 6.674948e-02 eV
Learning rate changed to 0.029638658739920845
Epoch 122: training:   MSE E = 5.368465e-02, MSE F = 2.067300e-05, MSE total = 5.370531e-02 eV
Epoch 122: validation: MSE E = 8.157393e-02, MSE F = 1.686637e-05, MSE total = 8.159079e-02 eV
Learning rate changed to 0.029342272152521637
Epoch 123: training:   MSE E = 5.575629e-02, MSE F = 2.082181e-05, MSE total = 5.577712e-02 eV
Epoch 123: validation: MSE E = 7.297881e-02, MSE F = 1.667850e-05, MSE total = 7.299548e-02 eV
Learning rate changed to 0.02904884943099642
Epoch 124: training:   MSE E = 5.523774e-02, MSE F = 2.066206e-05, MSE total = 5.525840e-02 eV
Epoch 124: validation: MSE E = 6.358405e-02, MSE F = 1.552815e-05, MSE total = 6.359958e-02 eV
Learning rate changed to 0.028758360936686458
Epoch 125: training:   MSE E = 5.409178e-02, MSE F = 2.102714e-05, MSE total = 5.411281e-02 eV
Epoch 125: validation: MSE E = 8.516435e-02, MSE F = 2.714387e-05, MSE total = 8.519150e-02 eV
Learning rate changed to 0.028470777327319594
Epoch 126: training:   MSE E = 5.827935e-02, MSE F = 2.090644e-05, MSE total = 5.830024e-02 eV
Epoch 126: validation: MSE E = 6.844502e-02, MSE F = 1.612384e-05, MSE total = 6.846114e-02 eV
Learning rate changed to 0.028186069554046397
Epoch 127: training:   MSE E = 5.570848e-02, MSE F = 2.081408e-05, MSE total = 5.572929e-02 eV
Epoch 127: validation: MSE E = 7.048517e-02, MSE F = 1.626761e-05, MSE total = 7.050144e-02 eV
Learning rate changed to 0.027904208858505933
Epoch 128: training:   MSE E = 5.532309e-02, MSE F = 2.075170e-05, MSE total = 5.534385e-02 eV
Epoch 128: validation: MSE E = 9.383556e-02, MSE F = 1.572276e-05, MSE total = 9.385128e-02 eV
Learning rate changed to 0.027625166769920873
Epoch 129: training:   MSE E = 5.415780e-02, MSE F = 2.070767e-05, MSE total = 5.417851e-02 eV
Epoch 129: validation: MSE E = 6.749490e-02, MSE F = 1.604143e-05, MSE total = 6.751096e-02 eV
Learning rate changed to 0.027348915102221663
Epoch 130: training:   MSE E = 5.457164e-02, MSE F = 2.070456e-05, MSE total = 5.459234e-02 eV
Epoch 130: validation: MSE E = 6.274302e-02, MSE F = 1.609708e-05, MSE total = 6.275910e-02 eV
Learning rate changed to 0.027075425951199446
Epoch 131: training:   MSE E = 5.344769e-02, MSE F = 2.073157e-05, MSE total = 5.346842e-02 eV
Epoch 131: validation: MSE E = 1.036908e-01, MSE F = 1.499620e-05, MSE total = 1.037058e-01 eV
Learning rate changed to 0.026804671691687453
Epoch 132: training:   MSE E = 5.493829e-02, MSE F = 2.064666e-05, MSE total = 5.495894e-02 eV
Epoch 132: validation: MSE E = 8.221336e-02, MSE F = 1.624104e-05, MSE total = 8.222960e-02 eV
Learning rate changed to 0.02653662497477058
Epoch 133: training:   MSE E = 5.672931e-02, MSE F = 2.077850e-05, MSE total = 5.675009e-02 eV
Epoch 133: validation: MSE E = 7.740223e-02, MSE F = 1.626761e-05, MSE total = 7.741849e-02 eV
Learning rate changed to 0.026271258725022874
Epoch 134: training:   MSE E = 5.386324e-02, MSE F = 2.069093e-05, MSE total = 5.388394e-02 eV
Epoch 134: validation: MSE E = 6.821176e-02, MSE F = 1.587580e-05, MSE total = 6.822764e-02 eV
Learning rate changed to 0.026008546137772644
Epoch 135: training:   MSE E = 5.490763e-02, MSE F = 2.111046e-05, MSE total = 5.492875e-02 eV
Epoch 135: validation: MSE E = 7.357636e-02, MSE F = 2.780036e-05, MSE total = 7.360417e-02 eV
Learning rate changed to 0.025748460676394917
Epoch 136: training:   MSE E = 5.453350e-02, MSE F = 2.069649e-05, MSE total = 5.455421e-02 eV
Epoch 136: validation: MSE E = 5.842136e-02, MSE F = 1.584353e-05, MSE total = 5.843721e-02 eV
Learning rate changed to 0.025490976069630966
Epoch 137: training:   MSE E = 5.707369e-02, MSE F = 2.096022e-05, MSE total = 5.709465e-02 eV
Epoch 137: validation: MSE E = 7.856208e-02, MSE F = 1.589624e-05, MSE total = 7.857798e-02 eV
Learning rate changed to 0.025236066308934657
Epoch 138: training:   MSE E = 5.381574e-02, MSE F = 2.075387e-05, MSE total = 5.383649e-02 eV
Epoch 138: validation: MSE E = 7.415202e-02, MSE F = 1.612384e-05, MSE total = 7.416814e-02 eV
Learning rate changed to 0.02498370564584531
Epoch 139: training:   MSE E = 5.467573e-02, MSE F = 2.067695e-05, MSE total = 5.469642e-02 eV
Epoch 139: validation: MSE E = 6.845024e-02, MSE F = 1.595097e-05, MSE total = 6.846620e-02 eV
Learning rate changed to 0.024733868589386858
Epoch 140: training:   MSE E = 5.396722e-02, MSE F = 2.071717e-05, MSE total = 5.398794e-02 eV
Epoch 140: validation: MSE E = 7.134634e-02, MSE F = 2.717912e-05, MSE total = 7.137352e-02 eV
Learning rate changed to 0.02448652990349299
Epoch 141: training:   MSE E = 5.635365e-02, MSE F = 2.067084e-05, MSE total = 5.637432e-02 eV
Epoch 141: validation: MSE E = 6.165045e-02, MSE F = 1.559568e-05, MSE total = 6.166605e-02 eV
Learning rate changed to 0.02424166460445806
Epoch 142: training:   MSE E = 5.752554e-02, MSE F = 2.145786e-05, MSE total = 5.754700e-02 eV
Epoch 142: validation: MSE E = 6.065632e-02, MSE F = 1.578647e-05, MSE total = 6.067210e-02 eV
Learning rate changed to 0.02399924795841348
Epoch 143: training:   MSE E = 5.568096e-02, MSE F = 2.069489e-05, MSE total = 5.570165e-02 eV
Epoch 143: validation: MSE E = 5.800780e-02, MSE F = 1.629597e-05, MSE total = 5.802409e-02 eV
Learning rate changed to 0.023759255478829344
Epoch 144: training:   MSE E = 5.512584e-02, MSE F = 2.080539e-05, MSE total = 5.514665e-02 eV
Epoch 144: validation: MSE E = 5.875391e-02, MSE F = 1.589604e-05, MSE total = 5.876980e-02 eV
Learning rate changed to 0.02352166292404105
Epoch 145: training:   MSE E = 5.481858e-02, MSE F = 2.109721e-05, MSE total = 5.483969e-02 eV
Epoch 145: validation: MSE E = 6.357934e-02, MSE F = 1.717235e-05, MSE total = 6.359651e-02 eV
Learning rate changed to 0.02328644629480064
Epoch 146: training:   MSE E = 5.358298e-02, MSE F = 2.066494e-05, MSE total = 5.360365e-02 eV
Epoch 146: validation: MSE E = 8.518364e-02, MSE F = 1.969833e-05, MSE total = 8.520334e-02 eV
Learning rate changed to 0.023053581831852635
Epoch 147: training:   MSE E = 5.405673e-02, MSE F = 2.075360e-05, MSE total = 5.407748e-02 eV
Epoch 147: validation: MSE E = 8.782774e-02, MSE F = 2.041297e-05, MSE total = 8.784815e-02 eV
Learning rate changed to 0.022823046013534107
Epoch 148: training:   MSE E = 5.394827e-02, MSE F = 2.071174e-05, MSE total = 5.396897e-02 eV
Epoch 148: validation: MSE E = 6.004531e-02, MSE F = 1.589604e-05, MSE total = 6.006121e-02 eV
Learning rate changed to 0.022594815553398765
Epoch 149: training:   MSE E = 5.679108e-02, MSE F = 2.072132e-05, MSE total = 5.681181e-02 eV
Epoch 149: validation: MSE E = 8.114563e-02, MSE F = 1.651545e-05, MSE total = 8.116215e-02 eV
Learning rate changed to 0.022368867397864776
Epoch 150: training:   MSE E = 5.436570e-02, MSE F = 2.072737e-05, MSE total = 5.438644e-02 eV
Epoch 150: validation: MSE E = 6.592225e-02, MSE F = 1.643697e-05, MSE total = 6.593869e-02 eV
Learning rate changed to 0.02214517872388613
Epoch 151: training:   MSE E = 5.336168e-02, MSE F = 2.068118e-05, MSE total = 5.338235e-02 eV
Epoch 151: validation: MSE E = 7.040276e-02, MSE F = 2.745944e-05, MSE total = 7.043022e-02 eV
Learning rate changed to 0.021923726936647268
Epoch 152: training:   MSE E = 5.361931e-02, MSE F = 2.072698e-05, MSE total = 5.364005e-02 eV
Epoch 152: validation: MSE E = 5.833572e-02, MSE F = 1.580827e-05, MSE total = 5.835153e-02 eV
Learning rate changed to 0.021704489667280794
Epoch 153: training:   MSE E = 5.499132e-02, MSE F = 2.076211e-05, MSE total = 5.501209e-02 eV
Epoch 153: validation: MSE E = 7.942963e-02, MSE F = 1.557815e-05, MSE total = 7.944521e-02 eV
Learning rate changed to 0.021487444770607985
Epoch 154: training:   MSE E = 5.498163e-02, MSE F = 2.075494e-05, MSE total = 5.500237e-02 eV
Epoch 154: validation: MSE E = 6.396531e-02, MSE F = 1.688982e-05, MSE total = 6.398221e-02 eV
Learning rate changed to 0.021272570322901904
Epoch 155: training:   MSE E = 5.527823e-02, MSE F = 2.067616e-05, MSE total = 5.529893e-02 eV
Epoch 155: validation: MSE E = 6.079837e-02, MSE F = 1.609616e-05, MSE total = 6.081446e-02 eV
Learning rate changed to 0.021059844619672884
Epoch 156: training:   MSE E = 5.490555e-02, MSE F = 2.070399e-05, MSE total = 5.492625e-02 eV
Epoch 156: validation: MSE E = 8.559714e-02, MSE F = 1.591821e-05, MSE total = 8.561306e-02 eV
Learning rate changed to 0.020849246173476155
Epoch 157: training:   MSE E = 5.387246e-02, MSE F = 2.104608e-05, MSE total = 5.389351e-02 eV
Epoch 157: validation: MSE E = 6.897163e-02, MSE F = 1.623534e-05, MSE total = 6.898786e-02 eV
Learning rate changed to 0.020640753711741393
Epoch 158: training:   MSE E = 5.577687e-02, MSE F = 2.073300e-05, MSE total = 5.579760e-02 eV
Epoch 158: validation: MSE E = 6.431504e-02, MSE F = 1.564820e-05, MSE total = 6.433069e-02 eV
Learning rate changed to 0.020434346174623978
Epoch 159: training:   MSE E = 5.360698e-02, MSE F = 2.080236e-05, MSE total = 5.362780e-02 eV
Epoch 159: validation: MSE E = 6.780368e-02, MSE F = 1.581857e-05, MSE total = 6.781950e-02 eV
Learning rate changed to 0.020230002712877736
Epoch 160: training:   MSE E = 5.459443e-02, MSE F = 2.077479e-05, MSE total = 5.461521e-02 eV
Epoch 160: validation: MSE E = 6.065218e-02, MSE F = 1.617877e-05, MSE total = 6.066836e-02 eV
Learning rate changed to 0.02002770268574896
Epoch 161: training:   MSE E = 5.477497e-02, MSE F = 2.066583e-05, MSE total = 5.479563e-02 eV
Epoch 161: validation: MSE E = 6.875135e-02, MSE F = 1.623534e-05, MSE total = 6.876758e-02 eV
Learning rate changed to 0.01982742565889147
Epoch 162: training:   MSE E = 5.439342e-02, MSE F = 2.078765e-05, MSE total = 5.441420e-02 eV
Epoch 162: validation: MSE E = 6.970952e-02, MSE F = 2.723658e-05, MSE total = 6.973674e-02 eV
Learning rate changed to 0.019629151402302553
Epoch 163: training:   MSE E = 5.467876e-02, MSE F = 2.095259e-05, MSE total = 5.469970e-02 eV
Epoch 163: validation: MSE E = 6.694400e-02, MSE F = 1.558561e-05, MSE total = 6.695958e-02 eV
Learning rate changed to 0.019432859888279527
Epoch 164: training:   MSE E = 5.494205e-02, MSE F = 2.070807e-05, MSE total = 5.496277e-02 eV
Epoch 164: validation: MSE E = 6.894305e-02, MSE F = 1.661737e-05, MSE total = 6.895967e-02 eV
Learning rate changed to 0.019238531289396732
Epoch 165: training:   MSE E = 5.592114e-02, MSE F = 2.070959e-05, MSE total = 5.594186e-02 eV
Epoch 165: validation: MSE E = 6.793667e-02, MSE F = 1.711762e-05, MSE total = 6.795379e-02 eV
Learning rate changed to 0.019046145976502765
Epoch 166: training:   MSE E = 5.499979e-02, MSE F = 2.066751e-05, MSE total = 5.502045e-02 eV
Epoch 166: validation: MSE E = 6.792510e-02, MSE F = 1.580847e-05, MSE total = 6.794091e-02 eV
Learning rate changed to 0.018855684516737737
Epoch 167: training:   MSE E = 5.421116e-02, MSE F = 2.086038e-05, MSE total = 5.423203e-02 eV
Epoch 167: validation: MSE E = 6.079752e-02, MSE F = 1.970579e-05, MSE total = 6.081722e-02 eV
Learning rate changed to 0.01866712767157036
Epoch 168: training:   MSE E = 5.386628e-02, MSE F = 2.116507e-05, MSE total = 5.388745e-02 eV
Epoch 168: validation: MSE E = 6.697980e-02, MSE F = 1.769884e-05, MSE total = 6.699751e-02 eV
Learning rate changed to 0.018480456394854655
Epoch 169: training:   MSE E = 5.575056e-02, MSE F = 2.063644e-05, MSE total = 5.577120e-02 eV
Epoch 169: validation: MSE E = 7.444616e-02, MSE F = 1.592186e-05, MSE total = 7.446209e-02 eV
Learning rate changed to 0.018295651830906107
Epoch 170: training:   MSE E = 5.502518e-02, MSE F = 2.067570e-05, MSE total = 5.504586e-02 eV
Epoch 170: validation: MSE E = 6.174887e-02, MSE F = 2.041690e-05, MSE total = 6.176929e-02 eV
Learning rate changed to 0.018112695312597047
Epoch 171: training:   MSE E = 5.477686e-02, MSE F = 2.110512e-05, MSE total = 5.479796e-02 eV
Epoch 171: validation: MSE E = 7.877667e-02, MSE F = 1.567766e-05, MSE total = 7.879235e-02 eV
Learning rate changed to 0.017931568359471076
Epoch 172: training:   MSE E = 5.375960e-02, MSE F = 2.069402e-05, MSE total = 5.378031e-02 eV
Epoch 172: validation: MSE E = 7.063731e-02, MSE F = 1.620008e-05, MSE total = 7.065351e-02 eV
Learning rate changed to 0.017752252675876365
Epoch 173: training:   MSE E = 5.366809e-02, MSE F = 2.068873e-05, MSE total = 5.368879e-02 eV
Epoch 173: validation: MSE E = 8.210343e-02, MSE F = 1.614099e-05, MSE total = 8.211958e-02 eV
Learning rate changed to 0.0175747301491176
Epoch 174: training:   MSE E = 5.408327e-02, MSE F = 2.079613e-05, MSE total = 5.410407e-02 eV
Epoch 174: validation: MSE E = 7.078459e-02, MSE F = 3.135675e-05, MSE total = 7.081594e-02 eV
Learning rate changed to 0.017398982847626424
Epoch 175: training:   MSE E = 5.358182e-02, MSE F = 2.099656e-05, MSE total = 5.360282e-02 eV
Epoch 175: validation: MSE E = 8.293628e-02, MSE F = 1.533267e-05, MSE total = 8.295161e-02 eV
Learning rate changed to 0.01722499301915016
Epoch 176: training:   MSE E = 5.345799e-02, MSE F = 2.068051e-05, MSE total = 5.347867e-02 eV
Epoch 176: validation: MSE E = 6.805312e-02, MSE F = 1.979850e-05, MSE total = 6.807292e-02 eV
Learning rate changed to 0.01705274308895866
Epoch 177: training:   MSE E = 5.641116e-02, MSE F = 2.078499e-05, MSE total = 5.643195e-02 eV
Epoch 177: validation: MSE E = 6.410580e-02, MSE F = 1.570058e-05, MSE total = 6.412150e-02 eV
Learning rate changed to 0.01688221565806907
Epoch 178: training:   MSE E = 5.367227e-02, MSE F = 2.076173e-05, MSE total = 5.369302e-02 eV
Epoch 178: validation: MSE E = 6.039447e-02, MSE F = 1.563305e-05, MSE total = 6.041010e-02 eV
Learning rate changed to 0.01671339350148838
Epoch 179: training:   MSE E = 5.344407e-02, MSE F = 2.080556e-05, MSE total = 5.346487e-02 eV
Epoch 179: validation: MSE E = 8.325899e-02, MSE F = 1.603509e-05, MSE total = 8.327501e-02 eV
Learning rate changed to 0.016546259566473494
Epoch 180: training:   MSE E = 5.447156e-02, MSE F = 2.074863e-05, MSE total = 5.449231e-02 eV
Epoch 180: validation: MSE E = 6.351569e-02, MSE F = 1.587580e-05, MSE total = 6.353156e-02 eV
Learning rate changed to 0.01638079697080876
Epoch 181: training:   MSE E = 5.420515e-02, MSE F = 2.073349e-05, MSE total = 5.422589e-02 eV
Epoch 181: validation: MSE E = 6.853880e-02, MSE F = 1.663678e-05, MSE total = 6.855544e-02 eV
Learning rate changed to 0.016216989001100673
Epoch 182: training:   MSE E = 5.399887e-02, MSE F = 2.102660e-05, MSE total = 5.401990e-02 eV
Epoch 182: validation: MSE E = 1.018593e-01, MSE F = 2.689517e-05, MSE total = 1.018862e-01 eV
Learning rate changed to 0.016054819111089667
Epoch 183: training:   MSE E = 5.430434e-02, MSE F = 2.077621e-05, MSE total = 5.432513e-02 eV
Epoch 183: validation: MSE E = 6.550726e-02, MSE F = 1.999460e-05, MSE total = 6.552726e-02 eV
Learning rate changed to 0.01589427091997877
Epoch 184: training:   MSE E = 5.380790e-02, MSE F = 2.074142e-05, MSE total = 5.382863e-02 eV
Epoch 184: validation: MSE E = 6.489865e-02, MSE F = 1.593513e-05, MSE total = 6.491458e-02 eV
Learning rate changed to 0.01573532821077898
Epoch 185: training:   MSE E = 5.510496e-02, MSE F = 2.064592e-05, MSE total = 5.512563e-02 eV
Epoch 185: validation: MSE E = 7.197579e-02, MSE F = 2.780036e-05, MSE total = 7.200360e-02 eV
Learning rate changed to 0.015577974928671192
Epoch 186: training:   MSE E = 5.479402e-02, MSE F = 2.073310e-05, MSE total = 5.481475e-02 eV
Epoch 186: validation: MSE E = 6.454618e-02, MSE F = 1.572585e-05, MSE total = 6.456190e-02 eV
Learning rate changed to 0.01542219517938448
Epoch 187: training:   MSE E = 5.316898e-02, MSE F = 2.073232e-05, MSE total = 5.318971e-02 eV
Epoch 187: validation: MSE E = 7.909048e-02, MSE F = 1.557815e-05, MSE total = 7.910606e-02 eV
Learning rate changed to 0.015267973227590634
Epoch 188: training:   MSE E = 5.393361e-02, MSE F = 2.068628e-05, MSE total = 5.395431e-02 eV
Epoch 188: validation: MSE E = 8.102557e-02, MSE F = 1.567766e-05, MSE total = 8.104124e-02 eV
Learning rate changed to 0.015115293495314729
Epoch 189: training:   MSE E = 5.332735e-02, MSE F = 2.073564e-05, MSE total = 5.334809e-02 eV
Epoch 189: validation: MSE E = 6.624384e-02, MSE F = 1.580847e-05, MSE total = 6.625964e-02 eV
Learning rate changed to 0.01496414056036158
Epoch 190: training:   MSE E = 5.403823e-02, MSE F = 2.068052e-05, MSE total = 5.405892e-02 eV
Epoch 190: validation: MSE E = 6.170286e-02, MSE F = 1.993875e-05, MSE total = 6.172279e-02 eV
Learning rate changed to 0.014814499154757965
Epoch 191: training:   MSE E = 5.454583e-02, MSE F = 2.080857e-05, MSE total = 5.456664e-02 eV
Epoch 191: validation: MSE E = 6.420118e-02, MSE F = 2.013855e-05, MSE total = 6.422132e-02 eV
Learning rate changed to 0.014666354163210386
Epoch 192: training:   MSE E = 5.456373e-02, MSE F = 2.076628e-05, MSE total = 5.458450e-02 eV
Epoch 192: validation: MSE E = 6.235998e-02, MSE F = 1.584353e-05, MSE total = 6.237582e-02 eV
Learning rate changed to 0.014519690621578282
Epoch 193: training:   MSE E = 5.488598e-02, MSE F = 2.079832e-05, MSE total = 5.490677e-02 eV
Epoch 193: validation: MSE E = 7.358917e-02, MSE F = 1.633705e-05, MSE total = 7.360550e-02 eV
Learning rate changed to 0.014374493715362499
Epoch 194: training:   MSE E = 5.449434e-02, MSE F = 2.070994e-05, MSE total = 5.451506e-02 eV
Epoch 194: validation: MSE E = 6.927575e-02, MSE F = 1.601344e-05, MSE total = 6.929176e-02 eV
Learning rate changed to 0.014230748778208874
Epoch 195: training:   MSE E = 5.426020e-02, MSE F = 2.077768e-05, MSE total = 5.428098e-02 eV
Epoch 195: validation: MSE E = 6.339554e-02, MSE F = 1.630281e-05, MSE total = 6.341185e-02 eV
Learning rate changed to 0.014088441290426785
Epoch 196: training:   MSE E = 5.357820e-02, MSE F = 2.111599e-05, MSE total = 5.359931e-02 eV
Epoch 196: validation: MSE E = 6.647369e-02, MSE F = 1.563305e-05, MSE total = 6.648931e-02 eV
Learning rate changed to 0.013947556877522518
Epoch 197: training:   MSE E = 5.353313e-02, MSE F = 2.073073e-05, MSE total = 5.355386e-02 eV
Epoch 197: validation: MSE E = 6.114374e-02, MSE F = 1.562475e-05, MSE total = 6.115936e-02 eV
Learning rate changed to 0.013808081308747293
Epoch 198: training:   MSE E = 5.460969e-02, MSE F = 2.117161e-05, MSE total = 5.463086e-02 eV
Epoch 198: validation: MSE E = 6.903218e-02, MSE F = 2.757663e-05, MSE total = 6.905976e-02 eV
Learning rate changed to 0.01367000049565982
Epoch 199: training:   MSE E = 5.358637e-02, MSE F = 2.074482e-05, MSE total = 5.360713e-02 eV
Epoch 199: validation: MSE E = 6.301142e-02, MSE F = 1.985920e-05, MSE total = 6.303128e-02 eV
Learning rate changed to 0.013533300490703223
Epoch 200: training:   MSE E = 5.660331e-02, MSE F = 2.078024e-05, MSE total = 5.662410e-02 eV
Epoch 200: validation: MSE E = 6.624716e-02, MSE F = 1.621692e-05, MSE total = 6.626337e-02 eV
Learning rate changed to 0.01339796748579619
Epoch 201: training:   MSE E = 5.429867e-02, MSE F = 2.072937e-05, MSE total = 5.431939e-02 eV
Epoch 201: validation: MSE E = 6.234941e-02, MSE F = 1.579339e-05, MSE total = 6.236520e-02 eV
Learning rate changed to 0.013263987810938228
Epoch 202: training:   MSE E = 5.372990e-02, MSE F = 2.071863e-05, MSE total = 5.375062e-02 eV
Epoch 202: validation: MSE E = 7.770987e-02, MSE F = 2.018365e-05, MSE total = 7.773005e-02 eV
Learning rate changed to 0.013131347932828845
Epoch 203: training:   MSE E = 5.473132e-02, MSE F = 2.110634e-05, MSE total = 5.475243e-02 eV
Epoch 203: validation: MSE E = 6.934223e-02, MSE F = 2.717913e-05, MSE total = 6.936941e-02 eV
Learning rate changed to 0.013000034453500557
Epoch 204: training:   MSE E = 5.373747e-02, MSE F = 2.076495e-05, MSE total = 5.375824e-02 eV
Epoch 204: validation: MSE E = 7.365604e-02, MSE F = 1.700898e-05, MSE total = 7.367306e-02 eV
Learning rate changed to 0.01287003410896555
Epoch 205: training:   MSE E = 5.446524e-02, MSE F = 2.070019e-05, MSE total = 5.448594e-02 eV
Epoch 205: validation: MSE E = 6.672312e-02, MSE F = 1.592186e-05, MSE total = 6.673904e-02 eV
Learning rate changed to 0.012741333767875895
Epoch 206: training:   MSE E = 5.436764e-02, MSE F = 2.078683e-05, MSE total = 5.438844e-02 eV
Epoch 206: validation: MSE E = 6.128080e-02, MSE F = 1.629597e-05, MSE total = 6.129710e-02 eV
Learning rate changed to 0.012613920430197136
Epoch 207: training:   MSE E = 5.401704e-02, MSE F = 2.085896e-05, MSE total = 5.403789e-02 eV
Epoch 207: validation: MSE E = 6.407604e-02, MSE F = 1.680205e-05, MSE total = 6.409284e-02 eV
Learning rate changed to 0.012487781225895164
Epoch 208: training:   MSE E = 5.368982e-02, MSE F = 2.076285e-05, MSE total = 5.371059e-02 eV
Epoch 208: validation: MSE E = 6.453257e-02, MSE F = 1.621372e-05, MSE total = 6.454878e-02 eV
Learning rate changed to 0.012362903413636212
Epoch 209: training:   MSE E = 5.358463e-02, MSE F = 2.070467e-05, MSE total = 5.360534e-02 eV
Epoch 209: validation: MSE E = 6.507475e-02, MSE F = 1.590119e-05, MSE total = 6.509065e-02 eV
Learning rate changed to 0.01223927437949985
Epoch 210: training:   MSE E = 5.392490e-02, MSE F = 2.070551e-05, MSE total = 5.394560e-02 eV
Epoch 210: validation: MSE E = 9.176373e-02, MSE F = 1.605310e-05, MSE total = 9.177979e-02 eV
Learning rate changed to 0.012116881635704851
Epoch 211: training:   MSE E = 5.421796e-02, MSE F = 2.074100e-05, MSE total = 5.423870e-02 eV
Epoch 211: validation: MSE E = 6.472858e-02, MSE F = 1.626834e-05, MSE total = 6.474484e-02 eV
Learning rate changed to 0.011995712819347802
Epoch 212: training:   MSE E = 5.316369e-02, MSE F = 2.088225e-05, MSE total = 5.318458e-02 eV
Epoch 212: validation: MSE E = 8.553525e-02, MSE F = 1.600602e-05, MSE total = 8.555126e-02 eV
Learning rate changed to 0.011875755691154323
Epoch 213: training:   MSE E = 5.426071e-02, MSE F = 2.104706e-05, MSE total = 5.428176e-02 eV
Epoch 213: validation: MSE E = 6.565633e-02, MSE F = 1.630179e-05, MSE total = 6.567263e-02 eV
Learning rate changed to 0.01175699813424278
Epoch 214: training:   MSE E = 5.587624e-02, MSE F = 2.076998e-05, MSE total = 5.589700e-02 eV
Epoch 214: validation: MSE E = 7.456576e-02, MSE F = 1.745854e-05, MSE total = 7.458322e-02 eV
Learning rate changed to 0.011639428152900352
Epoch 215: training:   MSE E = 5.421400e-02, MSE F = 2.070571e-05, MSE total = 5.423471e-02 eV
Epoch 215: validation: MSE E = 6.077824e-02, MSE F = 1.621448e-05, MSE total = 6.079445e-02 eV
Learning rate changed to 0.011523033871371349
Epoch 216: training:   MSE E = 5.397794e-02, MSE F = 2.077015e-05, MSE total = 5.399872e-02 eV
Epoch 216: validation: MSE E = 8.060136e-02, MSE F = 2.785105e-05, MSE total = 8.062921e-02 eV
Learning rate changed to 0.011407803532657634
Epoch 217: training:   MSE E = 5.339917e-02, MSE F = 2.071973e-05, MSE total = 5.341988e-02 eV
Epoch 217: validation: MSE E = 6.687567e-02, MSE F = 1.751317e-05, MSE total = 6.689318e-02 eV
Learning rate changed to 0.011293725497331058
Epoch 218: training:   MSE E = 5.382342e-02, MSE F = 2.114779e-05, MSE total = 5.384457e-02 eV
Epoch 218: validation: MSE E = 6.522969e-02, MSE F = 1.578171e-05, MSE total = 6.524547e-02 eV
Learning rate changed to 0.011180788242357747
Epoch 219: training:   MSE E = 5.368046e-02, MSE F = 2.075026e-05, MSE total = 5.370120e-02 eV
Epoch 219: validation: MSE E = 6.637090e-02, MSE F = 1.751317e-05, MSE total = 6.638842e-02 eV
Learning rate changed to 0.01106898035993417
Epoch 220: training:   MSE E = 5.608472e-02, MSE F = 2.070725e-05, MSE total = 5.610542e-02 eV
Epoch 220: validation: MSE E = 6.242064e-02, MSE F = 1.652984e-05, MSE total = 6.243718e-02 eV
Learning rate changed to 0.010958290556334828
Epoch 221: training:   MSE E = 5.334419e-02, MSE F = 2.071491e-05, MSE total = 5.336490e-02 eV
Epoch 221: validation: MSE E = 6.185941e-02, MSE F = 1.587600e-05, MSE total = 6.187528e-02 eV
Learning rate changed to 0.01084870765077148
Epoch 222: training:   MSE E = 5.497351e-02, MSE F = 2.074043e-05, MSE total = 5.499424e-02 eV
Epoch 222: validation: MSE E = 6.510206e-02, MSE F = 1.647746e-05, MSE total = 6.511854e-02 eV
Learning rate changed to 0.010740220574263765
Epoch 223: training:   MSE E = 5.481100e-02, MSE F = 2.066149e-05, MSE total = 5.483165e-02 eV
Epoch 223: validation: MSE E = 6.311987e-02, MSE F = 1.572585e-05, MSE total = 6.313559e-02 eV
Learning rate changed to 0.010632818368521127
Epoch 224: training:   MSE E = 5.363784e-02, MSE F = 2.069315e-05, MSE total = 5.365853e-02 eV
Epoch 224: validation: MSE E = 7.252896e-02, MSE F = 2.757663e-05, MSE total = 7.255655e-02 eV
Learning rate changed to 0.010526490184835915
Epoch 225: training:   MSE E = 5.379144e-02, MSE F = 2.071573e-05, MSE total = 5.381215e-02 eV
Epoch 225: validation: MSE E = 6.225543e-02, MSE F = 1.558561e-05, MSE total = 6.227103e-02 eV
Learning rate changed to 0.010421225282987556
Epoch 226: training:   MSE E = 5.390368e-02, MSE F = 2.067209e-05, MSE total = 5.392436e-02 eV
Epoch 226: validation: MSE E = 6.312067e-02, MSE F = 1.596092e-05, MSE total = 6.313664e-02 eV
Learning rate changed to 0.01031701303015768
Epoch 227: training:   MSE E = 5.454067e-02, MSE F = 2.075059e-05, MSE total = 5.456143e-02 eV
Epoch 227: validation: MSE E = 6.662742e-02, MSE F = 1.645722e-05, MSE total = 6.664387e-02 eV
Learning rate changed to 0.010213842899856104
Epoch 228: training:   MSE E = 5.347183e-02, MSE F = 2.087052e-05, MSE total = 5.349270e-02 eV
Epoch 228: validation: MSE E = 6.791075e-02, MSE F = 1.570058e-05, MSE total = 6.792646e-02 eV
Learning rate changed to 0.010111704470857543
Epoch 229: training:   MSE E = 5.562239e-02, MSE F = 2.060773e-05, MSE total = 5.564300e-02 eV
Epoch 229: validation: MSE E = 6.149225e-02, MSE F = 1.606582e-05, MSE total = 6.150832e-02 eV
Learning rate changed to 0.010010587426148968
Epoch 230: training:   MSE E = 5.417412e-02, MSE F = 2.071911e-05, MSE total = 5.419484e-02 eV
Epoch 230: validation: MSE E = 5.994781e-02, MSE F = 1.609708e-05, MSE total = 5.996391e-02 eV
Learning rate changed to 0.009910481551887479
Epoch 231: training:   MSE E = 5.404935e-02, MSE F = 2.078235e-05, MSE total = 5.407013e-02 eV
Epoch 231: validation: MSE E = 8.272642e-02, MSE F = 1.557321e-05, MSE total = 8.274200e-02 eV
Learning rate changed to 0.009811376736368603
Epoch 232: training:   MSE E = 5.322509e-02, MSE F = 2.082287e-05, MSE total = 5.324591e-02 eV
Epoch 232: validation: MSE E = 8.330838e-02, MSE F = 1.580101e-05, MSE total = 8.332419e-02 eV
Learning rate changed to 0.009713262969004917
Epoch 233: training:   MSE E = 5.440271e-02, MSE F = 2.104431e-05, MSE total = 5.442376e-02 eV
Epoch 233: validation: MSE E = 6.658666e-02, MSE F = 1.626834e-05, MSE total = 6.660293e-02 eV
Learning rate changed to 0.009616130339314867
Epoch 234: training:   MSE E = 5.359314e-02, MSE F = 2.076469e-05, MSE total = 5.361391e-02 eV
Epoch 234: validation: MSE E = 8.299455e-02, MSE F = 1.945709e-05, MSE total = 8.301401e-02 eV
Learning rate changed to 0.009519969035921718
Epoch 235: training:   MSE E = 5.399630e-02, MSE F = 2.078894e-05, MSE total = 5.401709e-02 eV
Epoch 235: validation: MSE E = 8.428674e-02, MSE F = 1.555978e-05, MSE total = 8.430231e-02 eV
Learning rate changed to 0.009424769345562502
Epoch 236: training:   MSE E = 5.398057e-02, MSE F = 2.065454e-05, MSE total = 5.400122e-02 eV
Epoch 236: validation: MSE E = 7.742076e-02, MSE F = 1.585574e-05, MSE total = 7.743662e-02 eV
Learning rate changed to 0.009330521652106877
Epoch 237: training:   MSE E = 5.461703e-02, MSE F = 2.077441e-05, MSE total = 5.463781e-02 eV
Epoch 237: validation: MSE E = 8.553671e-02, MSE F = 1.557321e-05, MSE total = 8.555228e-02 eV
Learning rate changed to 0.009237216435585808
Epoch 238: training:   MSE E = 5.445129e-02, MSE F = 2.065478e-05, MSE total = 5.447195e-02 eV
Epoch 238: validation: MSE E = 8.976974e-02, MSE F = 1.556047e-05, MSE total = 8.978530e-02 eV
Learning rate changed to 0.009144844271229951
Epoch 239: training:   MSE E = 5.402551e-02, MSE F = 2.076067e-05, MSE total = 5.404627e-02 eV
Epoch 239: validation: MSE E = 6.142947e-02, MSE F = 1.569738e-05, MSE total = 6.144516e-02 eV
Learning rate changed to 0.00905339582851765
Epoch 240: training:   MSE E = 5.475538e-02, MSE F = 2.065237e-05, MSE total = 5.477604e-02 eV
Epoch 240: validation: MSE E = 6.588365e-02, MSE F = 1.661737e-05, MSE total = 6.590027e-02 eV
Learning rate changed to 0.008962861870232474
Epoch 241: training:   MSE E = 5.446311e-02, MSE F = 2.084470e-05, MSE total = 5.448395e-02 eV
Epoch 241: validation: MSE E = 6.164569e-02, MSE F = 1.581696e-05, MSE total = 6.166151e-02 eV
Learning rate changed to 0.008873233251530149
Epoch 242: training:   MSE E = 5.504727e-02, MSE F = 2.069947e-05, MSE total = 5.506798e-02 eV
Epoch 242: validation: MSE E = 6.338421e-02, MSE F = 1.623927e-05, MSE total = 6.340044e-02 eV
Learning rate changed to 0.008784500919014848
Epoch 243: training:   MSE E = 5.394368e-02, MSE F = 2.075034e-05, MSE total = 5.396443e-02 eV
Epoch 243: validation: MSE E = 6.781631e-02, MSE F = 1.993874e-05, MSE total = 6.783625e-02 eV
Learning rate changed to 0.0086966559098247
Epoch 244: training:   MSE E = 5.386019e-02, MSE F = 2.072042e-05, MSE total = 5.388091e-02 eV
Epoch 244: validation: MSE E = 6.509671e-02, MSE F = 2.036228e-05, MSE total = 6.511708e-02 eV
Learning rate changed to 0.008609689350726452
Epoch 245: training:   MSE E = 5.319706e-02, MSE F = 2.072447e-05, MSE total = 5.321779e-02 eV
Epoch 245: validation: MSE E = 6.428127e-02, MSE F = 1.552815e-05, MSE total = 6.429680e-02 eV
Learning rate changed to 0.008523592457219188
Epoch 246: training:   MSE E = 5.355524e-02, MSE F = 2.086851e-05, MSE total = 5.357611e-02 eV
Epoch 246: validation: MSE E = 9.037063e-02, MSE F = 1.945779e-05, MSE total = 9.039009e-02 eV
Learning rate changed to 0.008438356532646995
Epoch 247: training:   MSE E = 5.392452e-02, MSE F = 2.069423e-05, MSE total = 5.394522e-02 eV
Epoch 247: validation: MSE E = 8.360400e-02, MSE F = 1.969833e-05, MSE total = 8.362370e-02 eV
Learning rate changed to 0.008353972967320525
Epoch 248: training:   MSE E = 5.684347e-02, MSE F = 2.065277e-05, MSE total = 5.686411e-02 eV
Epoch 248: validation: MSE E = 6.360947e-02, MSE F = 1.586320e-05, MSE total = 6.362533e-02 eV
Learning rate changed to 0.00827043323764732
Epoch 249: training:   MSE E = 5.309608e-02, MSE F = 2.071879e-05, MSE total = 5.311679e-02 eV
Epoch 249: validation: MSE E = 8.316702e-02, MSE F = 1.626441e-05, MSE total = 8.318328e-02 eV
Learning rate changed to 0.008187728905270846
Epoch 250: training:   MSE E = 5.460599e-02, MSE F = 2.067538e-05, MSE total = 5.462666e-02 eV
Epoch 250: validation: MSE E = 6.546428e-02, MSE F = 1.569738e-05, MSE total = 6.547999e-02 eV
Learning rate changed to 0.008105851616218138
Epoch 251: training:   MSE E = 5.352403e-02, MSE F = 2.075515e-05, MSE total = 5.354478e-02 eV
Epoch 251: validation: MSE E = 8.875550e-02, MSE F = 1.547716e-05, MSE total = 8.877098e-02 eV
Learning rate changed to 0.008024793100055957
Epoch 252: training:   MSE E = 5.420921e-02, MSE F = 2.071508e-05, MSE total = 5.422992e-02 eV
Epoch 252: validation: MSE E = 6.354485e-02, MSE F = 2.036228e-05, MSE total = 6.356521e-02 eV
Learning rate changed to 0.007944545169055397
Epoch 253: training:   MSE E = 5.372795e-02, MSE F = 2.075409e-05, MSE total = 5.374871e-02 eV
Epoch 253: validation: MSE E = 9.789473e-02, MSE F = 1.531173e-05, MSE total = 9.791005e-02 eV
Learning rate changed to 0.007865099717364843
Epoch 254: training:   MSE E = 5.456735e-02, MSE F = 2.067668e-05, MSE total = 5.458803e-02 eV
Epoch 254: validation: MSE E = 6.699622e-02, MSE F = 1.723481e-05, MSE total = 6.701345e-02 eV
Learning rate changed to 0.0077864487201911945
Epoch 255: training:   MSE E = 5.377283e-02, MSE F = 2.112593e-05, MSE total = 5.379396e-02 eV
Epoch 255: validation: MSE E = 6.371712e-02, MSE F = 1.653475e-05, MSE total = 6.373366e-02 eV
Learning rate changed to 0.0077085842329892825
Epoch 256: training:   MSE E = 5.418080e-02, MSE F = 2.064166e-05, MSE total = 5.420144e-02 eV
Epoch 256: validation: MSE E = 6.824665e-02, MSE F = 1.638235e-05, MSE total = 6.826302e-02 eV
Learning rate changed to 0.00763149839065939
Epoch 257: training:   MSE E = 5.387867e-02, MSE F = 2.100323e-05, MSE total = 5.389969e-02 eV
Epoch 257: validation: MSE E = 8.782165e-02, MSE F = 1.590069e-05, MSE total = 8.783755e-02 eV
Learning rate changed to 0.0075551834067527955
Epoch 258: training:   MSE E = 5.349244e-02, MSE F = 2.076877e-05, MSE total = 5.351321e-02 eV
Epoch 258: validation: MSE E = 8.520382e-02, MSE F = 1.524420e-05, MSE total = 8.521906e-02 eV
Learning rate changed to 0.007479631572685268
Epoch 259: training:   MSE E = 5.367117e-02, MSE F = 2.066073e-05, MSE total = 5.369182e-02 eV
Epoch 259: validation: MSE E = 6.799639e-02, MSE F = 1.761094e-05, MSE total = 6.801400e-02 eV
Learning rate changed to 0.007404835256958415
Epoch 260: training:   MSE E = 5.380224e-02, MSE F = 2.071655e-05, MSE total = 5.382296e-02 eV
Epoch 260: validation: MSE E = 7.293954e-02, MSE F = 1.634023e-05, MSE total = 7.295590e-02 eV
Learning rate changed to 0.007330786904388831
Epoch 261: training:   MSE E = 5.333770e-02, MSE F = 2.070829e-05, MSE total = 5.335841e-02 eV
Epoch 261: validation: MSE E = 7.685959e-02, MSE F = 1.668188e-05, MSE total = 7.687628e-02 eV
Learning rate changed to 0.007257479035344943
Epoch 262: training:   MSE E = 5.310383e-02, MSE F = 2.070271e-05, MSE total = 5.312452e-02 eV
Epoch 262: validation: MSE E = 6.576633e-02, MSE F = 1.593073e-05, MSE total = 6.578227e-02 eV
Learning rate changed to 0.007184904244991494
Epoch 263: training:   MSE E = 5.413857e-02, MSE F = 2.107733e-05, MSE total = 5.415965e-02 eV
Epoch 263: validation: MSE E = 6.236507e-02, MSE F = 1.592566e-05, MSE total = 6.238100e-02 eV
Learning rate changed to 0.007113055202541579
Epoch 264: training:   MSE E = 5.367121e-02, MSE F = 2.076225e-05, MSE total = 5.369196e-02 eV
Epoch 264: validation: MSE E = 6.483743e-02, MSE F = 1.587580e-05, MSE total = 6.485331e-02 eV
Learning rate changed to 0.007041924650516163
Epoch 265: training:   MSE E = 5.382273e-02, MSE F = 2.070145e-05, MSE total = 5.384341e-02 eV
Epoch 265: validation: MSE E = 8.885770e-02, MSE F = 1.605379e-05, MSE total = 8.887374e-02 eV
Learning rate changed to 0.006971505404011002
Epoch 266: training:   MSE E = 5.295017e-02, MSE F = 2.072024e-05, MSE total = 5.297089e-02 eV
Epoch 266: validation: MSE E = 6.929306e-02, MSE F = 1.979356e-05, MSE total = 6.931286e-02 eV
Learning rate changed to 0.006901790349970892
Epoch 267: training:   MSE E = 5.349798e-02, MSE F = 2.074866e-05, MSE total = 5.351872e-02 eV
Epoch 267: validation: MSE E = 8.928451e-02, MSE F = 1.561520e-05, MSE total = 8.930013e-02 eV
Learning rate changed to 0.006832772446471183
Epoch 268: training:   MSE E = 5.377134e-02, MSE F = 2.075131e-05, MSE total = 5.379209e-02 eV
Epoch 268: validation: MSE E = 8.195841e-02, MSE F = 1.552070e-05, MSE total = 8.197393e-02 eV
Learning rate changed to 0.006764444722006471
Epoch 269: training:   MSE E = 5.353793e-02, MSE F = 2.110972e-05, MSE total = 5.355903e-02 eV
Epoch 269: validation: MSE E = 8.027013e-02, MSE F = 1.580101e-05, MSE total = 8.028594e-02 eV
Learning rate changed to 0.006696800274786406
Epoch 270: training:   MSE E = 5.369689e-02, MSE F = 2.074661e-05, MSE total = 5.371764e-02 eV
Epoch 270: validation: MSE E = 6.792718e-02, MSE F = 1.686958e-05, MSE total = 6.794405e-02 eV
Learning rate changed to 0.006629832272038541
Epoch 271: training:   MSE E = 5.346071e-02, MSE F = 2.069072e-05, MSE total = 5.348141e-02 eV
Epoch 271: validation: MSE E = 7.012567e-02, MSE F = 2.743268e-05, MSE total = 7.015310e-02 eV
Learning rate changed to 0.006563533949318156
Epoch 272: training:   MSE E = 5.377064e-02, MSE F = 2.076911e-05, MSE total = 5.379140e-02 eV
Epoch 272: validation: MSE E = 8.688395e-02, MSE F = 1.553371e-05, MSE total = 8.689949e-02 eV
Learning rate changed to 0.006497898609824975
Epoch 273: training:   MSE E = 5.526133e-02, MSE F = 2.065102e-05, MSE total = 5.528199e-02 eV
Epoch 273: validation: MSE E = 7.179820e-02, MSE F = 2.745944e-05, MSE total = 7.182565e-02 eV
Learning rate changed to 0.006432919623726724
Epoch 274: training:   MSE E = 5.255529e-02, MSE F = 2.073483e-05, MSE total = 5.257602e-02 eV
Epoch 274: validation: MSE E = 5.893393e-02, MSE F = 1.682245e-05, MSE total = 5.895076e-02 eV
Learning rate changed to 0.006368590427489457
Epoch 275: training:   MSE E = 5.385373e-02, MSE F = 2.078989e-05, MSE total = 5.387454e-02 eV
Epoch 275: validation: MSE E = 9.480502e-02, MSE F = 1.595532e-05, MSE total = 9.482098e-02 eV
Learning rate changed to 0.006304904523214563
Epoch 276: training:   MSE E = 5.340674e-02, MSE F = 2.074758e-05, MSE total = 5.342748e-02 eV
Epoch 276: validation: MSE E = 8.975182e-02, MSE F = 1.605379e-05, MSE total = 8.976787e-02 eV
Learning rate changed to 0.006241855477982417
Epoch 277: training:   MSE E = 5.342789e-02, MSE F = 2.067639e-05, MSE total = 5.344857e-02 eV
Epoch 277: validation: MSE E = 8.722123e-02, MSE F = 1.585574e-05, MSE total = 8.723709e-02 eV
Learning rate changed to 0.0061794369232025925
Epoch 278: training:   MSE E = 5.341361e-02, MSE F = 2.076911e-05, MSE total = 5.343439e-02 eV
Epoch 278: validation: MSE E = 6.533687e-02, MSE F = 1.565314e-05, MSE total = 6.535252e-02 eV
Learning rate changed to 0.006117642553970567
Epoch 279: training:   MSE E = 5.454969e-02, MSE F = 2.078843e-05, MSE total = 5.457049e-02 eV
Epoch 279: validation: MSE E = 8.807547e-02, MSE F = 1.554977e-05, MSE total = 8.809102e-02 eV
Learning rate changed to 0.006056466128430861
Epoch 280: training:   MSE E = 5.304501e-02, MSE F = 2.098154e-05, MSE total = 5.306600e-02 eV
Epoch 280: validation: MSE E = 9.257758e-02, MSE F = 1.619262e-05, MSE total = 9.259378e-02 eV
Learning rate changed to 0.005995901467146553
Epoch 281: training:   MSE E = 5.341115e-02, MSE F = 2.070134e-05, MSE total = 5.343184e-02 eV
Epoch 281: validation: MSE E = 8.976962e-02, MSE F = 1.619262e-05, MSE total = 8.978581e-02 eV
Learning rate changed to 0.005935942452475087
Epoch 282: training:   MSE E = 5.383144e-02, MSE F = 2.071404e-05, MSE total = 5.385214e-02 eV
Epoch 282: validation: MSE E = 6.586015e-02, MSE F = 1.717235e-05, MSE total = 6.587733e-02 eV
Learning rate changed to 0.005876583027950337
Epoch 283: training:   MSE E = 5.339955e-02, MSE F = 2.079208e-05, MSE total = 5.342035e-02 eV
Epoch 283: validation: MSE E = 6.376953e-02, MSE F = 2.002136e-05, MSE total = 6.378955e-02 eV
Learning rate changed to 0.005817817197670833
Epoch 284: training:   MSE E = 5.370770e-02, MSE F = 2.080979e-05, MSE total = 5.372852e-02 eV
Epoch 284: validation: MSE E = 9.719618e-02, MSE F = 1.533267e-05, MSE total = 9.721151e-02 eV
Learning rate changed to 0.005759639025694124
Epoch 285: training:   MSE E = 5.402356e-02, MSE F = 2.080504e-05, MSE total = 5.404436e-02 eV
Epoch 285: validation: MSE E = 6.331938e-02, MSE F = 1.566831e-05, MSE total = 6.333505e-02 eV
Learning rate changed to 0.005702042635437183
Epoch 286: training:   MSE E = 5.338907e-02, MSE F = 2.102664e-05, MSE total = 5.341009e-02 eV
Epoch 286: validation: MSE E = 6.503035e-02, MSE F = 1.570058e-05, MSE total = 6.504605e-02 eV
Learning rate changed to 0.005645022209082811
Epoch 287: training:   MSE E = 5.310820e-02, MSE F = 2.065393e-05, MSE total = 5.312885e-02 eV
Epoch 287: validation: MSE E = 7.809263e-02, MSE F = 1.606348e-05, MSE total = 7.810869e-02 eV
Learning rate changed to 0.0055885719869919834
Epoch 288: training:   MSE E = 5.398968e-02, MSE F = 2.152817e-05, MSE total = 5.401120e-02 eV
Epoch 288: validation: MSE E = 9.438717e-02, MSE F = 1.547716e-05, MSE total = 9.440265e-02 eV
Learning rate changed to 0.005532686267122063
Epoch 289: training:   MSE E = 5.326896e-02, MSE F = 2.073321e-05, MSE total = 5.328968e-02 eV
Epoch 289: validation: MSE E = 6.374269e-02, MSE F = 1.629672e-05, MSE total = 6.375899e-02 eV
Learning rate changed to 0.005477359404450843
Epoch 290: training:   MSE E = 5.422704e-02, MSE F = 2.065709e-05, MSE total = 5.424770e-02 eV
Epoch 290: validation: MSE E = 7.088542e-02, MSE F = 2.721140e-05, MSE total = 7.091264e-02 eV
Learning rate changed to 0.005422585810406335
Epoch 291: training:   MSE E = 5.377453e-02, MSE F = 2.097283e-05, MSE total = 5.379550e-02 eV
Epoch 291: validation: MSE E = 6.074984e-02, MSE F = 1.612384e-05, MSE total = 6.076596e-02 eV
Learning rate changed to 0.005368359952302271
Epoch 292: training:   MSE E = 5.435910e-02, MSE F = 2.096971e-05, MSE total = 5.438007e-02 eV
Epoch 292: validation: MSE E = 6.470077e-02, MSE F = 1.701291e-05, MSE total = 6.471779e-02 eV
Learning rate changed to 0.0053146763527792485
Epoch 293: training:   MSE E = 5.461410e-02, MSE F = 2.079419e-05, MSE total = 5.463490e-02 eV
Epoch 293: validation: MSE E = 6.459720e-02, MSE F = 1.670506e-05, MSE total = 6.461391e-02 eV
Learning rate changed to 0.005261529589251456
Epoch 294: training:   MSE E = 5.350480e-02, MSE F = 2.071911e-05, MSE total = 5.352552e-02 eV
Epoch 294: validation: MSE E = 7.618419e-02, MSE F = 2.041297e-05, MSE total = 7.620460e-02 eV
Learning rate changed to 0.0052089142933589416
Epoch 295: training:   MSE E = 5.369990e-02, MSE F = 2.073219e-05, MSE total = 5.372063e-02 eV
Epoch 295: validation: MSE E = 6.549926e-02, MSE F = 1.628954e-05, MSE total = 6.551554e-02 eV
Learning rate changed to 0.005156825150425352
Epoch 296: training:   MSE E = 5.324372e-02, MSE F = 2.080985e-05, MSE total = 5.326454e-02 eV
Epoch 296: validation: MSE E = 1.026618e-01, MSE F = 1.523674e-05, MSE total = 1.026770e-01 eV
Learning rate changed to 0.005105256898921099
Epoch 297: training:   MSE E = 5.463561e-02, MSE F = 2.078036e-05, MSE total = 5.465638e-02 eV
Epoch 297: validation: MSE E = 7.925858e-02, MSE F = 1.580081e-05, MSE total = 7.927438e-02 eV
Learning rate changed to 0.005054204329931888
Epoch 298: training:   MSE E = 5.403577e-02, MSE F = 2.081325e-05, MSE total = 5.405658e-02 eV
Epoch 298: validation: MSE E = 6.292513e-02, MSE F = 1.670506e-05, MSE total = 6.294183e-02 eV
Learning rate changed to 0.005003662286632569
Epoch 299: training:   MSE E = 5.324835e-02, MSE F = 2.069020e-05, MSE total = 5.326904e-02 eV
Epoch 299: validation: MSE E = 6.288069e-02, MSE F = 1.596169e-05, MSE total = 6.289665e-02 eV
Learning rate changed to 0.004953625663766243
Epoch 300: training:   MSE E = 5.386974e-02, MSE F = 2.068089e-05, MSE total = 5.389042e-02 eV
Epoch 300: validation: MSE E = 7.628540e-02, MSE F = 1.663284e-05, MSE total = 7.630203e-02 eV
Learning rate changed to 0.00490408940712858
Epoch 301: training:   MSE E = 5.406427e-02, MSE F = 2.074175e-05, MSE total = 5.408501e-02 eV
Epoch 301: validation: MSE E = 7.150089e-02, MSE F = 2.745924e-05, MSE total = 7.152835e-02 eV
Learning rate changed to 0.004855048513057294
Epoch 302: training:   MSE E = 5.385322e-02, MSE F = 2.101426e-05, MSE total = 5.387424e-02 eV
Epoch 302: validation: MSE E = 6.229602e-02, MSE F = 1.589845e-05, MSE total = 6.231192e-02 eV
Learning rate changed to 0.004806498027926721
Epoch 303: training:   MSE E = 5.315058e-02, MSE F = 2.077169e-05, MSE total = 5.317135e-02 eV
Epoch 303: validation: MSE E = 6.812789e-02, MSE F = 1.645722e-05, MSE total = 6.814434e-02 eV
Learning rate changed to 0.004758433047647454
Epoch 304: training:   MSE E = 5.403080e-02, MSE F = 2.066292e-05, MSE total = 5.405147e-02 eV
Epoch 304: validation: MSE E = 6.675072e-02, MSE F = 1.657432e-05, MSE total = 6.676730e-02 eV
Learning rate changed to 0.004710848717170979
Epoch 305: training:   MSE E = 5.378775e-02, MSE F = 2.071349e-05, MSE total = 5.380846e-02 eV
Epoch 305: validation: MSE E = 8.932079e-02, MSE F = 1.590070e-05, MSE total = 8.933669e-02 eV
Learning rate changed to 0.004663740229999269
Epoch 306: training:   MSE E = 5.369057e-02, MSE F = 2.078747e-05, MSE total = 5.371137e-02 eV
Epoch 306: validation: MSE E = 9.585425e-02, MSE F = 2.689586e-05, MSE total = 9.588115e-02 eV
Learning rate changed to 0.004617102827699277
Epoch 307: training:   MSE E = 5.305386e-02, MSE F = 2.083280e-05, MSE total = 5.307470e-02 eV
Epoch 307: validation: MSE E = 6.413004e-02, MSE F = 1.663678e-05, MSE total = 6.414668e-02 eV
Learning rate changed to 0.004570931799422284
Epoch 308: training:   MSE E = 5.333316e-02, MSE F = 2.080484e-05, MSE total = 5.335396e-02 eV
Epoch 308: validation: MSE E = 6.271523e-02, MSE F = 1.601467e-05, MSE total = 6.273125e-02 eV
Learning rate changed to 0.004525222481428061
Epoch 309: training:   MSE E = 5.341096e-02, MSE F = 2.072919e-05, MSE total = 5.343169e-02 eV
Epoch 309: validation: MSE E = 8.332016e-02, MSE F = 1.580081e-05, MSE total = 8.333596e-02 eV
Learning rate changed to 0.00447997025661378
Epoch 310: training:   MSE E = 5.356957e-02, MSE F = 2.083487e-05, MSE total = 5.359041e-02 eV
Epoch 310: validation: MSE E = 8.393248e-02, MSE F = 1.554977e-05, MSE total = 8.394803e-02 eV
Learning rate changed to 0.004435170554047642
Epoch 311: training:   MSE E = 5.438626e-02, MSE F = 2.065858e-05, MSE total = 5.440691e-02 eV
Epoch 311: validation: MSE E = 6.355962e-02, MSE F = 1.617857e-05, MSE total = 6.357580e-02 eV
Learning rate changed to 0.004390818848507166
Epoch 312: training:   MSE E = 5.351133e-02, MSE F = 2.117228e-05, MSE total = 5.353250e-02 eV
Epoch 312: validation: MSE E = 7.812916e-02, MSE F = 1.628613e-05, MSE total = 7.814545e-02 eV
Learning rate changed to 0.004346910660022094
Epoch 313: training:   MSE E = 5.423699e-02, MSE F = 2.103639e-05, MSE total = 5.425803e-02 eV
Epoch 313: validation: MSE E = 6.448900e-02, MSE F = 1.620401e-05, MSE total = 6.450520e-02 eV
Learning rate changed to 0.004303441553421873
Epoch 314: training:   MSE E = 5.337819e-02, MSE F = 2.070125e-05, MSE total = 5.339889e-02 eV
Epoch 314: validation: MSE E = 7.816818e-02, MSE F = 1.700898e-05, MSE total = 7.818518e-02 eV
Learning rate changed to 0.004260407137887654
Epoch 315: training:   MSE E = 5.410070e-02, MSE F = 2.068000e-05, MSE total = 5.412138e-02 eV
Epoch 315: validation: MSE E = 6.505957e-02, MSE F = 1.606582e-05, MSE total = 6.507563e-02 eV
Learning rate changed to 0.004217803066508778
Epoch 316: training:   MSE E = 5.354636e-02, MSE F = 2.105953e-05, MSE total = 5.356742e-02 eV
Epoch 316: validation: MSE E = 7.845434e-02, MSE F = 1.605853e-05, MSE total = 7.847040e-02 eV
Learning rate changed to 0.00417562503584369
Epoch 317: training:   MSE E = 5.325792e-02, MSE F = 2.107083e-05, MSE total = 5.327898e-02 eV
Epoch 317: validation: MSE E = 6.139047e-02, MSE F = 1.562087e-05, MSE total = 6.140609e-02 eV
Learning rate changed to 0.004133868785485253
Epoch 318: training:   MSE E = 5.347326e-02, MSE F = 2.116990e-05, MSE total = 5.349444e-02 eV
Epoch 318: validation: MSE E = 6.241812e-02, MSE F = 1.647746e-05, MSE total = 6.243460e-02 eV
Learning rate changed to 0.004092530097630401
Epoch 319: training:   MSE E = 5.343173e-02, MSE F = 2.109168e-05, MSE total = 5.345281e-02 eV
Epoch 319: validation: MSE E = 6.467585e-02, MSE F = 1.607908e-05, MSE total = 6.469192e-02 eV
Learning rate changed to 0.004051604796654096
Epoch 320: training:   MSE E = 5.336428e-02, MSE F = 2.120593e-05, MSE total = 5.338550e-02 eV
Epoch 320: validation: MSE E = 6.332573e-02, MSE F = 1.652984e-05, MSE total = 6.334225e-02 eV
Learning rate changed to 0.004011088748687555
Epoch 321: training:   MSE E = 5.335012e-02, MSE F = 2.068703e-05, MSE total = 5.337080e-02 eV
Epoch 321: validation: MSE E = 6.267887e-02, MSE F = 1.618465e-05, MSE total = 6.269505e-02 eV
Learning rate changed to 0.003970977861200679
Epoch 322: training:   MSE E = 5.381878e-02, MSE F = 2.071686e-05, MSE total = 5.383949e-02 eV
Epoch 322: validation: MSE E = 7.657051e-02, MSE F = 1.625957e-05, MSE total = 7.658678e-02 eV
Learning rate changed to 0.003931268082588672
Epoch 323: training:   MSE E = 5.287606e-02, MSE F = 2.069576e-05, MSE total = 5.289676e-02 eV
Epoch 323: validation: MSE E = 8.977035e-02, MSE F = 1.547716e-05, MSE total = 8.978583e-02 eV
Learning rate changed to 0.0038919554017627853
Epoch 324: training:   MSE E = 5.308640e-02, MSE F = 2.067992e-05, MSE total = 5.310709e-02 eV
Epoch 324: validation: MSE E = 8.568749e-02, MSE F = 1.614193e-05, MSE total = 8.570363e-02 eV
Learning rate changed to 0.0038530358477451574
Epoch 325: training:   MSE E = 5.309862e-02, MSE F = 2.070958e-05, MSE total = 5.311931e-02 eV
Epoch 325: validation: MSE E = 8.303490e-02, MSE F = 1.554977e-05, MSE total = 8.305044e-02 eV
Learning rate changed to 0.003814505489267706
Epoch 326: training:   MSE E = 5.351491e-02, MSE F = 2.104429e-05, MSE total = 5.353596e-02 eV
Epoch 326: validation: MSE E = 6.183463e-02, MSE F = 1.979850e-05, MSE total = 6.185443e-02 eV
Learning rate changed to 0.003776360434375029
Epoch 327: training:   MSE E = 5.338037e-02, MSE F = 2.080130e-05, MSE total = 5.340117e-02 eV
Epoch 327: validation: MSE E = 9.098400e-02, MSE F = 1.533761e-05, MSE total = 9.099934e-02 eV
Learning rate changed to 0.0037385968300312784
Epoch 328: training:   MSE E = 5.327915e-02, MSE F = 2.074867e-05, MSE total = 5.329991e-02 eV
Epoch 328: validation: MSE E = 6.681750e-02, MSE F = 1.599319e-05, MSE total = 6.683350e-02 eV
Learning rate changed to 0.0037012108617309656
Epoch 329: training:   MSE E = 5.377172e-02, MSE F = 2.082037e-05, MSE total = 5.379254e-02 eV
Epoch 329: validation: MSE E = 6.346692e-02, MSE F = 1.682246e-05, MSE total = 6.348374e-02 eV
Learning rate changed to 0.003664198753113656
Epoch 330: training:   MSE E = 5.313848e-02, MSE F = 2.076790e-05, MSE total = 5.315924e-02 eV
Epoch 330: validation: MSE E = 6.118335e-02, MSE F = 1.601838e-05, MSE total = 6.119937e-02 eV
Learning rate changed to 0.0036275567655825194
Epoch 331: training:   MSE E = 5.351910e-02, MSE F = 2.074750e-05, MSE total = 5.353985e-02 eV
Epoch 331: validation: MSE E = 6.168040e-02, MSE F = 1.993875e-05, MSE total = 6.170034e-02 eV
Learning rate changed to 0.003591281197926694
Epoch 332: training:   MSE E = 5.364832e-02, MSE F = 2.111308e-05, MSE total = 5.366943e-02 eV
Epoch 332: validation: MSE E = 7.151714e-02, MSE F = 2.745924e-05, MSE total = 7.154460e-02 eV
Learning rate changed to 0.003555368385947427
Epoch 333: training:   MSE E = 5.362080e-02, MSE F = 2.070261e-05, MSE total = 5.364152e-02 eV
Epoch 333: validation: MSE E = 6.587950e-02, MSE F = 1.644195e-05, MSE total = 6.589594e-02 eV
Learning rate changed to 0.0035198147020879525
Epoch 334: training:   MSE E = 5.323477e-02, MSE F = 2.072668e-05, MSE total = 5.325550e-02 eV
Epoch 334: validation: MSE E = 9.000798e-02, MSE F = 1.538505e-05, MSE total = 9.002338e-02 eV
Learning rate changed to 0.003484616555067073
Epoch 335: training:   MSE E = 5.318793e-02, MSE F = 2.075743e-05, MSE total = 5.320868e-02 eV
Epoch 335: validation: MSE E = 6.304942e-02, MSE F = 1.670506e-05, MSE total = 6.306612e-02 eV
Learning rate changed to 0.003449770389516402
Epoch 336: training:   MSE E = 5.342695e-02, MSE F = 2.089773e-05, MSE total = 5.344784e-02 eV
Epoch 336: validation: MSE E = 6.372199e-02, MSE F = 1.682246e-05, MSE total = 6.373881e-02 eV
Learning rate changed to 0.003415272685621238
Epoch 337: training:   MSE E = 5.389868e-02, MSE F = 2.070157e-05, MSE total = 5.391938e-02 eV
Epoch 337: validation: MSE E = 6.460214e-02, MSE F = 1.651939e-05, MSE total = 6.461866e-02 eV
Learning rate changed to 0.003381119958765026
Epoch 338: training:   MSE E = 5.310963e-02, MSE F = 2.066847e-05, MSE total = 5.313031e-02 eV
Epoch 338: validation: MSE E = 6.985398e-02, MSE F = 2.743268e-05, MSE total = 6.988141e-02 eV
Learning rate changed to 0.0033473087591773757
Epoch 339: training:   MSE E = 5.383204e-02, MSE F = 2.101639e-05, MSE total = 5.385306e-02 eV
Epoch 339: validation: MSE E = 8.232351e-02, MSE F = 1.580081e-05, MSE total = 8.233930e-02 eV
Learning rate changed to 0.003313835671585602
Epoch 340: training:   MSE E = 5.326260e-02, MSE F = 2.072851e-05, MSE total = 5.328333e-02 eV
Epoch 340: validation: MSE E = 8.801677e-02, MSE F = 1.524420e-05, MSE total = 8.803201e-02 eV
Learning rate changed to 0.003280697314869746
Epoch 341: training:   MSE E = 5.310999e-02, MSE F = 2.077859e-05, MSE total = 5.313078e-02 eV
Epoch 341: validation: MSE E = 7.220847e-02, MSE F = 2.780036e-05, MSE total = 7.223626e-02 eV
Learning rate changed to 0.003247890341721049
Epoch 342: training:   MSE E = 5.335845e-02, MSE F = 2.073306e-05, MSE total = 5.337918e-02 eV
Epoch 342: validation: MSE E = 6.390585e-02, MSE F = 1.587280e-05, MSE total = 6.392171e-02 eV
Learning rate changed to 0.003215411438303838
Epoch 343: training:   MSE E = 5.505206e-02, MSE F = 2.064236e-05, MSE total = 5.507271e-02 eV
Epoch 343: validation: MSE E = 6.401964e-02, MSE F = 1.667850e-05, MSE total = 6.403631e-02 eV
Learning rate changed to 0.0031832573239207996
Epoch 344: training:   MSE E = 5.305373e-02, MSE F = 2.079509e-05, MSE total = 5.307452e-02 eV
Epoch 344: validation: MSE E = 9.258622e-02, MSE F = 1.547785e-05, MSE total = 9.260171e-02 eV
Learning rate changed to 0.0031514247506815914
Epoch 345: training:   MSE E = 5.462163e-02, MSE F = 2.107630e-05, MSE total = 5.464269e-02 eV
Epoch 345: validation: MSE E = 6.426046e-02, MSE F = 1.682246e-05, MSE total = 6.427728e-02 eV
Learning rate changed to 0.0031199105031747753
Epoch 346: training:   MSE E = 5.337925e-02, MSE F = 2.067041e-05, MSE total = 5.339992e-02 eV
Epoch 346: validation: MSE E = 9.555122e-02, MSE F = 1.596330e-05, MSE total = 9.556719e-02 eV
Learning rate changed to 0.0030887113981430277
Epoch 347: training:   MSE E = 5.307980e-02, MSE F = 2.068531e-05, MSE total = 5.310048e-02 eV
Epoch 347: validation: MSE E = 6.466393e-02, MSE F = 1.587260e-05, MSE total = 6.467980e-02 eV
Learning rate changed to 0.0030578242841615972
Epoch 348: training:   MSE E = 5.353748e-02, MSE F = 2.121588e-05, MSE total = 5.355869e-02 eV
Epoch 348: validation: MSE E = 6.345055e-02, MSE F = 1.562087e-05, MSE total = 6.346616e-02 eV
Learning rate changed to 0.0030272460413199812
Epoch 349: training:   MSE E = 5.318031e-02, MSE F = 2.072916e-05, MSE total = 5.320105e-02 eV
Epoch 349: validation: MSE E = 9.174520e-02, MSE F = 1.531243e-05, MSE total = 9.176051e-02 eV
Learning rate changed to 0.0029969735809067814
Epoch 350: training:   MSE E = 5.498785e-02, MSE F = 2.067050e-05, MSE total = 5.500852e-02 eV
Epoch 350: validation: MSE E = 6.591629e-02, MSE F = 1.587259e-05, MSE total = 6.593215e-02 eV
Learning rate changed to 0.0029670038450977138
Epoch 351: training:   MSE E = 5.323144e-02, MSE F = 2.076815e-05, MSE total = 5.325220e-02 eV
Epoch 351: validation: MSE E = 6.234341e-02, MSE F = 1.584353e-05, MSE total = 6.235926e-02 eV
Learning rate changed to 0.0029373338066467367
Epoch 352: training:   MSE E = 5.373629e-02, MSE F = 2.088087e-05, MSE total = 5.375717e-02 eV
Epoch 352: validation: MSE E = 6.534052e-02, MSE F = 1.569737e-05, MSE total = 6.535622e-02 eV
Learning rate changed to 0.0029079604685802694
Epoch 353: training:   MSE E = 5.304987e-02, MSE F = 2.081200e-05, MSE total = 5.307068e-02 eV
Epoch 353: validation: MSE E = 6.244999e-02, MSE F = 1.580847e-05, MSE total = 6.246579e-02 eV
Learning rate changed to 0.0028788808638944667
Epoch 354: training:   MSE E = 5.368660e-02, MSE F = 2.082393e-05, MSE total = 5.370743e-02 eV
Epoch 354: validation: MSE E = 6.323110e-02, MSE F = 1.673456e-05, MSE total = 6.324783e-02 eV
Learning rate changed to 0.002850092055255522
Epoch 355: training:   MSE E = 5.316479e-02, MSE F = 2.079954e-05, MSE total = 5.318559e-02 eV
Epoch 355: validation: MSE E = 7.097349e-02, MSE F = 2.737682e-05, MSE total = 7.100087e-02 eV
Learning rate changed to 0.002821591134702967
Epoch 356: training:   MSE E = 5.307484e-02, MSE F = 2.071102e-05, MSE total = 5.309556e-02 eV
Epoch 356: validation: MSE E = 6.347264e-02, MSE F = 1.567338e-05, MSE total = 6.348831e-02 eV
Learning rate changed to 0.0027933752233559373
Epoch 357: training:   MSE E = 5.289815e-02, MSE F = 2.070760e-05, MSE total = 5.291886e-02 eV
Epoch 357: validation: MSE E = 6.386290e-02, MSE F = 1.648240e-05, MSE total = 6.387939e-02 eV
Learning rate changed to 0.002765441471122378
Epoch 358: training:   MSE E = 5.325138e-02, MSE F = 2.097993e-05, MSE total = 5.327236e-02 eV
Epoch 358: validation: MSE E = 7.168676e-02, MSE F = 2.721140e-05, MSE total = 7.171398e-02 eV
Learning rate changed to 0.002737787056411154
Epoch 359: training:   MSE E = 5.344316e-02, MSE F = 2.078670e-05, MSE total = 5.346395e-02 eV
Epoch 359: validation: MSE E = 6.203327e-02, MSE F = 1.624103e-05, MSE total = 6.204950e-02 eV
Learning rate changed to 0.0027104091858470426
Epoch 360: training:   MSE E = 5.294783e-02, MSE F = 2.074724e-05, MSE total = 5.296857e-02 eV
Epoch 360: validation: MSE E = 6.383482e-02, MSE F = 1.564994e-05, MSE total = 6.385048e-02 eV
Learning rate changed to 0.002683305093988572
Epoch 361: training:   MSE E = 5.336823e-02, MSE F = 2.080659e-05, MSE total = 5.338904e-02 eV
Epoch 361: validation: MSE E = 7.098714e-02, MSE F = 2.737682e-05, MSE total = 7.101452e-02 eV
Learning rate changed to 0.0026564720430486866
Epoch 362: training:   MSE E = 5.306296e-02, MSE F = 2.070376e-05, MSE total = 5.308366e-02 eV
Epoch 362: validation: MSE E = 6.246014e-02, MSE F = 1.985921e-05, MSE total = 6.248000e-02 eV
Learning rate changed to 0.0026299073226182
Epoch 363: training:   MSE E = 5.338522e-02, MSE F = 2.079266e-05, MSE total = 5.340602e-02 eV
Epoch 363: validation: MSE E = 9.173282e-02, MSE F = 1.547716e-05, MSE total = 9.174830e-02 eV
Learning rate changed to 0.0026036082493920178
Epoch 364: training:   MSE E = 5.329511e-02, MSE F = 2.087505e-05, MSE total = 5.331598e-02 eV
Epoch 364: validation: MSE E = 6.400698e-02, MSE F = 1.646476e-05, MSE total = 6.402344e-02 eV
Learning rate changed to 0.0025775721668980975
Epoch 365: training:   MSE E = 5.330854e-02, MSE F = 2.068305e-05, MSE total = 5.332922e-02 eV
Epoch 365: validation: MSE E = 6.570916e-02, MSE F = 1.711762e-05, MSE total = 6.572627e-02 eV
Learning rate changed to 0.0025517964452291164
Epoch 366: training:   MSE E = 5.341990e-02, MSE F = 2.069112e-05, MSE total = 5.344060e-02 eV
Epoch 366: validation: MSE E = 6.418457e-02, MSE F = 1.581362e-05, MSE total = 6.420039e-02 eV
Learning rate changed to 0.0025262784807768253
Epoch 367: training:   MSE E = 5.335813e-02, MSE F = 2.074911e-05, MSE total = 5.337887e-02 eV
Epoch 367: validation: MSE E = 6.473056e-02, MSE F = 1.566831e-05, MSE total = 6.474622e-02 eV
Learning rate changed to 0.0025010156959690572
Epoch 368: training:   MSE E = 5.332882e-02, MSE F = 2.075952e-05, MSE total = 5.334958e-02 eV
Epoch 368: validation: MSE E = 6.389688e-02, MSE F = 1.587580e-05, MSE total = 6.391275e-02 eV
Learning rate changed to 0.0024760055390093665
Epoch 369: training:   MSE E = 5.337336e-02, MSE F = 2.076412e-05, MSE total = 5.339412e-02 eV
Epoch 369: validation: MSE E = 6.501248e-02, MSE F = 1.686051e-05, MSE total = 6.502933e-02 eV
Learning rate changed to 0.002451245483619273
Epoch 370: training:   MSE E = 5.303769e-02, MSE F = 2.072108e-05, MSE total = 5.305841e-02 eV
Epoch 370: validation: MSE E = 7.649383e-02, MSE F = 1.634106e-05, MSE total = 7.651018e-02 eV
Learning rate changed to 0.0024267330287830804
Epoch 371: training:   MSE E = 5.400137e-02, MSE F = 2.072815e-05, MSE total = 5.402210e-02 eV
Epoch 371: validation: MSE E = 6.336148e-02, MSE F = 1.970579e-05, MSE total = 6.338119e-02 eV
Learning rate changed to 0.00240246569849525
Epoch 372: training:   MSE E = 5.318832e-02, MSE F = 2.075359e-05, MSE total = 5.320907e-02 eV
Epoch 372: validation: MSE E = 6.473344e-02, MSE F = 1.630179e-05, MSE total = 6.474973e-02 eV
Learning rate changed to 0.002378441041510297
Epoch 373: training:   MSE E = 5.314188e-02, MSE F = 2.109629e-05, MSE total = 5.316297e-02 eV
Epoch 373: validation: MSE E = 6.317242e-02, MSE F = 1.596169e-05, MSE total = 6.318838e-02 eV
Learning rate changed to 0.002354656631095194
Epoch 374: training:   MSE E = 5.305399e-02, MSE F = 2.104924e-05, MSE total = 5.307504e-02 eV
Epoch 374: validation: MSE E = 6.458196e-02, MSE F = 1.587280e-05, MSE total = 6.459784e-02 eV
Learning rate changed to 0.002331110064784242
Epoch 375: training:   MSE E = 5.293151e-02, MSE F = 2.092918e-05, MSE total = 5.295245e-02 eV
Epoch 375: validation: MSE E = 9.011447e-02, MSE F = 1.561520e-05, MSE total = 9.013008e-02 eV
Learning rate changed to 0.0023077989641364
Epoch 376: training:   MSE E = 5.303207e-02, MSE F = 2.073948e-05, MSE total = 5.305281e-02 eV
Epoch 376: validation: MSE E = 6.427444e-02, MSE F = 1.651959e-05, MSE total = 6.429096e-02 eV
Learning rate changed to 0.002284720974495036
Epoch 377: training:   MSE E = 5.319264e-02, MSE F = 2.074476e-05, MSE total = 5.321339e-02 eV
Epoch 377: validation: MSE E = 8.400420e-02, MSE F = 1.571840e-05, MSE total = 8.401992e-02 eV
Learning rate changed to 0.0022618737647500855
Epoch 378: training:   MSE E = 5.508532e-02, MSE F = 2.093098e-05, MSE total = 5.510626e-02 eV
Epoch 378: validation: MSE E = 6.599555e-02, MSE F = 1.644195e-05, MSE total = 6.601199e-02 eV
Learning rate changed to 0.002239255027102585
Epoch 379: training:   MSE E = 5.326918e-02, MSE F = 2.072742e-05, MSE total = 5.328991e-02 eV
Epoch 379: validation: MSE E = 1.108189e-01, MSE F = 1.523674e-05, MSE total = 1.108341e-01 eV
Learning rate changed to 0.002216862476831559
Epoch 380: training:   MSE E = 5.307314e-02, MSE F = 2.072287e-05, MSE total = 5.309387e-02 eV
Epoch 380: validation: MSE E = 6.425189e-02, MSE F = 2.041690e-05, MSE total = 6.427231e-02 eV
Learning rate changed to 0.0021946938520632435
Epoch 381: training:   MSE E = 5.308946e-02, MSE F = 2.068579e-05, MSE total = 5.311015e-02 eV
Epoch 381: validation: MSE E = 6.458286e-02, MSE F = 1.627154e-05, MSE total = 6.459913e-02 eV
Learning rate changed to 0.002172746913542611
Epoch 382: training:   MSE E = 5.275217e-02, MSE F = 2.072877e-05, MSE total = 5.277290e-02 eV
Epoch 382: validation: MSE E = 6.341229e-02, MSE F = 1.598999e-05, MSE total = 6.342828e-02 eV
Learning rate changed to 0.0021510194444071848
Epoch 383: training:   MSE E = 5.348644e-02, MSE F = 2.080023e-05, MSE total = 5.350725e-02 eV
Epoch 383: validation: MSE E = 9.018003e-02, MSE F = 1.614099e-05, MSE total = 9.019618e-02 eV
Learning rate changed to 0.002129509249963113
Epoch 384: training:   MSE E = 5.390124e-02, MSE F = 2.073267e-05, MSE total = 5.392197e-02 eV
Epoch 384: validation: MSE E = 7.027597e-02, MSE F = 2.714387e-05, MSE total = 7.030310e-02 eV
Learning rate changed to 0.002108214157463482
Epoch 385: training:   MSE E = 5.279358e-02, MSE F = 2.075203e-05, MSE total = 5.281434e-02 eV
Epoch 385: validation: MSE E = 6.376330e-02, MSE F = 1.594842e-05, MSE total = 6.377925e-02 eV
Learning rate changed to 0.0020871320158888473
Epoch 386: training:   MSE E = 5.346910e-02, MSE F = 2.074559e-05, MSE total = 5.348985e-02 eV
Epoch 386: validation: MSE E = 6.234648e-02, MSE F = 1.985921e-05, MSE total = 6.236634e-02 eV
Learning rate changed to 0.0020662606957299588
Epoch 387: training:   MSE E = 5.438127e-02, MSE F = 2.074241e-05, MSE total = 5.440202e-02 eV
Epoch 387: validation: MSE E = 6.379644e-02, MSE F = 1.599320e-05, MSE total = 6.381243e-02 eV
Learning rate changed to 0.002045598088772659
Epoch 388: training:   MSE E = 5.324903e-02, MSE F = 2.067347e-05, MSE total = 5.326971e-02 eV
Epoch 388: validation: MSE E = 7.894883e-02, MSE F = 1.677966e-05, MSE total = 7.896560e-02 eV
Learning rate changed to 0.0020251421078849325
Epoch 389: training:   MSE E = 5.293683e-02, MSE F = 2.070770e-05, MSE total = 5.295755e-02 eV
Epoch 389: validation: MSE E = 8.244271e-02, MSE F = 1.585574e-05, MSE total = 8.245857e-02 eV
Learning rate changed to 0.002004890686806083
Epoch 390: training:   MSE E = 5.303382e-02, MSE F = 2.074891e-05, MSE total = 5.305457e-02 eV
Epoch 390: validation: MSE E = 7.729901e-02, MSE F = 1.600602e-05, MSE total = 7.731502e-02 eV
Learning rate changed to 0.001984841779938022
Epoch 391: training:   MSE E = 5.327357e-02, MSE F = 2.120205e-05, MSE total = 5.329477e-02 eV
Epoch 391: validation: MSE E = 6.525060e-02, MSE F = 1.710080e-05, MSE total = 6.526770e-02 eV
Learning rate changed to 0.0019649933621386415
Epoch 392: training:   MSE E = 5.347765e-02, MSE F = 2.081969e-05, MSE total = 5.349847e-02 eV
Epoch 392: validation: MSE E = 7.649782e-02, MSE F = 2.018365e-05, MSE total = 7.651801e-02 eV
Learning rate changed to 0.001945343428517255
Epoch 393: training:   MSE E = 5.304554e-02, MSE F = 2.081534e-05, MSE total = 5.306636e-02 eV
Epoch 393: validation: MSE E = 8.297051e-02, MSE F = 1.552069e-05, MSE total = 8.298603e-02 eV
Learning rate changed to 0.0019258899942320826
Epoch 394: training:   MSE E = 5.352400e-02, MSE F = 2.074938e-05, MSE total = 5.354475e-02 eV
Epoch 394: validation: MSE E = 6.421824e-02, MSE F = 2.041690e-05, MSE total = 6.423865e-02 eV
Learning rate changed to 0.0019066310942897618
Epoch 395: training:   MSE E = 5.327395e-02, MSE F = 2.080662e-05, MSE total = 5.329476e-02 eV
Epoch 395: validation: MSE E = 8.954450e-02, MSE F = 1.556027e-05, MSE total = 8.956005e-02 eV
Learning rate changed to 0.0018875647833468641
Epoch 396: training:   MSE E = 5.323362e-02, MSE F = 2.087678e-05, MSE total = 5.325450e-02 eV
Epoch 396: validation: MSE E = 8.966731e-02, MSE F = 1.553371e-05, MSE total = 8.968284e-02 eV
Learning rate changed to 0.0018686891355133954
Epoch 397: training:   MSE E = 5.389073e-02, MSE F = 2.088401e-05, MSE total = 5.391163e-02 eV
Epoch 397: validation: MSE E = 6.454402e-02, MSE F = 1.562475e-05, MSE total = 6.455964e-02 eV
Learning rate changed to 0.0018500022441582614
Epoch 398: training:   MSE E = 5.304186e-02, MSE F = 2.085122e-05, MSE total = 5.306271e-02 eV
Epoch 398: validation: MSE E = 9.054878e-02, MSE F = 1.530853e-05, MSE total = 9.056409e-02 eV
Learning rate changed to 0.0018315022217166787
Epoch 399: training:   MSE E = 5.429688e-02, MSE F = 2.071008e-05, MSE total = 5.431760e-02 eV
Epoch 399: validation: MSE E = 6.319112e-02, MSE F = 1.564631e-05, MSE total = 6.320676e-02 eV
Learning rate changed to 0.001813187199499512
Epoch 400: training:   MSE E = 5.397001e-02, MSE F = 2.066137e-05, MSE total = 5.399067e-02 eV
Epoch 400: validation: MSE E = 6.465879e-02, MSE F = 1.659060e-05, MSE total = 6.467538e-02 eV
Learning rate changed to 0.0017950553275045168
Testing: MSE E = 3.559778e-02, MSE F = 3.605068e-05, MSE total = 3.563382e-02 eV
